<?xml version="1.0" encoding="UTF-8"?>
<testsuites name="TS_Job_PayGrades" time="80.792" tests="1" failures="0" errors="0">
   <testsuite name="TS_Job_PayGrades" tests="1" failures="0" errors="0" time="80.792" skipped="0" timestamp="15-04-2024T13:55:46" hostname="1556 - LAPTOP-PT885S91" id="Test Suites/TS_MenuAdmin/F_Job/TS_Job_PayGrades">
      <properties>
         <property name="deviceName" value=""/>
         <property name="devicePlatform" value=""/>
         <property name="logFolder" value="C:\\Users\\1556\\git\\My-First-Web-UI-Project\\Reports\\20240415_135505\\TS_MenuAdmin\\F_Job\\TS_Job_PayGrades\\20240415_135506"/>
         <property name="logFiles" value="C:\\Users\\1556\\git\\My-First-Web-UI-Project\\Reports\\20240415_135505\\TS_MenuAdmin\\F_Job\\TS_Job_PayGrades\\20240415_135506\\execution0.log"/>
         <property name="attachments" value="keyes\keyes-Before Login.png, keyes\keyes-After Login.png"/>
         <property name="hostName" value="1556 - LAPTOP-PT885S91"/>
         <property name="os" value="Windows 11 64bit"/>
         <property name="katalonVersion" value="9.3.2.212"/>
         <property name="browser" value="Chrome 123.0.0.0"/>
         <property name="hostAddress" value="192.168.10.35"/>
         <property name="sessionId" value="79f87b273444591b914be4bc41f09a87"/>
         <property name="seleniumVersion" value="3.141.59"/>
         <property name="proxyInformation" value="ProxyInformation { proxyOption=NO_PROXY, proxyServerType=HTTP, username=, password=********, proxyServerAddress=, proxyServerPort=0, executionList=&quot;&quot;, isApplyToDesiredCapabilities=true }"/>
         <property name="platform" value="Windows 11"/>
      </properties>
      <testcase name="Test Cases/Menu_Admin/Navigate_Job_PayGrades" time="80.513" classname="Test Cases/Menu_Admin/Navigate_Job_PayGrades" status="PASSED">
         <system-out><![CDATA[15-04-2024T13:55:47 - [TEST_CASE][PASSED] - Test Cases/Menu_Admin/Navigate_Job_PayGrades: Test Cases/Menu_Admin/Navigate_Job_PayGrades

15-04-2024T13:55:47 - [TEST_STEP][PASSED] - callTestCase(findTestCase("Login/Login_Success"), [:], STOP_ON_FAILURE): Call Test Case 'Test Cases/Login/Login_Success' successfully

15-04-2024T13:55:47 - [TEST_CASE][PASSED] - Test Cases/Login/Login_Success: Test Cases/Login/Login_Success

15-04-2024T13:55:48 - [TEST_STEP][PASSED] - openBrowser(""): Browser is opened with url: ''

15-04-2024T13:55:48 - [MESSAGE][INFO] - Starting 'Chrome' driver

15-04-2024T13:55:48 - [MESSAGE][INFO] - User set preference: ['args', '[--start-maximized]']

15-04-2024T13:55:48 - [MESSAGE][INFO] - Action delay is set to 1,000 milliseconds

15-04-2024T13:55:51 - [MESSAGE][PASSED] - Browser is opened with url: ''

15-04-2024T13:55:51 - [TEST_STEP][PASSED] - navigateToUrl(url_login): Navigate to 'https://opensource-demo.orangehrmlive.com/web/index.php/auth/login' successfully

15-04-2024T13:56:25 - [MESSAGE][PASSED] - Navigate to 'https://opensource-demo.orangehrmlive.com/web/index.php/auth/login' successfully

15-04-2024T13:56:25 - [TEST_STEP][PASSED] - delay(3): Delayed 3 second(s)

15-04-2024T13:56:28 - [MESSAGE][PASSED] - Delayed 3 second(s)

15-04-2024T13:56:28 - [TEST_STEP][PASSED] - takeScreenshotAsCheckpoint("Before Login"): Taking screenshot successfully

15-04-2024T13:56:32 - [MESSAGE][INFO] - 0 hidden object(s)

15-04-2024T13:56:32 - [MESSAGE][PASSED] - Taking screenshot successfully
[[ATTACHMENT|keyes\keyes-Before Login.png]]

15-04-2024T13:56:32 - [TEST_STEP][PASSED] - setText(findTestObject("field_username"), valid_username): Text 'Admin' is set on object 'Object Repository/field_username'

15-04-2024T13:56:37 - [MESSAGE][PASSED] - Text 'Admin' is set on object 'Object Repository/field_username'

15-04-2024T13:56:37 - [TEST_STEP][PASSED] - setText(findTestObject("field_password"), valid_password): Text 'admin123' is set on object 'Object Repository/field_password'

15-04-2024T13:56:42 - [MESSAGE][PASSED] - Text 'admin123' is set on object 'Object Repository/field_password'

15-04-2024T13:56:42 - [TEST_STEP][PASSED] - click(findTestObject("btn_login")): Object: 'Object Repository/btn_login' is clicked on

15-04-2024T13:56:46 - [MESSAGE][PASSED] - Object: 'Object Repository/btn_login' is clicked on

15-04-2024T13:56:46 - [TEST_STEP][PASSED] - delay(5): Delayed 5 second(s)

15-04-2024T13:56:51 - [MESSAGE][PASSED] - Delayed 5 second(s)

15-04-2024T13:56:51 - [TEST_STEP][PASSED] - takeScreenshotAsCheckpoint("After Login"): Taking screenshot successfully

15-04-2024T13:56:52 - [MESSAGE][INFO] - 0 hidden object(s)

15-04-2024T13:56:52 - [MESSAGE][PASSED] - Taking screenshot successfully
[[ATTACHMENT|keyes\keyes-After Login.png]]

15-04-2024T13:56:52 - [MESSAGE][PASSED] - Call Test Case 'Test Cases/Login/Login_Success' successfully

15-04-2024T13:56:52 - [TEST_STEP][PASSED] - delay(3): Delayed 3 second(s)

15-04-2024T13:56:55 - [MESSAGE][PASSED] - Delayed 3 second(s)

15-04-2024T13:56:55 - [TEST_STEP][PASSED] - click(findTestObject("F_Menu_Admin/menu_admin")): Object: 'Object Repository/F_Menu_Admin/menu_admin' is clicked on

15-04-2024T13:56:57 - [MESSAGE][PASSED] - Object: 'Object Repository/F_Menu_Admin/menu_admin' is clicked on

15-04-2024T13:56:57 - [TEST_STEP][PASSED] - click(findTestObject("F_Menu_Admin/F_Job/tab_job")): Object: 'Object Repository/F_Menu_Admin/F_Job/tab_job' is clicked on

15-04-2024T13:57:00 - [MESSAGE][PASSED] - Object: 'Object Repository/F_Menu_Admin/F_Job/tab_job' is clicked on

15-04-2024T13:57:00 - [TEST_STEP][PASSED] - click(findTestObject("F_Menu_Admin/F_Job/select_payGrades")): Object: 'Object Repository/F_Menu_Admin/F_Job/select_payGrades' is clicked on

15-04-2024T13:57:03 - [MESSAGE][PASSED] - Object: 'Object Repository/F_Menu_Admin/F_Job/select_payGrades' is clicked on

15-04-2024T13:57:03 - [TEST_STEP][PASSED] - verifyElementText(findTestObject("F_Menu_Admin/title_menu"), "Pay Grades"): Actual text and expected text of test object 'Object Repository/F_Menu_Admin/title_menu' are matched.

15-04-2024T13:57:04 - [MESSAGE][PASSED] - Actual text and expected text of test object 'Object Repository/F_Menu_Admin/title_menu' are matched.

15-04-2024T13:57:04 - [TEST_STEP][PASSED] - delay(3): Delayed 3 second(s)

15-04-2024T13:57:07 - [MESSAGE][PASSED] - Delayed 3 second(s)]]></system-out>
         <system-err><![CDATA[]]></system-err>
      </testcase>
      <system-out><![CDATA[15-04-2024T13:55:46 - [TEST_SUITE][PASSED] - TS_Job_PayGrades: Test Cases/Menu_Admin/Navigate_Job_PayGrades]]></system-out>
      <system-err><![CDATA[]]></system-err>
   </testsuite>
</testsuites>
