<?xml version="1.0" encoding="UTF-8"?>
<testsuites name="TS_MenuPIMs" time="182.126" tests="4" failures="0" errors="0">
   <testsuite name="TS_MenuPIMs" tests="4" failures="0" errors="0" time="182.126" skipped="0" timestamp="15-04-2024T17:12:29" hostname="1556 - LAPTOP-PT885S91" id="Test Suites/TS_MenuPIM/TS_MenuPIMs">
      <properties>
         <property name="deviceName" value=""/>
         <property name="devicePlatform" value=""/>
         <property name="logFolder" value="C:\\Users\\1556\\git\\My-First-Web-UI-Project\\Reports\\20240415_171218\\TS_MenuPIM\\TS_MenuPIMs\\20240415_171218"/>
         <property name="logFiles" value="C:\\Users\\1556\\git\\My-First-Web-UI-Project\\Reports\\20240415_171218\\TS_MenuPIM\\TS_MenuPIMs\\20240415_171218\\execution0.log"/>
         <property name="attachments" value="keyes\keyes-Before Login.png, keyes\keyes-After Login.png, keyes\keyes-Before Login.png, keyes\keyes-After Login.png, keyes\keyes-Before Login.png, keyes\keyes-After Login.png, keyes\keyes-Before Login.png, keyes\keyes-After Login.png"/>
         <property name="hostName" value="1556 - LAPTOP-PT885S91"/>
         <property name="os" value="Windows 11 64bit"/>
         <property name="katalonVersion" value="9.3.2.212"/>
         <property name="browser" value="Chrome 123.0.0.0"/>
         <property name="hostAddress" value="192.168.10.35"/>
         <property name="sessionId" value="a7dbf43431d6f487165027abdee6b72d"/>
         <property name="seleniumVersion" value="3.141.59"/>
         <property name="proxyInformation" value="ProxyInformation { proxyOption=NO_PROXY, proxyServerType=HTTP, username=, password=********, proxyServerAddress=, proxyServerPort=0, executionList=&quot;&quot;, isApplyToDesiredCapabilities=true }"/>
         <property name="platform" value="Windows 11"/>
      </properties>
      <testcase name="Test Cases/Menu_PIM/Navigate_PIM_AddEmployee" time="49.702" classname="Test Cases/Menu_PIM/Navigate_PIM_AddEmployee" status="PASSED">
         <system-out><![CDATA[15-04-2024T17:12:30 - [TEST_CASE][PASSED] - Test Cases/Menu_PIM/Navigate_PIM_AddEmployee: Test Cases/Menu_PIM/Navigate_PIM_AddEmployee

15-04-2024T17:12:30 - [TEST_STEP][PASSED] - callTestCase(findTestCase("Login/Login_Success"), [:], STOP_ON_FAILURE): Call Test Case 'Test Cases/Login/Login_Success' successfully

15-04-2024T17:12:31 - [TEST_CASE][PASSED] - Test Cases/Login/Login_Success: Test Cases/Login/Login_Success

15-04-2024T17:12:31 - [TEST_STEP][PASSED] - openBrowser(""): Browser is opened with url: ''

15-04-2024T17:12:31 - [MESSAGE][INFO] - Starting 'Chrome' driver

15-04-2024T17:12:31 - [MESSAGE][INFO] - User set preference: ['args', '[--start-maximized]']

15-04-2024T17:12:31 - [MESSAGE][INFO] - Action delay is set to 1,000 milliseconds

15-04-2024T17:12:34 - [MESSAGE][PASSED] - Browser is opened with url: ''

15-04-2024T17:12:34 - [TEST_STEP][PASSED] - navigateToUrl(url_login): Navigate to 'https://opensource-demo.orangehrmlive.com/web/index.php/auth/login' successfully

15-04-2024T17:12:48 - [MESSAGE][PASSED] - Navigate to 'https://opensource-demo.orangehrmlive.com/web/index.php/auth/login' successfully

15-04-2024T17:12:48 - [TEST_STEP][PASSED] - delay(3): Delayed 3 second(s)

15-04-2024T17:12:51 - [MESSAGE][PASSED] - Delayed 3 second(s)

15-04-2024T17:12:51 - [TEST_STEP][PASSED] - takeScreenshotAsCheckpoint("Before Login"): Taking screenshot successfully

15-04-2024T17:12:52 - [MESSAGE][INFO] - 0 hidden object(s)

15-04-2024T17:12:52 - [MESSAGE][PASSED] - Taking screenshot successfully
[[ATTACHMENT|keyes\keyes-Before Login.png]]

15-04-2024T17:12:52 - [TEST_STEP][PASSED] - setText(findTestObject("field_username"), valid_username): Text 'Admin' is set on object 'Object Repository/field_username'

15-04-2024T17:12:55 - [MESSAGE][PASSED] - Text 'Admin' is set on object 'Object Repository/field_username'

15-04-2024T17:12:55 - [TEST_STEP][PASSED] - setText(findTestObject("field_password"), valid_password): Text 'admin123' is set on object 'Object Repository/field_password'

15-04-2024T17:12:58 - [MESSAGE][PASSED] - Text 'admin123' is set on object 'Object Repository/field_password'

15-04-2024T17:12:58 - [TEST_STEP][PASSED] - click(findTestObject("btn_login")): Object: 'Object Repository/btn_login' is clicked on

15-04-2024T17:13:01 - [MESSAGE][PASSED] - Object: 'Object Repository/btn_login' is clicked on

15-04-2024T17:13:01 - [TEST_STEP][PASSED] - delay(5): Delayed 5 second(s)

15-04-2024T17:13:06 - [MESSAGE][PASSED] - Delayed 5 second(s)

15-04-2024T17:13:06 - [TEST_STEP][PASSED] - takeScreenshotAsCheckpoint("After Login"): Taking screenshot successfully

15-04-2024T17:13:06 - [MESSAGE][INFO] - 0 hidden object(s)

15-04-2024T17:13:07 - [MESSAGE][PASSED] - Taking screenshot successfully
[[ATTACHMENT|keyes\keyes-After Login.png]]

15-04-2024T17:13:07 - [MESSAGE][PASSED] - Call Test Case 'Test Cases/Login/Login_Success' successfully

15-04-2024T17:13:07 - [TEST_STEP][PASSED] - delay(3): Delayed 3 second(s)

15-04-2024T17:13:10 - [MESSAGE][PASSED] - Delayed 3 second(s)

15-04-2024T17:13:10 - [TEST_STEP][PASSED] - click(findTestObject("F_Menu_PIM/menu_pim")): Object: 'Object Repository/F_Menu_PIM/menu_pim' is clicked on

15-04-2024T17:13:12 - [MESSAGE][PASSED] - Object: 'Object Repository/F_Menu_PIM/menu_pim' is clicked on

15-04-2024T17:13:12 - [TEST_STEP][PASSED] - click(findTestObject("F_Menu_PIM/tab_addEmployee")): Object: 'Object Repository/F_Menu_PIM/tab_addEmployee' is clicked on

15-04-2024T17:13:15 - [MESSAGE][PASSED] - Object: 'Object Repository/F_Menu_PIM/tab_addEmployee' is clicked on

15-04-2024T17:13:15 - [TEST_STEP][PASSED] - verifyElementText(findTestObject("F_Menu_Admin/title_menu"), "Add Employee"): Actual text and expected text of test object 'Object Repository/F_Menu_Admin/title_menu' are matched.

15-04-2024T17:13:16 - [MESSAGE][PASSED] - Actual text and expected text of test object 'Object Repository/F_Menu_Admin/title_menu' are matched.

15-04-2024T17:13:16 - [TEST_STEP][PASSED] - delay(3): Delayed 3 second(s)

15-04-2024T17:13:19 - [MESSAGE][PASSED] - Delayed 3 second(s)]]></system-out>
         <system-err><![CDATA[]]></system-err>
      </testcase>
      <testcase name="Test Cases/Menu_PIM/Navigate_PIM_EmployeeList" time="44.485" classname="Test Cases/Menu_PIM/Navigate_PIM_EmployeeList" status="PASSED">
         <system-out><![CDATA[15-04-2024T17:13:20 - [TEST_CASE][PASSED] - Test Cases/Menu_PIM/Navigate_PIM_EmployeeList: Test Cases/Menu_PIM/Navigate_PIM_EmployeeList

15-04-2024T17:13:20 - [TEST_STEP][PASSED] - callTestCase(findTestCase("Login/Login_Success"), [:], STOP_ON_FAILURE): Call Test Case 'Test Cases/Login/Login_Success' successfully

15-04-2024T17:13:20 - [TEST_CASE][PASSED] - Test Cases/Login/Login_Success: Test Cases/Login/Login_Success

15-04-2024T17:13:20 - [TEST_STEP][PASSED] - openBrowser(""): Browser is opened with url: ''

15-04-2024T17:13:20 - [MESSAGE][WARNING] - A browser is already opened. Closing browser and opening a new one

15-04-2024T17:13:20 - [MESSAGE][INFO] - Starting 'Chrome' driver

15-04-2024T17:13:20 - [MESSAGE][INFO] - User set preference: ['args', '[--start-maximized]']

15-04-2024T17:13:20 - [MESSAGE][INFO] - Action delay is set to 1,000 milliseconds

15-04-2024T17:13:22 - [MESSAGE][PASSED] - Browser is opened with url: ''

15-04-2024T17:13:22 - [TEST_STEP][PASSED] - navigateToUrl(url_login): Navigate to 'https://opensource-demo.orangehrmlive.com/web/index.php/auth/login' successfully

15-04-2024T17:13:33 - [MESSAGE][PASSED] - Navigate to 'https://opensource-demo.orangehrmlive.com/web/index.php/auth/login' successfully

15-04-2024T17:13:33 - [TEST_STEP][PASSED] - delay(3): Delayed 3 second(s)

15-04-2024T17:13:36 - [MESSAGE][PASSED] - Delayed 3 second(s)

15-04-2024T17:13:36 - [TEST_STEP][PASSED] - takeScreenshotAsCheckpoint("Before Login"): Taking screenshot successfully

15-04-2024T17:13:37 - [MESSAGE][INFO] - 0 hidden object(s)

15-04-2024T17:13:37 - [MESSAGE][PASSED] - Taking screenshot successfully
[[ATTACHMENT|keyes\keyes-Before Login.png]]

15-04-2024T17:13:37 - [TEST_STEP][PASSED] - setText(findTestObject("field_username"), valid_username): Text 'Admin' is set on object 'Object Repository/field_username'

15-04-2024T17:13:40 - [MESSAGE][PASSED] - Text 'Admin' is set on object 'Object Repository/field_username'

15-04-2024T17:13:40 - [TEST_STEP][PASSED] - setText(findTestObject("field_password"), valid_password): Text 'admin123' is set on object 'Object Repository/field_password'

15-04-2024T17:13:43 - [MESSAGE][PASSED] - Text 'admin123' is set on object 'Object Repository/field_password'

15-04-2024T17:13:43 - [TEST_STEP][PASSED] - click(findTestObject("btn_login")): Object: 'Object Repository/btn_login' is clicked on

15-04-2024T17:13:45 - [MESSAGE][PASSED] - Object: 'Object Repository/btn_login' is clicked on

15-04-2024T17:13:45 - [TEST_STEP][PASSED] - delay(5): Delayed 5 second(s)

15-04-2024T17:13:50 - [MESSAGE][PASSED] - Delayed 5 second(s)

15-04-2024T17:13:50 - [TEST_STEP][PASSED] - takeScreenshotAsCheckpoint("After Login"): Taking screenshot successfully

15-04-2024T17:13:51 - [MESSAGE][INFO] - 0 hidden object(s)

15-04-2024T17:13:51 - [MESSAGE][PASSED] - Taking screenshot successfully
[[ATTACHMENT|keyes\keyes-After Login.png]]

15-04-2024T17:13:51 - [MESSAGE][PASSED] - Call Test Case 'Test Cases/Login/Login_Success' successfully

15-04-2024T17:13:51 - [TEST_STEP][PASSED] - delay(3): Delayed 3 second(s)

15-04-2024T17:13:54 - [MESSAGE][PASSED] - Delayed 3 second(s)

15-04-2024T17:13:54 - [TEST_STEP][PASSED] - click(findTestObject("F_Menu_PIM/menu_pim")): Object: 'Object Repository/F_Menu_PIM/menu_pim' is clicked on

15-04-2024T17:13:57 - [MESSAGE][PASSED] - Object: 'Object Repository/F_Menu_PIM/menu_pim' is clicked on

15-04-2024T17:13:57 - [TEST_STEP][PASSED] - click(findTestObject("F_Menu_PIM/tab_employeeList")): Object: 'Object Repository/F_Menu_PIM/tab_employeeList' is clicked on

15-04-2024T17:13:59 - [MESSAGE][PASSED] - Object: 'Object Repository/F_Menu_PIM/tab_employeeList' is clicked on

15-04-2024T17:13:59 - [TEST_STEP][PASSED] - verifyElementText(findTestObject("F_Menu_Admin/title_menuWithFilter"), "Employee Information"): Actual text and expected text of test object 'Object Repository/F_Menu_Admin/title_menuWithFilter' are matched.

15-04-2024T17:14:01 - [MESSAGE][PASSED] - Actual text and expected text of test object 'Object Repository/F_Menu_Admin/title_menuWithFilter' are matched.

15-04-2024T17:14:01 - [TEST_STEP][PASSED] - delay(3): Delayed 3 second(s)

15-04-2024T17:14:04 - [MESSAGE][PASSED] - Delayed 3 second(s)]]></system-out>
         <system-err><![CDATA[]]></system-err>
      </testcase>
      <testcase name="Test Cases/Menu_PIM/Navigate_PIM_OptionalFields" time="46.148" classname="Test Cases/Menu_PIM/Navigate_PIM_OptionalFields" status="PASSED">
         <system-out><![CDATA[15-04-2024T17:14:04 - [TEST_CASE][PASSED] - Test Cases/Menu_PIM/Navigate_PIM_OptionalFields: Test Cases/Menu_PIM/Navigate_PIM_OptionalFields

15-04-2024T17:14:04 - [TEST_STEP][PASSED] - callTestCase(findTestCase("Login/Login_Success"), [:], STOP_ON_FAILURE): Call Test Case 'Test Cases/Login/Login_Success' successfully

15-04-2024T17:14:04 - [TEST_CASE][PASSED] - Test Cases/Login/Login_Success: Test Cases/Login/Login_Success

15-04-2024T17:14:04 - [TEST_STEP][PASSED] - openBrowser(""): Browser is opened with url: ''

15-04-2024T17:14:04 - [MESSAGE][WARNING] - A browser is already opened. Closing browser and opening a new one

15-04-2024T17:14:05 - [MESSAGE][INFO] - Starting 'Chrome' driver

15-04-2024T17:14:05 - [MESSAGE][INFO] - User set preference: ['args', '[--start-maximized]']

15-04-2024T17:14:05 - [MESSAGE][INFO] - Action delay is set to 1,000 milliseconds

15-04-2024T17:14:07 - [MESSAGE][PASSED] - Browser is opened with url: ''

15-04-2024T17:14:07 - [TEST_STEP][PASSED] - navigateToUrl(url_login): Navigate to 'https://opensource-demo.orangehrmlive.com/web/index.php/auth/login' successfully

15-04-2024T17:14:17 - [MESSAGE][PASSED] - Navigate to 'https://opensource-demo.orangehrmlive.com/web/index.php/auth/login' successfully

15-04-2024T17:14:17 - [TEST_STEP][PASSED] - delay(3): Delayed 3 second(s)

15-04-2024T17:14:20 - [MESSAGE][PASSED] - Delayed 3 second(s)

15-04-2024T17:14:20 - [TEST_STEP][PASSED] - takeScreenshotAsCheckpoint("Before Login"): Taking screenshot successfully

15-04-2024T17:14:21 - [MESSAGE][INFO] - 0 hidden object(s)

15-04-2024T17:14:21 - [MESSAGE][PASSED] - Taking screenshot successfully
[[ATTACHMENT|keyes\keyes-Before Login.png]]

15-04-2024T17:14:21 - [TEST_STEP][PASSED] - setText(findTestObject("field_username"), valid_username): Text 'Admin' is set on object 'Object Repository/field_username'

15-04-2024T17:14:24 - [MESSAGE][PASSED] - Text 'Admin' is set on object 'Object Repository/field_username'

15-04-2024T17:14:24 - [TEST_STEP][PASSED] - setText(findTestObject("field_password"), valid_password): Text 'admin123' is set on object 'Object Repository/field_password'

15-04-2024T17:14:27 - [MESSAGE][PASSED] - Text 'admin123' is set on object 'Object Repository/field_password'

15-04-2024T17:14:27 - [TEST_STEP][PASSED] - click(findTestObject("btn_login")): Object: 'Object Repository/btn_login' is clicked on

15-04-2024T17:14:30 - [MESSAGE][PASSED] - Object: 'Object Repository/btn_login' is clicked on

15-04-2024T17:14:30 - [TEST_STEP][PASSED] - delay(5): Delayed 5 second(s)

15-04-2024T17:14:35 - [MESSAGE][PASSED] - Delayed 5 second(s)

15-04-2024T17:14:35 - [TEST_STEP][PASSED] - takeScreenshotAsCheckpoint("After Login"): Taking screenshot successfully

15-04-2024T17:14:35 - [MESSAGE][INFO] - 0 hidden object(s)

15-04-2024T17:14:36 - [MESSAGE][PASSED] - Taking screenshot successfully
[[ATTACHMENT|keyes\keyes-After Login.png]]

15-04-2024T17:14:36 - [MESSAGE][PASSED] - Call Test Case 'Test Cases/Login/Login_Success' successfully

15-04-2024T17:14:36 - [TEST_STEP][PASSED] - delay(3): Delayed 3 second(s)

15-04-2024T17:14:39 - [MESSAGE][PASSED] - Delayed 3 second(s)

15-04-2024T17:14:39 - [TEST_STEP][PASSED] - click(findTestObject("F_Menu_PIM/menu_pim")): Object: 'Object Repository/F_Menu_PIM/menu_pim' is clicked on

15-04-2024T17:14:41 - [MESSAGE][PASSED] - Object: 'Object Repository/F_Menu_PIM/menu_pim' is clicked on

15-04-2024T17:14:41 - [TEST_STEP][PASSED] - click(findTestObject("F_Menu_PIM/tab_configuration")): Object: 'Object Repository/F_Menu_PIM/tab_configuration' is clicked on

15-04-2024T17:14:44 - [MESSAGE][PASSED] - Object: 'Object Repository/F_Menu_PIM/tab_configuration' is clicked on

15-04-2024T17:14:44 - [TEST_STEP][PASSED] - click(findTestObject("F_Menu_PIM/select_optionalFields")): Object: 'Object Repository/F_Menu_PIM/select_optionalFields' is clicked on

15-04-2024T17:14:46 - [MESSAGE][PASSED] - Object: 'Object Repository/F_Menu_PIM/select_optionalFields' is clicked on

15-04-2024T17:14:46 - [TEST_STEP][PASSED] - verifyElementText(findTestObject("F_Menu_PIM/title_menu_pim"), "Optional Fields"): Actual text and expected text of test object 'Object Repository/F_Menu_PIM/title_menu_pim' are matched.

15-04-2024T17:14:47 - [MESSAGE][PASSED] - Actual text and expected text of test object 'Object Repository/F_Menu_PIM/title_menu_pim' are matched.

15-04-2024T17:14:47 - [TEST_STEP][PASSED] - delay(3): Delayed 3 second(s)

15-04-2024T17:14:50 - [MESSAGE][PASSED] - Delayed 3 second(s)]]></system-out>
         <system-err><![CDATA[]]></system-err>
      </testcase>
      <testcase name="Test Cases/Menu_PIM/Navigate_PIM_Report" time="41.41" classname="Test Cases/Menu_PIM/Navigate_PIM_Report" status="PASSED">
         <system-out><![CDATA[15-04-2024T17:14:50 - [TEST_CASE][PASSED] - Test Cases/Menu_PIM/Navigate_PIM_Report: Test Cases/Menu_PIM/Navigate_PIM_Report

15-04-2024T17:14:50 - [TEST_STEP][PASSED] - callTestCase(findTestCase("Login/Login_Success"), [:], STOP_ON_FAILURE): Call Test Case 'Test Cases/Login/Login_Success' successfully

15-04-2024T17:14:50 - [TEST_CASE][PASSED] - Test Cases/Login/Login_Success: Test Cases/Login/Login_Success

15-04-2024T17:14:50 - [TEST_STEP][PASSED] - openBrowser(""): Browser is opened with url: ''

15-04-2024T17:14:50 - [MESSAGE][WARNING] - A browser is already opened. Closing browser and opening a new one

15-04-2024T17:14:51 - [MESSAGE][INFO] - Starting 'Chrome' driver

15-04-2024T17:14:51 - [MESSAGE][INFO] - User set preference: ['args', '[--start-maximized]']

15-04-2024T17:14:51 - [MESSAGE][INFO] - Action delay is set to 1,000 milliseconds

15-04-2024T17:14:53 - [MESSAGE][PASSED] - Browser is opened with url: ''

15-04-2024T17:14:53 - [TEST_STEP][PASSED] - navigateToUrl(url_login): Navigate to 'https://opensource-demo.orangehrmlive.com/web/index.php/auth/login' successfully

15-04-2024T17:14:54 - [MESSAGE][PASSED] - Navigate to 'https://opensource-demo.orangehrmlive.com/web/index.php/auth/login' successfully

15-04-2024T17:14:54 - [TEST_STEP][PASSED] - delay(3): Delayed 3 second(s)

15-04-2024T17:14:57 - [MESSAGE][PASSED] - Delayed 3 second(s)

15-04-2024T17:14:57 - [TEST_STEP][PASSED] - takeScreenshotAsCheckpoint("Before Login"): Taking screenshot successfully

15-04-2024T17:15:05 - [MESSAGE][INFO] - 0 hidden object(s)

15-04-2024T17:15:05 - [MESSAGE][PASSED] - Taking screenshot successfully
[[ATTACHMENT|keyes\keyes-Before Login.png]]

15-04-2024T17:15:05 - [TEST_STEP][PASSED] - setText(findTestObject("field_username"), valid_username): Text 'Admin' is set on object 'Object Repository/field_username'

15-04-2024T17:15:08 - [MESSAGE][PASSED] - Text 'Admin' is set on object 'Object Repository/field_username'

15-04-2024T17:15:08 - [TEST_STEP][PASSED] - setText(findTestObject("field_password"), valid_password): Text 'admin123' is set on object 'Object Repository/field_password'

15-04-2024T17:15:11 - [MESSAGE][PASSED] - Text 'admin123' is set on object 'Object Repository/field_password'

15-04-2024T17:15:11 - [TEST_STEP][PASSED] - click(findTestObject("btn_login")): Object: 'Object Repository/btn_login' is clicked on

15-04-2024T17:15:12 - [MESSAGE][PASSED] - Object: 'Object Repository/btn_login' is clicked on

15-04-2024T17:15:12 - [TEST_STEP][PASSED] - delay(5): Delayed 5 second(s)

15-04-2024T17:15:17 - [MESSAGE][PASSED] - Delayed 5 second(s)

15-04-2024T17:15:17 - [TEST_STEP][PASSED] - takeScreenshotAsCheckpoint("After Login"): Taking screenshot successfully

15-04-2024T17:15:18 - [MESSAGE][INFO] - 0 hidden object(s)

15-04-2024T17:15:18 - [MESSAGE][PASSED] - Taking screenshot successfully
[[ATTACHMENT|keyes\keyes-After Login.png]]

15-04-2024T17:15:18 - [MESSAGE][PASSED] - Call Test Case 'Test Cases/Login/Login_Success' successfully

15-04-2024T17:15:18 - [TEST_STEP][PASSED] - delay(3): Delayed 3 second(s)

15-04-2024T17:15:21 - [MESSAGE][PASSED] - Delayed 3 second(s)

15-04-2024T17:15:21 - [TEST_STEP][PASSED] - click(findTestObject("F_Menu_PIM/menu_pim")): Object: 'Object Repository/F_Menu_PIM/menu_pim' is clicked on

15-04-2024T17:15:24 - [MESSAGE][PASSED] - Object: 'Object Repository/F_Menu_PIM/menu_pim' is clicked on

15-04-2024T17:15:24 - [TEST_STEP][PASSED] - click(findTestObject("F_Menu_PIM/tab_reports")): Object: 'Object Repository/F_Menu_PIM/tab_reports' is clicked on

15-04-2024T17:15:27 - [MESSAGE][PASSED] - Object: 'Object Repository/F_Menu_PIM/tab_reports' is clicked on

15-04-2024T17:15:27 - [TEST_STEP][PASSED] - verifyElementText(findTestObject("F_Menu_Admin/title_menuWithFilter"), "Employee Reports"): Actual text and expected text of test object 'Object Repository/F_Menu_Admin/title_menuWithFilter' are matched.

15-04-2024T17:15:29 - [MESSAGE][PASSED] - Actual text and expected text of test object 'Object Repository/F_Menu_Admin/title_menuWithFilter' are matched.

15-04-2024T17:15:29 - [TEST_STEP][PASSED] - delay(3): Delayed 3 second(s)

15-04-2024T17:15:32 - [MESSAGE][PASSED] - Delayed 3 second(s)]]></system-out>
         <system-err><![CDATA[]]></system-err>
      </testcase>
      <system-out><![CDATA[15-04-2024T17:12:29 - [TEST_SUITE][PASSED] - TS_MenuPIMs: Test Cases/Menu_PIM/Navigate_PIM_Report]]></system-out>
      <system-err><![CDATA[]]></system-err>
   </testsuite>
</testsuites>
