<?xml version="1.0" encoding="UTF-8"?>
<testsuites name="TS_UserManagement" time="38.555" tests="1" failures="0" errors="0">
   <testsuite name="TS_UserManagement" tests="1" failures="0" errors="0" time="38.555" skipped="0" timestamp="04-04-2024T16:27:11" hostname="1556 - LAPTOP-PT885S91" id="Test Suites/TS_MenuAdmin/F_UserManagement/TS_UserManagement">
      <properties>
         <property name="deviceName" value=""/>
         <property name="devicePlatform" value=""/>
         <property name="logFolder" value="C:\\Users\\1556\\Katalon Studio\\My First Web UI Project\\Reports\\20240404_162551\\TS_MenuAdmin\\F_UserManagement\\TS_UserManagement\\20240404_162602"/>
         <property name="logFiles" value="C:\\Users\\1556\\Katalon Studio\\My First Web UI Project\\Reports\\20240404_162551\\TS_MenuAdmin\\F_UserManagement\\TS_UserManagement\\20240404_162602\\execution0.log"/>
         <property name="attachments" value="keyes\keyes-Before Login.png, keyes\keyes-After Login.png"/>
         <property name="hostName" value="1556 - LAPTOP-PT885S91"/>
         <property name="os" value="Windows 11 64bit"/>
         <property name="katalonVersion" value="9.3.2.212"/>
         <property name="browser" value="Chrome 123.0.6312.88"/>
         <property name="hostAddress" value="192.168.10.208"/>
         <property name="sessionId" value="fd492a40055e3dac856814198c713be9"/>
         <property name="seleniumVersion" value="3.141.59"/>
         <property name="proxyInformation" value="ProxyInformation { proxyOption=NO_PROXY, proxyServerType=HTTP, username=, password=********, proxyServerAddress=, proxyServerPort=0, executionList=&quot;&quot;, isApplyToDesiredCapabilities=true }"/>
         <property name="platform" value="Windows 11"/>
      </properties>
      <testcase name="Test Cases/Menu_Admin/Navigate_Admin_User" time="38.367" classname="Test Cases/Menu_Admin/Navigate_Admin_User" status="PASSED">
         <system-out><![CDATA[04-04-2024T16:27:11 - [TEST_CASE][PASSED] - Test Cases/Menu_Admin/Navigate_Admin_User: Test Cases/Menu_Admin/Navigate_Admin_User

04-04-2024T16:27:12 - [TEST_STEP][PASSED] - callTestCase(findTestCase("Login/Login_Success"), [:], STOP_ON_FAILURE): Call Test Case 'Test Cases/Login/Login_Success' successfully

04-04-2024T16:27:12 - [TEST_CASE][PASSED] - Test Cases/Login/Login_Success: Test Cases/Login/Login_Success

04-04-2024T16:27:12 - [TEST_STEP][PASSED] - openBrowser(""): Browser is opened with url: ''

04-04-2024T16:27:12 - [MESSAGE][INFO] - Starting 'Chrome (headless)' driver

04-04-2024T16:27:12 - [MESSAGE][INFO] - User set preference: ['args', '[--start-maximized]']

04-04-2024T16:27:12 - [MESSAGE][INFO] - Action delay is set to 1,000 milliseconds

04-04-2024T16:27:14 - [MESSAGE][PASSED] - Browser is opened with url: ''

04-04-2024T16:27:14 - [TEST_STEP][PASSED] - navigateToUrl(url_login): Navigate to 'https://opensource-demo.orangehrmlive.com/web/index.php/auth/login' successfully

04-04-2024T16:27:24 - [MESSAGE][PASSED] - Navigate to 'https://opensource-demo.orangehrmlive.com/web/index.php/auth/login' successfully

04-04-2024T16:27:24 - [TEST_STEP][PASSED] - delay(3): Delayed 3 second(s)

04-04-2024T16:27:27 - [MESSAGE][PASSED] - Delayed 3 second(s)

04-04-2024T16:27:27 - [TEST_STEP][PASSED] - takeScreenshotAsCheckpoint("Before Login"): Taking screenshot successfully

04-04-2024T16:27:28 - [MESSAGE][INFO] - 0 hidden object(s)

04-04-2024T16:27:28 - [MESSAGE][PASSED] - Taking screenshot successfully
[[ATTACHMENT|keyes\keyes-Before Login.png]]

04-04-2024T16:27:28 - [TEST_STEP][PASSED] - setText(findTestObject("field_username"), valid_username): Text 'Admin' is set on object 'Object Repository/field_username'

04-04-2024T16:27:30 - [MESSAGE][PASSED] - Text 'Admin' is set on object 'Object Repository/field_username'

04-04-2024T16:27:30 - [TEST_STEP][PASSED] - setText(findTestObject("field_password"), valid_password): Text 'admin123' is set on object 'Object Repository/field_password'

04-04-2024T16:27:32 - [MESSAGE][PASSED] - Text 'admin123' is set on object 'Object Repository/field_password'

04-04-2024T16:27:32 - [TEST_STEP][PASSED] - click(findTestObject("btn_login")): Object: 'Object Repository/btn_login' is clicked on

04-04-2024T16:27:33 - [MESSAGE][PASSED] - Object: 'Object Repository/btn_login' is clicked on

04-04-2024T16:27:33 - [TEST_STEP][PASSED] - delay(5): Delayed 5 second(s)

04-04-2024T16:27:38 - [MESSAGE][PASSED] - Delayed 5 second(s)

04-04-2024T16:27:38 - [TEST_STEP][PASSED] - takeScreenshotAsCheckpoint("After Login"): Taking screenshot successfully

04-04-2024T16:27:38 - [MESSAGE][INFO] - 0 hidden object(s)

04-04-2024T16:27:38 - [MESSAGE][PASSED] - Taking screenshot successfully
[[ATTACHMENT|keyes\keyes-After Login.png]]

04-04-2024T16:27:38 - [MESSAGE][PASSED] - Call Test Case 'Test Cases/Login/Login_Success' successfully

04-04-2024T16:27:38 - [TEST_STEP][PASSED] - delay(3): Delayed 3 second(s)

04-04-2024T16:27:41 - [MESSAGE][PASSED] - Delayed 3 second(s)

04-04-2024T16:27:41 - [TEST_STEP][PASSED] - click(findTestObject("F_Menu_Admin/menu_admin")): Object: 'Object Repository/F_Menu_Admin/menu_admin' is clicked on

04-04-2024T16:27:43 - [MESSAGE][PASSED] - Object: 'Object Repository/F_Menu_Admin/menu_admin' is clicked on

04-04-2024T16:27:43 - [TEST_STEP][PASSED] - click(findTestObject("F_Menu_Admin/F_UserManagement/tab_userManagement")): Object: 'Object Repository/F_Menu_Admin/F_UserManagement/tab_userManagement' is clicked on

04-04-2024T16:27:45 - [MESSAGE][PASSED] - Object: 'Object Repository/F_Menu_Admin/F_UserManagement/tab_userManagement' is clicked on

04-04-2024T16:27:45 - [TEST_STEP][PASSED] - click(findTestObject("F_Menu_Admin/F_UserManagement/select_users")): Object: 'Object Repository/F_Menu_Admin/F_UserManagement/select_users' is clicked on

04-04-2024T16:27:46 - [MESSAGE][PASSED] - Object: 'Object Repository/F_Menu_Admin/F_UserManagement/select_users' is clicked on

04-04-2024T16:27:46 - [TEST_STEP][PASSED] - verifyElementText(findTestObject("F_Menu_Admin/title_menuWithFilter"), "System Users"): Actual text and expected text of test object 'Object Repository/F_Menu_Admin/title_menuWithFilter' are matched.

04-04-2024T16:27:47 - [MESSAGE][PASSED] - Actual text and expected text of test object 'Object Repository/F_Menu_Admin/title_menuWithFilter' are matched.

04-04-2024T16:27:47 - [TEST_STEP][PASSED] - delay(3): Delayed 3 second(s)

04-04-2024T16:27:50 - [MESSAGE][PASSED] - Delayed 3 second(s)]]></system-out>
         <system-err><![CDATA[]]></system-err>
      </testcase>
      <system-out><![CDATA[04-04-2024T16:27:11 - [TEST_SUITE][PASSED] - TS_UserManagement: Test Cases/Menu_Admin/Navigate_Admin_User]]></system-out>
      <system-err><![CDATA[]]></system-err>
   </testsuite>
</testsuites>
