<?xml version="1.0" encoding="UTF-8"?>
<testsuites name="TS_LoginLogout" time="91.343" tests="3" failures="0" errors="0">
   <testsuite name="TS_LoginLogout" tests="3" failures="0" errors="0" time="91.343" skipped="0" timestamp="05-04-2024T14:06:15" hostname="1556 - LAPTOP-PT885S91" id="Test Suites/TS_LoginLogout">
      <properties>
         <property name="deviceName" value=""/>
         <property name="devicePlatform" value=""/>
         <property name="logFolder" value="C:\\Users\\1556\\Katalon Studio\\My First Web UI Project\\Reports\\20240405_140607\\TS_LoginLogout\\20240405_140608"/>
         <property name="logFiles" value="C:\\Users\\1556\\Katalon Studio\\My First Web UI Project\\Reports\\20240405_140607\\TS_LoginLogout\\20240405_140608\\execution0.log"/>
         <property name="attachments" value="keyes\keyes-Before Login.png, keyes\keyes-After Login.png, keyes\keyes-Before Login Failed.png, keyes\keyes-After Login Failed.png, keyes\keyes-Before Login.png, keyes\keyes-After Login.png"/>
         <property name="hostName" value="1556 - LAPTOP-PT885S91"/>
         <property name="os" value="Windows 11 64bit"/>
         <property name="katalonVersion" value="9.3.2.212"/>
         <property name="browser" value="Chrome 123.0.0.0"/>
         <property name="hostAddress" value="192.168.10.31"/>
         <property name="sessionId" value="fff518be9387abaade2c6e32fe717e54"/>
         <property name="seleniumVersion" value="3.141.59"/>
         <property name="proxyInformation" value="ProxyInformation { proxyOption=NO_PROXY, proxyServerType=HTTP, username=, password=********, proxyServerAddress=, proxyServerPort=0, executionList=&quot;&quot;, isApplyToDesiredCapabilities=true }"/>
         <property name="platform" value="Windows 11"/>
      </properties>
      <testcase name="Test Cases/Login/Login_Success" time="31.888" classname="Test Cases/Login/Login_Success" status="PASSED">
         <system-out><![CDATA[05-04-2024T14:06:16 - [TEST_CASE][PASSED] - Test Cases/Login/Login_Success: Test Cases/Login/Login_Success

05-04-2024T14:06:16 - [TEST_STEP][PASSED] - openBrowser(""): Browser is opened with url: ''

05-04-2024T14:06:16 - [MESSAGE][INFO] - Starting 'Chrome' driver

05-04-2024T14:06:16 - [MESSAGE][INFO] - User set preference: ['args', '[--start-maximized]']

05-04-2024T14:06:16 - [MESSAGE][INFO] - Action delay is set to 1,000 milliseconds

05-04-2024T14:06:18 - [MESSAGE][PASSED] - Browser is opened with url: ''

05-04-2024T14:06:18 - [TEST_STEP][PASSED] - navigateToUrl(url_login): Navigate to 'https://opensource-demo.orangehrmlive.com/web/index.php/auth/login' successfully

05-04-2024T14:06:30 - [MESSAGE][PASSED] - Navigate to 'https://opensource-demo.orangehrmlive.com/web/index.php/auth/login' successfully

05-04-2024T14:06:30 - [TEST_STEP][PASSED] - delay(3): Delayed 3 second(s)

05-04-2024T14:06:33 - [MESSAGE][PASSED] - Delayed 3 second(s)

05-04-2024T14:06:33 - [TEST_STEP][PASSED] - takeScreenshotAsCheckpoint("Before Login"): Taking screenshot successfully

05-04-2024T14:06:33 - [MESSAGE][INFO] - 0 hidden object(s)

05-04-2024T14:06:33 - [MESSAGE][PASSED] - Taking screenshot successfully
[[ATTACHMENT|keyes\keyes-Before Login.png]]

05-04-2024T14:06:33 - [TEST_STEP][PASSED] - setText(findTestObject("field_username"), valid_username): Text 'Admin' is set on object 'Object Repository/field_username'

05-04-2024T14:06:36 - [MESSAGE][PASSED] - Text 'Admin' is set on object 'Object Repository/field_username'

05-04-2024T14:06:36 - [TEST_STEP][PASSED] - setText(findTestObject("field_password"), valid_password): Text 'admin123' is set on object 'Object Repository/field_password'

05-04-2024T14:06:39 - [MESSAGE][PASSED] - Text 'admin123' is set on object 'Object Repository/field_password'

05-04-2024T14:06:39 - [TEST_STEP][PASSED] - click(findTestObject("btn_login")): Object: 'Object Repository/btn_login' is clicked on

05-04-2024T14:06:42 - [MESSAGE][PASSED] - Object: 'Object Repository/btn_login' is clicked on

05-04-2024T14:06:42 - [TEST_STEP][PASSED] - delay(5): Delayed 5 second(s)

05-04-2024T14:06:47 - [MESSAGE][PASSED] - Delayed 5 second(s)

05-04-2024T14:06:47 - [TEST_STEP][PASSED] - takeScreenshotAsCheckpoint("After Login"): Taking screenshot successfully

05-04-2024T14:06:47 - [MESSAGE][INFO] - 0 hidden object(s)

05-04-2024T14:06:47 - [MESSAGE][PASSED] - Taking screenshot successfully
[[ATTACHMENT|keyes\keyes-After Login.png]]]]></system-out>
         <system-err><![CDATA[]]></system-err>
      </testcase>
      <testcase name="Test Cases/Login/Login_Failed" time="22.816" classname="Test Cases/Login/Login_Failed" status="PASSED">
         <system-out><![CDATA[05-04-2024T14:06:47 - [TEST_CASE][PASSED] - Test Cases/Login/Login_Failed: Test Cases/Login/Login_Failed

05-04-2024T14:06:48 - [TEST_STEP][PASSED] - openBrowser(""): Browser is opened with url: ''

05-04-2024T14:06:48 - [MESSAGE][WARNING] - A browser is already opened. Closing browser and opening a new one

05-04-2024T14:06:48 - [MESSAGE][INFO] - Starting 'Chrome' driver

05-04-2024T14:06:48 - [MESSAGE][INFO] - User set preference: ['args', '[--start-maximized]']

05-04-2024T14:06:48 - [MESSAGE][INFO] - Action delay is set to 1,000 milliseconds

05-04-2024T14:06:49 - [MESSAGE][PASSED] - Browser is opened with url: ''

05-04-2024T14:06:49 - [TEST_STEP][PASSED] - navigateToUrl(url_login): Navigate to 'https://opensource-demo.orangehrmlive.com/web/index.php/auth/login' successfully

05-04-2024T14:06:57 - [MESSAGE][PASSED] - Navigate to 'https://opensource-demo.orangehrmlive.com/web/index.php/auth/login' successfully

05-04-2024T14:06:57 - [TEST_STEP][PASSED] - delay(0): Delayed 0 second(s)

05-04-2024T14:06:57 - [MESSAGE][PASSED] - Delayed 0 second(s)

05-04-2024T14:06:57 - [TEST_STEP][PASSED] - takeScreenshotAsCheckpoint("Before Login Failed", []): Taking screenshot successfully

05-04-2024T14:06:59 - [MESSAGE][INFO] - 0 hidden object(s)

05-04-2024T14:06:59 - [MESSAGE][PASSED] - Taking screenshot successfully
[[ATTACHMENT|keyes\keyes-Before Login Failed.png]]

05-04-2024T14:06:59 - [TEST_STEP][PASSED] - setText(findTestObject("field_username"), invalid_username): Text 'admin' is set on object 'Object Repository/field_username'

05-04-2024T14:07:01 - [MESSAGE][PASSED] - Text 'admin' is set on object 'Object Repository/field_username'

05-04-2024T14:07:01 - [TEST_STEP][PASSED] - setText(findTestObject("field_password"), invalid_password): Text 'Admin123' is set on object 'Object Repository/field_password'

05-04-2024T14:07:04 - [MESSAGE][PASSED] - Text 'Admin123' is set on object 'Object Repository/field_password'

05-04-2024T14:07:04 - [TEST_STEP][PASSED] - click(findTestObject("btn_login")): Object: 'Object Repository/btn_login' is clicked on

05-04-2024T14:07:06 - [MESSAGE][PASSED] - Object: 'Object Repository/btn_login' is clicked on

05-04-2024T14:07:06 - [TEST_STEP][PASSED] - delay(3): Delayed 3 second(s)

05-04-2024T14:07:09 - [MESSAGE][PASSED] - Delayed 3 second(s)

05-04-2024T14:07:09 - [TEST_STEP][PASSED] - verifyElementPresent(findTestObject("verify_loginFailed"), 2): Object 'Object Repository/verify_loginFailed' is present

05-04-2024T14:07:10 - [MESSAGE][PASSED] - Object 'Object Repository/verify_loginFailed' is present

05-04-2024T14:07:10 - [TEST_STEP][PASSED] - takeScreenshotAsCheckpoint("After Login Failed", []): Taking screenshot successfully

05-04-2024T14:07:10 - [MESSAGE][INFO] - 0 hidden object(s)

05-04-2024T14:07:10 - [MESSAGE][PASSED] - Taking screenshot successfully
[[ATTACHMENT|keyes\keyes-After Login Failed.png]]]]></system-out>
         <system-err><![CDATA[]]></system-err>
      </testcase>
      <testcase name="Test Cases/Login/Logout_Success" time="36.413" classname="Test Cases/Login/Logout_Success" status="PASSED">
         <system-out><![CDATA[05-04-2024T14:07:10 - [TEST_CASE][PASSED] - Test Cases/Login/Logout_Success: Test Cases/Login/Logout_Success

05-04-2024T14:07:10 - [TEST_STEP][PASSED] - callTestCase(findTestCase("Login/Login_Success"), [:], STOP_ON_FAILURE): Call Test Case 'Test Cases/Login/Login_Success' successfully

05-04-2024T14:07:10 - [TEST_CASE][PASSED] - Test Cases/Login/Login_Success: Test Cases/Login/Login_Success

05-04-2024T14:07:10 - [TEST_STEP][PASSED] - openBrowser(""): Browser is opened with url: ''

05-04-2024T14:07:10 - [MESSAGE][WARNING] - A browser is already opened. Closing browser and opening a new one

05-04-2024T14:07:11 - [MESSAGE][INFO] - Starting 'Chrome' driver

05-04-2024T14:07:11 - [MESSAGE][INFO] - User set preference: ['args', '[--start-maximized]']

05-04-2024T14:07:11 - [MESSAGE][INFO] - Action delay is set to 1,000 milliseconds

05-04-2024T14:07:11 - [MESSAGE][PASSED] - Browser is opened with url: ''

05-04-2024T14:07:11 - [TEST_STEP][PASSED] - navigateToUrl(url_login): Navigate to 'https://opensource-demo.orangehrmlive.com/web/index.php/auth/login' successfully

05-04-2024T14:07:21 - [MESSAGE][PASSED] - Navigate to 'https://opensource-demo.orangehrmlive.com/web/index.php/auth/login' successfully

05-04-2024T14:07:21 - [TEST_STEP][PASSED] - delay(3): Delayed 3 second(s)

05-04-2024T14:07:24 - [MESSAGE][PASSED] - Delayed 3 second(s)

05-04-2024T14:07:24 - [TEST_STEP][PASSED] - takeScreenshotAsCheckpoint("Before Login"): Taking screenshot successfully

05-04-2024T14:07:25 - [MESSAGE][INFO] - 0 hidden object(s)

05-04-2024T14:07:25 - [MESSAGE][PASSED] - Taking screenshot successfully
[[ATTACHMENT|keyes\keyes-Before Login.png]]

05-04-2024T14:07:25 - [TEST_STEP][PASSED] - setText(findTestObject("field_username"), valid_username): Text 'Admin' is set on object 'Object Repository/field_username'

05-04-2024T14:07:27 - [MESSAGE][PASSED] - Text 'Admin' is set on object 'Object Repository/field_username'

05-04-2024T14:07:27 - [TEST_STEP][PASSED] - setText(findTestObject("field_password"), valid_password): Text 'admin123' is set on object 'Object Repository/field_password'

05-04-2024T14:07:30 - [MESSAGE][PASSED] - Text 'admin123' is set on object 'Object Repository/field_password'

05-04-2024T14:07:30 - [TEST_STEP][PASSED] - click(findTestObject("btn_login")): Object: 'Object Repository/btn_login' is clicked on

05-04-2024T14:07:31 - [MESSAGE][PASSED] - Object: 'Object Repository/btn_login' is clicked on

05-04-2024T14:07:31 - [TEST_STEP][PASSED] - delay(5): Delayed 5 second(s)

05-04-2024T14:07:36 - [MESSAGE][PASSED] - Delayed 5 second(s)

05-04-2024T14:07:36 - [TEST_STEP][PASSED] - takeScreenshotAsCheckpoint("After Login"): Taking screenshot successfully

05-04-2024T14:07:37 - [MESSAGE][INFO] - 0 hidden object(s)

05-04-2024T14:07:37 - [MESSAGE][PASSED] - Taking screenshot successfully
[[ATTACHMENT|keyes\keyes-After Login.png]]

05-04-2024T14:07:37 - [MESSAGE][PASSED] - Call Test Case 'Test Cases/Login/Login_Success' successfully

05-04-2024T14:07:37 - [TEST_STEP][PASSED] - delay(3): Delayed 3 second(s)

05-04-2024T14:07:40 - [MESSAGE][PASSED] - Delayed 3 second(s)

05-04-2024T14:07:40 - [TEST_STEP][PASSED] - click(findTestObject("dropdow_logout")): Object: 'Object Repository/dropdow_logout' is clicked on

05-04-2024T14:07:41 - [MESSAGE][PASSED] - Object: 'Object Repository/dropdow_logout' is clicked on

05-04-2024T14:07:41 - [TEST_STEP][PASSED] - click(findTestObject("btn_logout")): Object: 'Object Repository/btn_logout' is clicked on

05-04-2024T14:07:44 - [MESSAGE][PASSED] - Object: 'Object Repository/btn_logout' is clicked on

05-04-2024T14:07:44 - [TEST_STEP][PASSED] - delay(3): Delayed 3 second(s)

05-04-2024T14:07:47 - [MESSAGE][PASSED] - Delayed 3 second(s)]]></system-out>
         <system-err><![CDATA[]]></system-err>
      </testcase>
      <system-out><![CDATA[05-04-2024T14:06:15 - [TEST_SUITE][PASSED] - TS_LoginLogout: Test Cases/Login/Logout_Success]]></system-out>
      <system-err><![CDATA[]]></system-err>
   </testsuite>
</testsuites>
