<?xml version="1.0" encoding="UTF-8"?>
<testsuites name="TS_Qualifications_Education" time="99.42" tests="1" failures="0" errors="0">
   <testsuite name="TS_Qualifications_Education" tests="1" failures="0" errors="0" time="99.42" skipped="0" timestamp="13-04-2024T18:45:41" hostname="1556 - LAPTOP-PT885S91" id="Test Suites/TS_MenuAdmin/F_Qualifications/TS_Qualifications_Education">
      <properties>
         <property name="deviceName" value=""/>
         <property name="devicePlatform" value=""/>
         <property name="logFolder" value="C:\\Users\\1556\\Katalon Studio\\My First Web UI Project\\Reports\\20240413_184252\\TS_MenuAdmin\\F_Qualifications\\TS_Qualifications_Education\\20240413_184312"/>
         <property name="logFiles" value="C:\\Users\\1556\\Katalon Studio\\My First Web UI Project\\Reports\\20240413_184252\\TS_MenuAdmin\\F_Qualifications\\TS_Qualifications_Education\\20240413_184312\\execution0.log"/>
         <property name="attachments" value="keyes\keyes-Before Login.png, keyes\keyes-After Login.png"/>
         <property name="hostName" value="1556 - LAPTOP-PT885S91"/>
         <property name="os" value="Windows 11 64bit"/>
         <property name="katalonVersion" value="9.3.2.212"/>
         <property name="browser" value="Chrome 123.0.0.0"/>
         <property name="hostAddress" value="192.168.100.139"/>
         <property name="sessionId" value="3a0fdf9a688e5d41c1ceb34a8039231e"/>
         <property name="seleniumVersion" value="3.141.59"/>
         <property name="proxyInformation" value="ProxyInformation { proxyOption=NO_PROXY, proxyServerType=HTTP, username=, password=********, proxyServerAddress=, proxyServerPort=0, executionList=&quot;&quot;, isApplyToDesiredCapabilities=true }"/>
         <property name="platform" value="Windows 11"/>
      </properties>
      <testcase name="Test Cases/Menu_Admin/Navigate_Qualifications_Education" time="98.978" classname="Test Cases/Menu_Admin/Navigate_Qualifications_Education" status="PASSED">
         <system-out><![CDATA[13-04-2024T18:45:42 - [TEST_CASE][PASSED] - Test Cases/Menu_Admin/Navigate_Qualifications_Education: Test Cases/Menu_Admin/Navigate_Qualifications_Education

13-04-2024T18:45:42 - [TEST_STEP][PASSED] - callTestCase(findTestCase("Login/Login_Success"), [:], STOP_ON_FAILURE): Call Test Case 'Test Cases/Login/Login_Success' successfully

13-04-2024T18:45:43 - [TEST_CASE][PASSED] - Test Cases/Login/Login_Success: Test Cases/Login/Login_Success

13-04-2024T18:45:43 - [TEST_STEP][PASSED] - openBrowser(""): Browser is opened with url: ''

13-04-2024T18:45:43 - [MESSAGE][INFO] - Starting 'Chrome' driver

13-04-2024T18:45:44 - [MESSAGE][INFO] - User set preference: ['args', '[--start-maximized]']

13-04-2024T18:45:44 - [MESSAGE][INFO] - Action delay is set to 1,000 milliseconds

13-04-2024T18:45:48 - [MESSAGE][PASSED] - Browser is opened with url: ''

13-04-2024T18:45:48 - [TEST_STEP][PASSED] - navigateToUrl(url_login): Navigate to 'https://opensource-demo.orangehrmlive.com/web/index.php/auth/login' successfully

13-04-2024T18:45:51 - [MESSAGE][PASSED] - Navigate to 'https://opensource-demo.orangehrmlive.com/web/index.php/auth/login' successfully

13-04-2024T18:45:51 - [TEST_STEP][PASSED] - delay(3): Delayed 3 second(s)

13-04-2024T18:45:54 - [MESSAGE][PASSED] - Delayed 3 second(s)

13-04-2024T18:45:54 - [TEST_STEP][PASSED] - takeScreenshotAsCheckpoint("Before Login"): Taking screenshot successfully

13-04-2024T18:46:42 - [MESSAGE][INFO] - 0 hidden object(s)

13-04-2024T18:46:42 - [MESSAGE][PASSED] - Taking screenshot successfully
[[ATTACHMENT|keyes\keyes-Before Login.png]]

13-04-2024T18:46:42 - [TEST_STEP][PASSED] - setText(findTestObject("field_username"), valid_username): Text 'Admin' is set on object 'Object Repository/field_username'

13-04-2024T18:46:45 - [MESSAGE][PASSED] - Text 'Admin' is set on object 'Object Repository/field_username'

13-04-2024T18:46:45 - [TEST_STEP][PASSED] - setText(findTestObject("field_password"), valid_password): Text 'admin123' is set on object 'Object Repository/field_password'

13-04-2024T18:46:48 - [MESSAGE][PASSED] - Text 'admin123' is set on object 'Object Repository/field_password'

13-04-2024T18:46:48 - [TEST_STEP][PASSED] - click(findTestObject("btn_login")): Object: 'Object Repository/btn_login' is clicked on

13-04-2024T18:46:51 - [MESSAGE][PASSED] - Object: 'Object Repository/btn_login' is clicked on

13-04-2024T18:46:51 - [TEST_STEP][PASSED] - delay(5): Delayed 5 second(s)

13-04-2024T18:46:56 - [MESSAGE][PASSED] - Delayed 5 second(s)

13-04-2024T18:46:56 - [TEST_STEP][PASSED] - takeScreenshotAsCheckpoint("After Login"): Taking screenshot successfully

13-04-2024T18:47:05 - [MESSAGE][INFO] - 0 hidden object(s)

13-04-2024T18:47:05 - [MESSAGE][PASSED] - Taking screenshot successfully
[[ATTACHMENT|keyes\keyes-After Login.png]]

13-04-2024T18:47:05 - [MESSAGE][PASSED] - Call Test Case 'Test Cases/Login/Login_Success' successfully

13-04-2024T18:47:05 - [TEST_STEP][PASSED] - delay(3): Delayed 3 second(s)

13-04-2024T18:47:08 - [MESSAGE][PASSED] - Delayed 3 second(s)

13-04-2024T18:47:08 - [TEST_STEP][PASSED] - click(findTestObject("F_Menu_Admin/menu_admin")): Object: 'Object Repository/F_Menu_Admin/menu_admin' is clicked on

13-04-2024T18:47:11 - [MESSAGE][PASSED] - Object: 'Object Repository/F_Menu_Admin/menu_admin' is clicked on

13-04-2024T18:47:11 - [TEST_STEP][PASSED] - click(findTestObject("F_Menu_Admin/F_Qualifications/tab_qualifications")): Object: 'Object Repository/F_Menu_Admin/F_Qualifications/tab_qualifications' is clicked on

13-04-2024T18:47:14 - [MESSAGE][PASSED] - Object: 'Object Repository/F_Menu_Admin/F_Qualifications/tab_qualifications' is clicked on

13-04-2024T18:47:14 - [TEST_STEP][PASSED] - click(findTestObject("F_Menu_Admin/F_Qualifications/select_education")): Object: 'Object Repository/F_Menu_Admin/F_Qualifications/select_education' is clicked on

13-04-2024T18:47:16 - [MESSAGE][PASSED] - Object: 'Object Repository/F_Menu_Admin/F_Qualifications/select_education' is clicked on

13-04-2024T18:47:16 - [TEST_STEP][PASSED] - verifyElementText(findTestObject("F_Menu_Admin/title_menu"), "Education"): Actual text and expected text of test object 'Object Repository/F_Menu_Admin/title_menu' are matched.

13-04-2024T18:47:18 - [MESSAGE][PASSED] - Actual text and expected text of test object 'Object Repository/F_Menu_Admin/title_menu' are matched.

13-04-2024T18:47:18 - [TEST_STEP][PASSED] - delay(3): Delayed 3 second(s)

13-04-2024T18:47:21 - [MESSAGE][PASSED] - Delayed 3 second(s)]]></system-out>
         <system-err><![CDATA[]]></system-err>
      </testcase>
      <system-out><![CDATA[13-04-2024T18:45:41 - [TEST_SUITE][PASSED] - TS_Qualifications_Education: Test Cases/Menu_Admin/Navigate_Qualifications_Education]]></system-out>
      <system-err><![CDATA[]]></system-err>
   </testsuite>
</testsuites>
