<?xml version="1.0" encoding="UTF-8"?>
<testsuites name="TS_AddEmployee" time="43.901" tests="1" failures="0" errors="0">
   <testsuite name="TS_AddEmployee" tests="1" failures="0" errors="0" time="43.901" skipped="0" timestamp="16-04-2024T09:39:45" hostname="1556 - LAPTOP-PT885S91" id="Test Suites/TS_MenuPIM/F_AddEmployee/TS_AddEmployee">
      <properties>
         <property name="deviceName" value=""/>
         <property name="devicePlatform" value=""/>
         <property name="logFolder" value="C:\\Users\\1556\\git\\My-First-Web-UI-Project\\Reports\\20240416_093930\\TS_MenuPIM\\F_AddEmployee\\TS_AddEmployee\\20240416_093931"/>
         <property name="logFiles" value="C:\\Users\\1556\\git\\My-First-Web-UI-Project\\Reports\\20240416_093930\\TS_MenuPIM\\F_AddEmployee\\TS_AddEmployee\\20240416_093931\\execution0.log"/>
         <property name="attachments" value="keyes\keyes-Before Login.png, keyes\keyes-After Login.png"/>
         <property name="hostName" value="1556 - LAPTOP-PT885S91"/>
         <property name="os" value="Windows 11 64bit"/>
         <property name="katalonVersion" value="9.3.2.212"/>
         <property name="browser" value="Chrome 123.0.0.0"/>
         <property name="hostAddress" value="192.168.10.35"/>
         <property name="sessionId" value="165f04b910b01dc601459bcb7852a910"/>
         <property name="seleniumVersion" value="3.141.59"/>
         <property name="proxyInformation" value="ProxyInformation { proxyOption=NO_PROXY, proxyServerType=HTTP, username=, password=********, proxyServerAddress=, proxyServerPort=0, executionList=&quot;&quot;, isApplyToDesiredCapabilities=true }"/>
         <property name="platform" value="Windows 11"/>
      </properties>
      <testcase name="Test Cases/Menu_PIM/Navigate_AddEmployee" time="43.609" classname="Test Cases/Menu_PIM/Navigate_AddEmployee" status="PASSED">
         <system-out><![CDATA[16-04-2024T09:39:46 - [TEST_CASE][PASSED] - Test Cases/Menu_PIM/Navigate_AddEmployee: Test Cases/Menu_PIM/Navigate_AddEmployee

16-04-2024T09:39:46 - [TEST_STEP][PASSED] - callTestCase(findTestCase("Login/Login_Success"), [:], STOP_ON_FAILURE): Call Test Case 'Test Cases/Login/Login_Success' successfully

16-04-2024T09:39:46 - [TEST_CASE][PASSED] - Test Cases/Login/Login_Success: Test Cases/Login/Login_Success

16-04-2024T09:39:47 - [TEST_STEP][PASSED] - openBrowser(""): Browser is opened with url: ''

16-04-2024T09:39:47 - [MESSAGE][INFO] - Starting 'Chrome' driver

16-04-2024T09:39:47 - [MESSAGE][INFO] - User set preference: ['args', '[--start-maximized]']

16-04-2024T09:39:47 - [MESSAGE][INFO] - Action delay is set to 1,000 milliseconds

16-04-2024T09:39:50 - [MESSAGE][PASSED] - Browser is opened with url: ''

16-04-2024T09:39:50 - [TEST_STEP][PASSED] - navigateToUrl(url_login): Navigate to 'https://opensource-demo.orangehrmlive.com/web/index.php/auth/login' successfully

16-04-2024T09:39:58 - [MESSAGE][PASSED] - Navigate to 'https://opensource-demo.orangehrmlive.com/web/index.php/auth/login' successfully

16-04-2024T09:39:58 - [TEST_STEP][PASSED] - delay(3): Delayed 3 second(s)

16-04-2024T09:40:02 - [MESSAGE][PASSED] - Delayed 3 second(s)

16-04-2024T09:40:02 - [TEST_STEP][PASSED] - takeScreenshotAsCheckpoint("Before Login"): Taking screenshot successfully

16-04-2024T09:40:03 - [MESSAGE][INFO] - 0 hidden object(s)

16-04-2024T09:40:03 - [MESSAGE][PASSED] - Taking screenshot successfully
[[ATTACHMENT|keyes\keyes-Before Login.png]]

16-04-2024T09:40:03 - [TEST_STEP][PASSED] - setText(findTestObject("field_username"), valid_username): Text 'Admin' is set on object 'Object Repository/field_username'

16-04-2024T09:40:07 - [MESSAGE][PASSED] - Text 'Admin' is set on object 'Object Repository/field_username'

16-04-2024T09:40:07 - [TEST_STEP][PASSED] - setText(findTestObject("field_password"), valid_password): Text 'admin123' is set on object 'Object Repository/field_password'

16-04-2024T09:40:09 - [MESSAGE][PASSED] - Text 'admin123' is set on object 'Object Repository/field_password'

16-04-2024T09:40:09 - [TEST_STEP][PASSED] - click(findTestObject("btn_login")): Object: 'Object Repository/btn_login' is clicked on

16-04-2024T09:40:11 - [MESSAGE][PASSED] - Object: 'Object Repository/btn_login' is clicked on

16-04-2024T09:40:11 - [TEST_STEP][PASSED] - delay(5): Delayed 5 second(s)

16-04-2024T09:40:16 - [MESSAGE][PASSED] - Delayed 5 second(s)

16-04-2024T09:40:16 - [TEST_STEP][PASSED] - takeScreenshotAsCheckpoint("After Login"): Taking screenshot successfully

16-04-2024T09:40:16 - [MESSAGE][INFO] - 0 hidden object(s)

16-04-2024T09:40:16 - [MESSAGE][PASSED] - Taking screenshot successfully
[[ATTACHMENT|keyes\keyes-After Login.png]]

16-04-2024T09:40:16 - [MESSAGE][PASSED] - Call Test Case 'Test Cases/Login/Login_Success' successfully

16-04-2024T09:40:16 - [TEST_STEP][PASSED] - delay(3): Delayed 3 second(s)

16-04-2024T09:40:19 - [MESSAGE][PASSED] - Delayed 3 second(s)

16-04-2024T09:40:19 - [TEST_STEP][PASSED] - click(findTestObject("F_Menu_PIM/menu_pim")): Object: 'Object Repository/F_Menu_PIM/menu_pim' is clicked on

16-04-2024T09:40:22 - [MESSAGE][PASSED] - Object: 'Object Repository/F_Menu_PIM/menu_pim' is clicked on

16-04-2024T09:40:22 - [TEST_STEP][PASSED] - click(findTestObject("F_Menu_PIM/tab_addEmployee")): Object: 'Object Repository/F_Menu_PIM/tab_addEmployee' is clicked on

16-04-2024T09:40:25 - [MESSAGE][PASSED] - Object: 'Object Repository/F_Menu_PIM/tab_addEmployee' is clicked on

16-04-2024T09:40:25 - [TEST_STEP][PASSED] - verifyElementText(findTestObject("F_Menu_Admin/title_menu"), "Add Employee"): Actual text and expected text of test object 'Object Repository/F_Menu_Admin/title_menu' are matched.

16-04-2024T09:40:26 - [MESSAGE][PASSED] - Actual text and expected text of test object 'Object Repository/F_Menu_Admin/title_menu' are matched.

16-04-2024T09:40:26 - [TEST_STEP][PASSED] - delay(3): Delayed 3 second(s)

16-04-2024T09:40:29 - [MESSAGE][PASSED] - Delayed 3 second(s)]]></system-out>
         <system-err><![CDATA[]]></system-err>
      </testcase>
      <system-out><![CDATA[16-04-2024T09:39:45 - [TEST_SUITE][PASSED] - TS_AddEmployee: Test Cases/Menu_PIM/Navigate_AddEmployee]]></system-out>
      <system-err><![CDATA[]]></system-err>
   </testsuite>
</testsuites>
