<?xml version="1.0" encoding="UTF-8"?>
<testsuites name="TS_MenuPIMs" time="188.45" tests="4" failures="0" errors="0">
   <testsuite name="TS_MenuPIMs" tests="4" failures="0" errors="0" time="188.45" skipped="0" timestamp="15-04-2024T17:28:19" hostname="1556 - LAPTOP-PT885S91" id="Test Suites/TS_MenuPIM/TS_MenuPIMs">
      <properties>
         <property name="deviceName" value=""/>
         <property name="devicePlatform" value=""/>
         <property name="logFolder" value="C:\\Users\\1556\\git\\My-First-Web-UI-Project\\Reports\\20240415_172806\\TS_MenuPIM\\TS_MenuPIMs\\20240415_172807"/>
         <property name="logFiles" value="C:\\Users\\1556\\git\\My-First-Web-UI-Project\\Reports\\20240415_172806\\TS_MenuPIM\\TS_MenuPIMs\\20240415_172807\\execution0.log"/>
         <property name="attachments" value="keyes\keyes-Before Login.png, keyes\keyes-After Login.png, keyes\keyes-Before Login.png, keyes\keyes-After Login.png, keyes\keyes-Before Login.png, keyes\keyes-After Login.png, keyes\keyes-Before Login.png, keyes\keyes-After Login.png"/>
         <property name="hostName" value="1556 - LAPTOP-PT885S91"/>
         <property name="os" value="Windows 11 64bit"/>
         <property name="katalonVersion" value="9.3.2.212"/>
         <property name="browser" value="Chrome 123.0.0.0"/>
         <property name="hostAddress" value="192.168.10.35"/>
         <property name="sessionId" value="c2852e0c7519bf9128174071bedb2322"/>
         <property name="seleniumVersion" value="3.141.59"/>
         <property name="proxyInformation" value="ProxyInformation { proxyOption=NO_PROXY, proxyServerType=HTTP, username=, password=********, proxyServerAddress=, proxyServerPort=0, executionList=&quot;&quot;, isApplyToDesiredCapabilities=true }"/>
         <property name="platform" value="Windows 11"/>
      </properties>
      <testcase name="Test Cases/Menu_PIM/Navigate_PIM_AddEmployee" time="47.641" classname="Test Cases/Menu_PIM/Navigate_PIM_AddEmployee" status="PASSED">
         <system-out><![CDATA[15-04-2024T17:28:20 - [TEST_CASE][PASSED] - Test Cases/Menu_PIM/Navigate_PIM_AddEmployee: Test Cases/Menu_PIM/Navigate_PIM_AddEmployee

15-04-2024T17:28:20 - [TEST_STEP][PASSED] - callTestCase(findTestCase("Login/Login_Success"), [:], STOP_ON_FAILURE): Call Test Case 'Test Cases/Login/Login_Success' successfully

15-04-2024T17:28:21 - [TEST_CASE][PASSED] - Test Cases/Login/Login_Success: Test Cases/Login/Login_Success

15-04-2024T17:28:21 - [TEST_STEP][PASSED] - openBrowser(""): Browser is opened with url: ''

15-04-2024T17:28:21 - [MESSAGE][INFO] - Starting 'Chrome' driver

15-04-2024T17:28:22 - [MESSAGE][INFO] - User set preference: ['args', '[--start-maximized]']

15-04-2024T17:28:22 - [MESSAGE][INFO] - Action delay is set to 1,000 milliseconds

15-04-2024T17:28:25 - [MESSAGE][PASSED] - Browser is opened with url: ''

15-04-2024T17:28:25 - [TEST_STEP][PASSED] - navigateToUrl(url_login): Navigate to 'https://opensource-demo.orangehrmlive.com/web/index.php/auth/login' successfully

15-04-2024T17:28:35 - [MESSAGE][PASSED] - Navigate to 'https://opensource-demo.orangehrmlive.com/web/index.php/auth/login' successfully

15-04-2024T17:28:35 - [TEST_STEP][PASSED] - delay(3): Delayed 3 second(s)

15-04-2024T17:28:38 - [MESSAGE][PASSED] - Delayed 3 second(s)

15-04-2024T17:28:38 - [TEST_STEP][PASSED] - takeScreenshotAsCheckpoint("Before Login"): Taking screenshot successfully

15-04-2024T17:28:39 - [MESSAGE][INFO] - 0 hidden object(s)

15-04-2024T17:28:40 - [MESSAGE][PASSED] - Taking screenshot successfully
[[ATTACHMENT|keyes\keyes-Before Login.png]]

15-04-2024T17:28:40 - [TEST_STEP][PASSED] - setText(findTestObject("field_username"), valid_username): Text 'Admin' is set on object 'Object Repository/field_username'

15-04-2024T17:28:42 - [MESSAGE][PASSED] - Text 'Admin' is set on object 'Object Repository/field_username'

15-04-2024T17:28:42 - [TEST_STEP][PASSED] - setText(findTestObject("field_password"), valid_password): Text 'admin123' is set on object 'Object Repository/field_password'

15-04-2024T17:28:45 - [MESSAGE][PASSED] - Text 'admin123' is set on object 'Object Repository/field_password'

15-04-2024T17:28:45 - [TEST_STEP][PASSED] - click(findTestObject("btn_login")): Object: 'Object Repository/btn_login' is clicked on

15-04-2024T17:28:48 - [MESSAGE][PASSED] - Object: 'Object Repository/btn_login' is clicked on

15-04-2024T17:28:48 - [TEST_STEP][PASSED] - delay(5): Delayed 5 second(s)

15-04-2024T17:28:53 - [MESSAGE][PASSED] - Delayed 5 second(s)

15-04-2024T17:28:53 - [TEST_STEP][PASSED] - takeScreenshotAsCheckpoint("After Login"): Taking screenshot successfully

15-04-2024T17:28:54 - [MESSAGE][INFO] - 0 hidden object(s)

15-04-2024T17:28:54 - [MESSAGE][PASSED] - Taking screenshot successfully
[[ATTACHMENT|keyes\keyes-After Login.png]]

15-04-2024T17:28:54 - [MESSAGE][PASSED] - Call Test Case 'Test Cases/Login/Login_Success' successfully

15-04-2024T17:28:54 - [TEST_STEP][PASSED] - delay(3): Delayed 3 second(s)

15-04-2024T17:28:57 - [MESSAGE][PASSED] - Delayed 3 second(s)

15-04-2024T17:28:57 - [TEST_STEP][PASSED] - click(findTestObject("F_Menu_PIM/menu_pim")): Object: 'Object Repository/F_Menu_PIM/menu_pim' is clicked on

15-04-2024T17:28:59 - [MESSAGE][PASSED] - Object: 'Object Repository/F_Menu_PIM/menu_pim' is clicked on

15-04-2024T17:28:59 - [TEST_STEP][PASSED] - click(findTestObject("F_Menu_PIM/tab_addEmployee")): Object: 'Object Repository/F_Menu_PIM/tab_addEmployee' is clicked on

15-04-2024T17:29:03 - [MESSAGE][PASSED] - Object: 'Object Repository/F_Menu_PIM/tab_addEmployee' is clicked on

15-04-2024T17:29:03 - [TEST_STEP][PASSED] - verifyElementText(findTestObject("F_Menu_Admin/title_menu"), "Add Employee"): Actual text and expected text of test object 'Object Repository/F_Menu_Admin/title_menu' are matched.

15-04-2024T17:29:05 - [MESSAGE][PASSED] - Actual text and expected text of test object 'Object Repository/F_Menu_Admin/title_menu' are matched.

15-04-2024T17:29:05 - [TEST_STEP][PASSED] - delay(3): Delayed 3 second(s)

15-04-2024T17:29:08 - [MESSAGE][PASSED] - Delayed 3 second(s)]]></system-out>
         <system-err><![CDATA[]]></system-err>
      </testcase>
      <testcase name="Test Cases/Menu_PIM/Navigate_PIM_EmployeeList" time="45.308" classname="Test Cases/Menu_PIM/Navigate_PIM_EmployeeList" status="PASSED">
         <system-out><![CDATA[15-04-2024T17:29:08 - [TEST_CASE][PASSED] - Test Cases/Menu_PIM/Navigate_PIM_EmployeeList: Test Cases/Menu_PIM/Navigate_PIM_EmployeeList

15-04-2024T17:29:08 - [TEST_STEP][PASSED] - callTestCase(findTestCase("Login/Login_Success"), [:], STOP_ON_FAILURE): Call Test Case 'Test Cases/Login/Login_Success' successfully

15-04-2024T17:29:08 - [TEST_CASE][PASSED] - Test Cases/Login/Login_Success: Test Cases/Login/Login_Success

15-04-2024T17:29:08 - [TEST_STEP][PASSED] - openBrowser(""): Browser is opened with url: ''

15-04-2024T17:29:08 - [MESSAGE][WARNING] - A browser is already opened. Closing browser and opening a new one

15-04-2024T17:29:08 - [MESSAGE][INFO] - Starting 'Chrome' driver

15-04-2024T17:29:08 - [MESSAGE][INFO] - User set preference: ['args', '[--start-maximized]']

15-04-2024T17:29:08 - [MESSAGE][INFO] - Action delay is set to 1,000 milliseconds

15-04-2024T17:29:10 - [MESSAGE][PASSED] - Browser is opened with url: ''

15-04-2024T17:29:10 - [TEST_STEP][PASSED] - navigateToUrl(url_login): Navigate to 'https://opensource-demo.orangehrmlive.com/web/index.php/auth/login' successfully

15-04-2024T17:29:21 - [MESSAGE][PASSED] - Navigate to 'https://opensource-demo.orangehrmlive.com/web/index.php/auth/login' successfully

15-04-2024T17:29:21 - [TEST_STEP][PASSED] - delay(3): Delayed 3 second(s)

15-04-2024T17:29:24 - [MESSAGE][PASSED] - Delayed 3 second(s)

15-04-2024T17:29:24 - [TEST_STEP][PASSED] - takeScreenshotAsCheckpoint("Before Login"): Taking screenshot successfully

15-04-2024T17:29:25 - [MESSAGE][INFO] - 0 hidden object(s)

15-04-2024T17:29:25 - [MESSAGE][PASSED] - Taking screenshot successfully
[[ATTACHMENT|keyes\keyes-Before Login.png]]

15-04-2024T17:29:25 - [TEST_STEP][PASSED] - setText(findTestObject("field_username"), valid_username): Text 'Admin' is set on object 'Object Repository/field_username'

15-04-2024T17:29:28 - [MESSAGE][PASSED] - Text 'Admin' is set on object 'Object Repository/field_username'

15-04-2024T17:29:28 - [TEST_STEP][PASSED] - setText(findTestObject("field_password"), valid_password): Text 'admin123' is set on object 'Object Repository/field_password'

15-04-2024T17:29:31 - [MESSAGE][PASSED] - Text 'admin123' is set on object 'Object Repository/field_password'

15-04-2024T17:29:31 - [TEST_STEP][PASSED] - click(findTestObject("btn_login")): Object: 'Object Repository/btn_login' is clicked on

15-04-2024T17:29:33 - [MESSAGE][PASSED] - Object: 'Object Repository/btn_login' is clicked on

15-04-2024T17:29:33 - [TEST_STEP][PASSED] - delay(5): Delayed 5 second(s)

15-04-2024T17:29:38 - [MESSAGE][PASSED] - Delayed 5 second(s)

15-04-2024T17:29:38 - [TEST_STEP][PASSED] - takeScreenshotAsCheckpoint("After Login"): Taking screenshot successfully

15-04-2024T17:29:39 - [MESSAGE][INFO] - 0 hidden object(s)

15-04-2024T17:29:39 - [MESSAGE][PASSED] - Taking screenshot successfully
[[ATTACHMENT|keyes\keyes-After Login.png]]

15-04-2024T17:29:39 - [MESSAGE][PASSED] - Call Test Case 'Test Cases/Login/Login_Success' successfully

15-04-2024T17:29:39 - [TEST_STEP][PASSED] - delay(3): Delayed 3 second(s)

15-04-2024T17:29:42 - [MESSAGE][PASSED] - Delayed 3 second(s)

15-04-2024T17:29:42 - [TEST_STEP][PASSED] - click(findTestObject("F_Menu_PIM/menu_pim")): Object: 'Object Repository/F_Menu_PIM/menu_pim' is clicked on

15-04-2024T17:29:45 - [MESSAGE][PASSED] - Object: 'Object Repository/F_Menu_PIM/menu_pim' is clicked on

15-04-2024T17:29:45 - [TEST_STEP][PASSED] - click(findTestObject("F_Menu_PIM/tab_employeeList")): Object: 'Object Repository/F_Menu_PIM/tab_employeeList' is clicked on

15-04-2024T17:29:48 - [MESSAGE][PASSED] - Object: 'Object Repository/F_Menu_PIM/tab_employeeList' is clicked on

15-04-2024T17:29:48 - [TEST_STEP][PASSED] - verifyElementText(findTestObject("F_Menu_Admin/title_menuWithFilter"), "Employee Information"): Actual text and expected text of test object 'Object Repository/F_Menu_Admin/title_menuWithFilter' are matched.

15-04-2024T17:29:50 - [MESSAGE][PASSED] - Actual text and expected text of test object 'Object Repository/F_Menu_Admin/title_menuWithFilter' are matched.

15-04-2024T17:29:50 - [TEST_STEP][PASSED] - delay(3): Delayed 3 second(s)

15-04-2024T17:29:53 - [MESSAGE][PASSED] - Delayed 3 second(s)]]></system-out>
         <system-err><![CDATA[]]></system-err>
      </testcase>
      <testcase name="Test Cases/Menu_PIM/Navigate_PIM_OptionalFields" time="50.981" classname="Test Cases/Menu_PIM/Navigate_PIM_OptionalFields" status="PASSED">
         <system-out><![CDATA[15-04-2024T17:29:53 - [TEST_CASE][PASSED] - Test Cases/Menu_PIM/Navigate_PIM_OptionalFields: Test Cases/Menu_PIM/Navigate_PIM_OptionalFields

15-04-2024T17:29:53 - [TEST_STEP][PASSED] - callTestCase(findTestCase("Login/Login_Success"), [:], STOP_ON_FAILURE): Call Test Case 'Test Cases/Login/Login_Success' successfully

15-04-2024T17:29:53 - [TEST_CASE][PASSED] - Test Cases/Login/Login_Success: Test Cases/Login/Login_Success

15-04-2024T17:29:53 - [TEST_STEP][PASSED] - openBrowser(""): Browser is opened with url: ''

15-04-2024T17:29:53 - [MESSAGE][WARNING] - A browser is already opened. Closing browser and opening a new one

15-04-2024T17:29:54 - [MESSAGE][INFO] - Starting 'Chrome' driver

15-04-2024T17:29:54 - [MESSAGE][INFO] - User set preference: ['args', '[--start-maximized]']

15-04-2024T17:29:54 - [MESSAGE][INFO] - Action delay is set to 1,000 milliseconds

15-04-2024T17:29:56 - [MESSAGE][PASSED] - Browser is opened with url: ''

15-04-2024T17:29:56 - [TEST_STEP][PASSED] - navigateToUrl(url_login): Navigate to 'https://opensource-demo.orangehrmlive.com/web/index.php/auth/login' successfully

15-04-2024T17:30:12 - [MESSAGE][PASSED] - Navigate to 'https://opensource-demo.orangehrmlive.com/web/index.php/auth/login' successfully

15-04-2024T17:30:12 - [TEST_STEP][PASSED] - delay(3): Delayed 3 second(s)

15-04-2024T17:30:15 - [MESSAGE][PASSED] - Delayed 3 second(s)

15-04-2024T17:30:15 - [TEST_STEP][PASSED] - takeScreenshotAsCheckpoint("Before Login"): Taking screenshot successfully

15-04-2024T17:30:16 - [MESSAGE][INFO] - 0 hidden object(s)

15-04-2024T17:30:16 - [MESSAGE][PASSED] - Taking screenshot successfully
[[ATTACHMENT|keyes\keyes-Before Login.png]]

15-04-2024T17:30:16 - [TEST_STEP][PASSED] - setText(findTestObject("field_username"), valid_username): Text 'Admin' is set on object 'Object Repository/field_username'

15-04-2024T17:30:19 - [MESSAGE][PASSED] - Text 'Admin' is set on object 'Object Repository/field_username'

15-04-2024T17:30:19 - [TEST_STEP][PASSED] - setText(findTestObject("field_password"), valid_password): Text 'admin123' is set on object 'Object Repository/field_password'

15-04-2024T17:30:22 - [MESSAGE][PASSED] - Text 'admin123' is set on object 'Object Repository/field_password'

15-04-2024T17:30:22 - [TEST_STEP][PASSED] - click(findTestObject("btn_login")): Object: 'Object Repository/btn_login' is clicked on

15-04-2024T17:30:23 - [MESSAGE][PASSED] - Object: 'Object Repository/btn_login' is clicked on

15-04-2024T17:30:23 - [TEST_STEP][PASSED] - delay(5): Delayed 5 second(s)

15-04-2024T17:30:28 - [MESSAGE][PASSED] - Delayed 5 second(s)

15-04-2024T17:30:28 - [TEST_STEP][PASSED] - takeScreenshotAsCheckpoint("After Login"): Taking screenshot successfully

15-04-2024T17:30:29 - [MESSAGE][INFO] - 0 hidden object(s)

15-04-2024T17:30:29 - [MESSAGE][PASSED] - Taking screenshot successfully
[[ATTACHMENT|keyes\keyes-After Login.png]]

15-04-2024T17:30:29 - [MESSAGE][PASSED] - Call Test Case 'Test Cases/Login/Login_Success' successfully

15-04-2024T17:30:29 - [TEST_STEP][PASSED] - delay(3): Delayed 3 second(s)

15-04-2024T17:30:32 - [MESSAGE][PASSED] - Delayed 3 second(s)

15-04-2024T17:30:32 - [TEST_STEP][PASSED] - click(findTestObject("F_Menu_PIM/menu_pim")): Object: 'Object Repository/F_Menu_PIM/menu_pim' is clicked on

15-04-2024T17:30:35 - [MESSAGE][PASSED] - Object: 'Object Repository/F_Menu_PIM/menu_pim' is clicked on

15-04-2024T17:30:35 - [TEST_STEP][PASSED] - click(findTestObject("F_Menu_PIM/tab_configuration")): Object: 'Object Repository/F_Menu_PIM/tab_configuration' is clicked on

15-04-2024T17:30:37 - [MESSAGE][PASSED] - Object: 'Object Repository/F_Menu_PIM/tab_configuration' is clicked on

15-04-2024T17:30:37 - [TEST_STEP][PASSED] - click(findTestObject("F_Menu_PIM/select_optionalFields")): Object: 'Object Repository/F_Menu_PIM/select_optionalFields' is clicked on

15-04-2024T17:30:40 - [MESSAGE][PASSED] - Object: 'Object Repository/F_Menu_PIM/select_optionalFields' is clicked on

15-04-2024T17:30:40 - [TEST_STEP][PASSED] - verifyElementText(findTestObject("F_Menu_PIM/title_menu_pim"), "Optional Fields"): Actual text and expected text of test object 'Object Repository/F_Menu_PIM/title_menu_pim' are matched.

15-04-2024T17:30:41 - [MESSAGE][PASSED] - Actual text and expected text of test object 'Object Repository/F_Menu_PIM/title_menu_pim' are matched.

15-04-2024T17:30:41 - [TEST_STEP][PASSED] - delay(3): Delayed 3 second(s)

15-04-2024T17:30:44 - [MESSAGE][PASSED] - Delayed 3 second(s)]]></system-out>
         <system-err><![CDATA[]]></system-err>
      </testcase>
      <testcase name="Test Cases/Menu_PIM/Navigate_PIM_Report" time="44.069" classname="Test Cases/Menu_PIM/Navigate_PIM_Report" status="PASSED">
         <system-out><![CDATA[15-04-2024T17:30:44 - [TEST_CASE][PASSED] - Test Cases/Menu_PIM/Navigate_PIM_Report: Test Cases/Menu_PIM/Navigate_PIM_Report

15-04-2024T17:30:44 - [TEST_STEP][PASSED] - callTestCase(findTestCase("Login/Login_Success"), [:], STOP_ON_FAILURE): Call Test Case 'Test Cases/Login/Login_Success' successfully

15-04-2024T17:30:44 - [TEST_CASE][PASSED] - Test Cases/Login/Login_Success: Test Cases/Login/Login_Success

15-04-2024T17:30:44 - [TEST_STEP][PASSED] - openBrowser(""): Browser is opened with url: ''

15-04-2024T17:30:44 - [MESSAGE][WARNING] - A browser is already opened. Closing browser and opening a new one

15-04-2024T17:30:45 - [MESSAGE][INFO] - Starting 'Chrome' driver

15-04-2024T17:30:45 - [MESSAGE][INFO] - User set preference: ['args', '[--start-maximized]']

15-04-2024T17:30:45 - [MESSAGE][INFO] - Action delay is set to 1,000 milliseconds

15-04-2024T17:30:46 - [MESSAGE][PASSED] - Browser is opened with url: ''

15-04-2024T17:30:46 - [TEST_STEP][PASSED] - navigateToUrl(url_login): Navigate to 'https://opensource-demo.orangehrmlive.com/web/index.php/auth/login' successfully

15-04-2024T17:30:58 - [MESSAGE][PASSED] - Navigate to 'https://opensource-demo.orangehrmlive.com/web/index.php/auth/login' successfully

15-04-2024T17:30:58 - [TEST_STEP][PASSED] - delay(3): Delayed 3 second(s)

15-04-2024T17:31:01 - [MESSAGE][PASSED] - Delayed 3 second(s)

15-04-2024T17:31:01 - [TEST_STEP][PASSED] - takeScreenshotAsCheckpoint("Before Login"): Taking screenshot successfully

15-04-2024T17:31:01 - [MESSAGE][INFO] - 0 hidden object(s)

15-04-2024T17:31:01 - [MESSAGE][PASSED] - Taking screenshot successfully
[[ATTACHMENT|keyes\keyes-Before Login.png]]

15-04-2024T17:31:01 - [TEST_STEP][PASSED] - setText(findTestObject("field_username"), valid_username): Text 'Admin' is set on object 'Object Repository/field_username'

15-04-2024T17:31:04 - [MESSAGE][PASSED] - Text 'Admin' is set on object 'Object Repository/field_username'

15-04-2024T17:31:04 - [TEST_STEP][PASSED] - setText(findTestObject("field_password"), valid_password): Text 'admin123' is set on object 'Object Repository/field_password'

15-04-2024T17:31:07 - [MESSAGE][PASSED] - Text 'admin123' is set on object 'Object Repository/field_password'

15-04-2024T17:31:07 - [TEST_STEP][PASSED] - click(findTestObject("btn_login")): Object: 'Object Repository/btn_login' is clicked on

15-04-2024T17:31:09 - [MESSAGE][PASSED] - Object: 'Object Repository/btn_login' is clicked on

15-04-2024T17:31:09 - [TEST_STEP][PASSED] - delay(5): Delayed 5 second(s)

15-04-2024T17:31:14 - [MESSAGE][PASSED] - Delayed 5 second(s)

15-04-2024T17:31:14 - [TEST_STEP][PASSED] - takeScreenshotAsCheckpoint("After Login"): Taking screenshot successfully

15-04-2024T17:31:14 - [MESSAGE][INFO] - 0 hidden object(s)

15-04-2024T17:31:14 - [MESSAGE][PASSED] - Taking screenshot successfully
[[ATTACHMENT|keyes\keyes-After Login.png]]

15-04-2024T17:31:14 - [MESSAGE][PASSED] - Call Test Case 'Test Cases/Login/Login_Success' successfully

15-04-2024T17:31:14 - [TEST_STEP][PASSED] - delay(3): Delayed 3 second(s)

15-04-2024T17:31:17 - [MESSAGE][PASSED] - Delayed 3 second(s)

15-04-2024T17:31:17 - [TEST_STEP][PASSED] - click(findTestObject("F_Menu_PIM/menu_pim")): Object: 'Object Repository/F_Menu_PIM/menu_pim' is clicked on

15-04-2024T17:31:20 - [MESSAGE][PASSED] - Object: 'Object Repository/F_Menu_PIM/menu_pim' is clicked on

15-04-2024T17:31:20 - [TEST_STEP][PASSED] - click(findTestObject("F_Menu_PIM/tab_reports")): Object: 'Object Repository/F_Menu_PIM/tab_reports' is clicked on

15-04-2024T17:31:23 - [MESSAGE][PASSED] - Object: 'Object Repository/F_Menu_PIM/tab_reports' is clicked on

15-04-2024T17:31:23 - [TEST_STEP][PASSED] - verifyElementText(findTestObject("F_Menu_Admin/title_menuWithFilter"), "Employee Reports"): Actual text and expected text of test object 'Object Repository/F_Menu_Admin/title_menuWithFilter' are matched.

15-04-2024T17:31:25 - [MESSAGE][PASSED] - Actual text and expected text of test object 'Object Repository/F_Menu_Admin/title_menuWithFilter' are matched.

15-04-2024T17:31:25 - [TEST_STEP][PASSED] - delay(3): Delayed 3 second(s)

15-04-2024T17:31:28 - [MESSAGE][PASSED] - Delayed 3 second(s)]]></system-out>
         <system-err><![CDATA[]]></system-err>
      </testcase>
      <system-out><![CDATA[15-04-2024T17:28:19 - [TEST_SUITE][PASSED] - TS_MenuPIMs: Test Cases/Menu_PIM/Navigate_PIM_Report]]></system-out>
      <system-err><![CDATA[]]></system-err>
   </testsuite>
</testsuites>
