<?xml version="1.0" encoding="UTF-8"?>
<testsuites name="TS_Organization_GeneralInformation" time="92.088" tests="1" failures="0" errors="0">
   <testsuite name="TS_Organization_GeneralInformation" tests="1" failures="0" errors="0" time="92.088" skipped="0" timestamp="15-04-2024T13:35:46" hostname="1556 - LAPTOP-PT885S91" id="Test Suites/TS_MenuAdmin/F_Organization/TS_Organization_GeneralInformation">
      <properties>
         <property name="deviceName" value=""/>
         <property name="devicePlatform" value=""/>
         <property name="logFolder" value="C:\\Users\\1556\\git\\My-First-Web-UI-Project\\Reports\\20240415_133432\\TS_MenuAdmin\\F_Organization\\TS_Organization_GeneralInformation\\20240415_133445"/>
         <property name="logFiles" value="C:\\Users\\1556\\git\\My-First-Web-UI-Project\\Reports\\20240415_133432\\TS_MenuAdmin\\F_Organization\\TS_Organization_GeneralInformation\\20240415_133445\\execution0.log"/>
         <property name="attachments" value="keyes\keyes-Before Login.png, keyes\keyes-After Login.png"/>
         <property name="hostName" value="1556 - LAPTOP-PT885S91"/>
         <property name="os" value="Windows 11 64bit"/>
         <property name="katalonVersion" value="9.3.2.212"/>
         <property name="browser" value="Chrome 123.0.0.0"/>
         <property name="hostAddress" value="192.168.10.35"/>
         <property name="sessionId" value="7b8542d029cda78dc5cf6260371644e2"/>
         <property name="seleniumVersion" value="3.141.59"/>
         <property name="proxyInformation" value="ProxyInformation { proxyOption=NO_PROXY, proxyServerType=HTTP, username=, password=********, proxyServerAddress=, proxyServerPort=0, executionList=&quot;&quot;, isApplyToDesiredCapabilities=true }"/>
         <property name="platform" value="Windows 11"/>
      </properties>
      <testcase name="Test Cases/Menu_Admin/Navigate_Organization_GeneralInformation" time="91.73" classname="Test Cases/Menu_Admin/Navigate_Organization_GeneralInformation" status="PASSED">
         <system-out><![CDATA[15-04-2024T13:35:46 - [TEST_CASE][PASSED] - Test Cases/Menu_Admin/Navigate_Organization_GeneralInformation: Test Cases/Menu_Admin/Navigate_Organization_GeneralInformation

15-04-2024T13:35:47 - [TEST_STEP][PASSED] - callTestCase(findTestCase("Login/Login_Success"), [:], STOP_ON_FAILURE): Call Test Case 'Test Cases/Login/Login_Success' successfully

15-04-2024T13:35:48 - [TEST_CASE][PASSED] - Test Cases/Login/Login_Success: Test Cases/Login/Login_Success

15-04-2024T13:35:48 - [TEST_STEP][PASSED] - openBrowser(""): Browser is opened with url: ''

15-04-2024T13:35:49 - [MESSAGE][INFO] - Starting 'Chrome' driver

15-04-2024T13:35:49 - [MESSAGE][INFO] - User set preference: ['args', '[--start-maximized]']

15-04-2024T13:35:49 - [MESSAGE][INFO] - Action delay is set to 1,000 milliseconds

15-04-2024T13:36:00 - [MESSAGE][PASSED] - Browser is opened with url: ''

15-04-2024T13:36:00 - [TEST_STEP][PASSED] - navigateToUrl(url_login): Navigate to 'https://opensource-demo.orangehrmlive.com/web/index.php/auth/login' successfully

15-04-2024T13:36:44 - [MESSAGE][PASSED] - Navigate to 'https://opensource-demo.orangehrmlive.com/web/index.php/auth/login' successfully

15-04-2024T13:36:44 - [TEST_STEP][PASSED] - delay(3): Delayed 3 second(s)

15-04-2024T13:36:47 - [MESSAGE][PASSED] - Delayed 3 second(s)

15-04-2024T13:36:47 - [TEST_STEP][PASSED] - takeScreenshotAsCheckpoint("Before Login"): Taking screenshot successfully

15-04-2024T13:36:48 - [MESSAGE][INFO] - 0 hidden object(s)

15-04-2024T13:36:49 - [MESSAGE][PASSED] - Taking screenshot successfully
[[ATTACHMENT|keyes\keyes-Before Login.png]]

15-04-2024T13:36:49 - [TEST_STEP][PASSED] - setText(findTestObject("field_username"), valid_username): Text 'Admin' is set on object 'Object Repository/field_username'

15-04-2024T13:36:52 - [MESSAGE][PASSED] - Text 'Admin' is set on object 'Object Repository/field_username'

15-04-2024T13:36:52 - [TEST_STEP][PASSED] - setText(findTestObject("field_password"), valid_password): Text 'admin123' is set on object 'Object Repository/field_password'

15-04-2024T13:36:55 - [MESSAGE][PASSED] - Text 'admin123' is set on object 'Object Repository/field_password'

15-04-2024T13:36:55 - [TEST_STEP][PASSED] - click(findTestObject("btn_login")): Object: 'Object Repository/btn_login' is clicked on

15-04-2024T13:36:58 - [MESSAGE][PASSED] - Object: 'Object Repository/btn_login' is clicked on

15-04-2024T13:36:58 - [TEST_STEP][PASSED] - delay(5): Delayed 5 second(s)

15-04-2024T13:37:03 - [MESSAGE][PASSED] - Delayed 5 second(s)

15-04-2024T13:37:03 - [TEST_STEP][PASSED] - takeScreenshotAsCheckpoint("After Login"): Taking screenshot successfully

15-04-2024T13:37:03 - [MESSAGE][INFO] - 0 hidden object(s)

15-04-2024T13:37:03 - [MESSAGE][PASSED] - Taking screenshot successfully
[[ATTACHMENT|keyes\keyes-After Login.png]]

15-04-2024T13:37:03 - [MESSAGE][PASSED] - Call Test Case 'Test Cases/Login/Login_Success' successfully

15-04-2024T13:37:03 - [TEST_STEP][PASSED] - delay(3): Delayed 3 second(s)

15-04-2024T13:37:06 - [MESSAGE][PASSED] - Delayed 3 second(s)

15-04-2024T13:37:06 - [TEST_STEP][PASSED] - click(findTestObject("F_Menu_Admin/menu_admin")): Object: 'Object Repository/F_Menu_Admin/menu_admin' is clicked on

15-04-2024T13:37:09 - [MESSAGE][PASSED] - Object: 'Object Repository/F_Menu_Admin/menu_admin' is clicked on

15-04-2024T13:37:09 - [TEST_STEP][PASSED] - click(findTestObject("F_Menu_Admin/F_Organization/tab_organization")): Object: 'Object Repository/F_Menu_Admin/F_Organization/tab_organization' is clicked on

15-04-2024T13:37:11 - [MESSAGE][PASSED] - Object: 'Object Repository/F_Menu_Admin/F_Organization/tab_organization' is clicked on

15-04-2024T13:37:11 - [TEST_STEP][PASSED] - click(findTestObject("F_Menu_Admin/F_Organization/select_generalInformation")): Object: 'Object Repository/F_Menu_Admin/F_Organization/select_generalInformation' is clicked on

15-04-2024T13:37:14 - [MESSAGE][PASSED] - Object: 'Object Repository/F_Menu_Admin/F_Organization/select_generalInformation' is clicked on

15-04-2024T13:37:14 - [TEST_STEP][PASSED] - verifyElementText(findTestObject("F_Menu_Admin/title_menu"), "General Information"): Actual text and expected text of test object 'Object Repository/F_Menu_Admin/title_menu' are matched.

15-04-2024T13:37:15 - [MESSAGE][PASSED] - Actual text and expected text of test object 'Object Repository/F_Menu_Admin/title_menu' are matched.

15-04-2024T13:37:15 - [TEST_STEP][PASSED] - delay(3): Delayed 3 second(s)

15-04-2024T13:37:18 - [MESSAGE][PASSED] - Delayed 3 second(s)]]></system-out>
         <system-err><![CDATA[]]></system-err>
      </testcase>
      <system-out><![CDATA[15-04-2024T13:35:46 - [TEST_SUITE][PASSED] - TS_Organization_GeneralInformation: Test Cases/Menu_Admin/Navigate_Organization_GeneralInformation]]></system-out>
      <system-err><![CDATA[]]></system-err>
   </testsuite>
</testsuites>
