<?xml version="1.0" encoding="UTF-8"?>
<testsuites name="TS_Job_EmploymentStatus" time="40.569" tests="1" failures="0" errors="0">
   <testsuite name="TS_Job_EmploymentStatus" tests="1" failures="0" errors="0" time="40.569" skipped="0" timestamp="04-04-2024T16:19:28" hostname="1556 - LAPTOP-PT885S91" id="Test Suites/TS_MenuAdmin/F_Job/TS_Job_EmploymentStatus">
      <properties>
         <property name="deviceName" value=""/>
         <property name="devicePlatform" value=""/>
         <property name="logFolder" value="C:\\Users\\1556\\Katalon Studio\\My First Web UI Project\\Reports\\20240404_161518\\TS_MenuAdmin\\F_Job\\TS_Job_EmploymentStatus\\20240404_161607"/>
         <property name="logFiles" value="C:\\Users\\1556\\Katalon Studio\\My First Web UI Project\\Reports\\20240404_161518\\TS_MenuAdmin\\F_Job\\TS_Job_EmploymentStatus\\20240404_161607\\execution0.log"/>
         <property name="attachments" value="keyes\keyes-Before Login.png, keyes\keyes-After Login.png"/>
         <property name="hostName" value="1556 - LAPTOP-PT885S91"/>
         <property name="os" value="Windows 11 64bit"/>
         <property name="katalonVersion" value="9.3.2.212"/>
         <property name="browser" value="Chrome 123.0.0.0"/>
         <property name="hostAddress" value="192.168.10.208"/>
         <property name="sessionId" value="648defacad25211dc174ded1a7ebad9e"/>
         <property name="seleniumVersion" value="3.141.59"/>
         <property name="proxyInformation" value="ProxyInformation { proxyOption=NO_PROXY, proxyServerType=HTTP, username=, password=********, proxyServerAddress=, proxyServerPort=0, executionList=&quot;&quot;, isApplyToDesiredCapabilities=true }"/>
         <property name="platform" value="Windows 11"/>
      </properties>
      <testcase name="Test Cases/Menu_Admin/Navigate_Job_EmploymentStatus" time="40.411" classname="Test Cases/Menu_Admin/Navigate_Job_EmploymentStatus" status="PASSED">
         <system-out><![CDATA[04-04-2024T16:19:28 - [TEST_CASE][PASSED] - Test Cases/Menu_Admin/Navigate_Job_EmploymentStatus: Test Cases/Menu_Admin/Navigate_Job_EmploymentStatus

04-04-2024T16:19:28 - [TEST_STEP][PASSED] - callTestCase(findTestCase("Login/Login_Success"), [:], STOP_ON_FAILURE): Call Test Case 'Test Cases/Login/Login_Success' successfully

04-04-2024T16:19:29 - [TEST_CASE][PASSED] - Test Cases/Login/Login_Success: Test Cases/Login/Login_Success

04-04-2024T16:19:29 - [TEST_STEP][PASSED] - openBrowser(""): Browser is opened with url: ''

04-04-2024T16:19:29 - [MESSAGE][INFO] - Starting 'Chrome' driver

04-04-2024T16:19:29 - [MESSAGE][INFO] - User set preference: ['args', '[--start-maximized]']

04-04-2024T16:19:29 - [MESSAGE][INFO] - Action delay is set to 1,000 milliseconds

04-04-2024T16:19:30 - [MESSAGE][PASSED] - Browser is opened with url: ''

04-04-2024T16:19:30 - [TEST_STEP][PASSED] - navigateToUrl(url_login): Navigate to 'https://opensource-demo.orangehrmlive.com/web/index.php/auth/login' successfully

04-04-2024T16:19:38 - [MESSAGE][PASSED] - Navigate to 'https://opensource-demo.orangehrmlive.com/web/index.php/auth/login' successfully

04-04-2024T16:19:38 - [TEST_STEP][PASSED] - delay(3): Delayed 3 second(s)

04-04-2024T16:19:41 - [MESSAGE][PASSED] - Delayed 3 second(s)

04-04-2024T16:19:41 - [TEST_STEP][PASSED] - takeScreenshotAsCheckpoint("Before Login"): Taking screenshot successfully

04-04-2024T16:19:42 - [MESSAGE][INFO] - 0 hidden object(s)

04-04-2024T16:19:42 - [MESSAGE][PASSED] - Taking screenshot successfully
[[ATTACHMENT|keyes\keyes-Before Login.png]]

04-04-2024T16:19:42 - [TEST_STEP][PASSED] - setText(findTestObject("field_username"), valid_username): Text 'Admin' is set on object 'Object Repository/field_username'

04-04-2024T16:19:44 - [MESSAGE][PASSED] - Text 'Admin' is set on object 'Object Repository/field_username'

04-04-2024T16:19:44 - [TEST_STEP][PASSED] - setText(findTestObject("field_password"), valid_password): Text 'admin123' is set on object 'Object Repository/field_password'

04-04-2024T16:19:47 - [MESSAGE][PASSED] - Text 'admin123' is set on object 'Object Repository/field_password'

04-04-2024T16:19:47 - [TEST_STEP][PASSED] - click(findTestObject("btn_login")): Object: 'Object Repository/btn_login' is clicked on

04-04-2024T16:19:49 - [MESSAGE][PASSED] - Object: 'Object Repository/btn_login' is clicked on

04-04-2024T16:19:49 - [TEST_STEP][PASSED] - delay(5): Delayed 5 second(s)

04-04-2024T16:19:54 - [MESSAGE][PASSED] - Delayed 5 second(s)

04-04-2024T16:19:54 - [TEST_STEP][PASSED] - takeScreenshotAsCheckpoint("After Login"): Taking screenshot successfully

04-04-2024T16:19:54 - [MESSAGE][INFO] - 0 hidden object(s)

04-04-2024T16:19:54 - [MESSAGE][PASSED] - Taking screenshot successfully
[[ATTACHMENT|keyes\keyes-After Login.png]]

04-04-2024T16:19:54 - [MESSAGE][PASSED] - Call Test Case 'Test Cases/Login/Login_Success' successfully

04-04-2024T16:19:54 - [TEST_STEP][PASSED] - delay(3): Delayed 3 second(s)

04-04-2024T16:19:57 - [MESSAGE][PASSED] - Delayed 3 second(s)

04-04-2024T16:19:57 - [TEST_STEP][PASSED] - click(findTestObject("F_Menu_Admin/menu_admin")): Object: 'Object Repository/F_Menu_Admin/menu_admin' is clicked on

04-04-2024T16:19:59 - [MESSAGE][PASSED] - Object: 'Object Repository/F_Menu_Admin/menu_admin' is clicked on

04-04-2024T16:19:59 - [TEST_STEP][PASSED] - click(findTestObject("F_Menu_Admin/F_Job/tab_job")): Object: 'Object Repository/F_Menu_Admin/F_Job/tab_job' is clicked on

04-04-2024T16:20:02 - [MESSAGE][PASSED] - Object: 'Object Repository/F_Menu_Admin/F_Job/tab_job' is clicked on

04-04-2024T16:20:02 - [TEST_STEP][PASSED] - click(findTestObject("F_Menu_Admin/F_Job/select_employmentStatus")): Object: 'Object Repository/F_Menu_Admin/F_Job/select_employmentStatus' is clicked on

04-04-2024T16:20:04 - [MESSAGE][PASSED] - Object: 'Object Repository/F_Menu_Admin/F_Job/select_employmentStatus' is clicked on

04-04-2024T16:20:04 - [TEST_STEP][PASSED] - verifyElementText(findTestObject("F_Menu_Admin/title_menu"), "Employment Status"): Actual text and expected text of test object 'Object Repository/F_Menu_Admin/title_menu' are matched.

04-04-2024T16:20:06 - [MESSAGE][PASSED] - Actual text and expected text of test object 'Object Repository/F_Menu_Admin/title_menu' are matched.

04-04-2024T16:20:06 - [TEST_STEP][PASSED] - delay(3): Delayed 3 second(s)

04-04-2024T16:20:09 - [MESSAGE][PASSED] - Delayed 3 second(s)]]></system-out>
         <system-err><![CDATA[]]></system-err>
      </testcase>
      <system-out><![CDATA[04-04-2024T16:19:28 - [TEST_SUITE][PASSED] - TS_Job_EmploymentStatus: Test Cases/Menu_Admin/Navigate_Job_EmploymentStatus]]></system-out>
      <system-err><![CDATA[]]></system-err>
   </testsuite>
</testsuites>
