<?xml version="1.0" encoding="UTF-8"?>
<testsuites name="TS_Job_JobCategories" time="127.549" tests="1" failures="0" errors="0">
   <testsuite name="TS_Job_JobCategories" tests="1" failures="0" errors="0" time="127.549" skipped="0" timestamp="15-04-2024T11:48:36" hostname="1556 - LAPTOP-PT885S91" id="Test Suites/TS_MenuAdmin/F_Job/TS_Job_JobCategories">
      <properties>
         <property name="deviceName" value=""/>
         <property name="devicePlatform" value=""/>
         <property name="logFolder" value="C:\\Users\\1556\\git\\My-First-Web-UI-Project\\Reports\\20240415_114729\\TS_MenuAdmin\\F_Job\\TS_Job_JobCategories\\20240415_114738"/>
         <property name="logFiles" value="C:\\Users\\1556\\git\\My-First-Web-UI-Project\\Reports\\20240415_114729\\TS_MenuAdmin\\F_Job\\TS_Job_JobCategories\\20240415_114738\\execution0.log"/>
         <property name="attachments" value="keyes\keyes-Before Login.png, keyes\keyes-After Login.png"/>
         <property name="hostName" value="1556 - LAPTOP-PT885S91"/>
         <property name="os" value="Windows 11 64bit"/>
         <property name="katalonVersion" value="9.3.2.212"/>
         <property name="browser" value="Chrome 123.0.0.0"/>
         <property name="hostAddress" value="192.168.10.35"/>
         <property name="sessionId" value="d37aa0a4b3f3af993773acb144b0d0fb"/>
         <property name="seleniumVersion" value="3.141.59"/>
         <property name="proxyInformation" value="ProxyInformation { proxyOption=NO_PROXY, proxyServerType=HTTP, username=, password=********, proxyServerAddress=, proxyServerPort=0, executionList=&quot;&quot;, isApplyToDesiredCapabilities=true }"/>
         <property name="platform" value="Windows 11"/>
      </properties>
      <testcase name="Test Cases/Menu_Admin/Navigate_Job_JobCategories" time="127.125" classname="Test Cases/Menu_Admin/Navigate_Job_JobCategories" status="PASSED">
         <system-out><![CDATA[15-04-2024T11:48:36 - [TEST_CASE][PASSED] - Test Cases/Menu_Admin/Navigate_Job_JobCategories: Test Cases/Menu_Admin/Navigate_Job_JobCategories

15-04-2024T11:48:37 - [TEST_STEP][PASSED] - callTestCase(findTestCase("Login/Login_Success"), [:], STOP_ON_FAILURE): Call Test Case 'Test Cases/Login/Login_Success' successfully

15-04-2024T11:48:38 - [TEST_CASE][PASSED] - Test Cases/Login/Login_Success: Test Cases/Login/Login_Success

15-04-2024T11:48:38 - [TEST_STEP][PASSED] - openBrowser(""): Browser is opened with url: ''

15-04-2024T11:48:39 - [MESSAGE][INFO] - Starting 'Chrome' driver

15-04-2024T11:48:39 - [MESSAGE][INFO] - User set preference: ['args', '[--start-maximized]']

15-04-2024T11:48:39 - [MESSAGE][INFO] - Action delay is set to 1,000 milliseconds

15-04-2024T11:48:47 - [MESSAGE][PASSED] - Browser is opened with url: ''

15-04-2024T11:48:47 - [TEST_STEP][PASSED] - navigateToUrl(url_login): Navigate to 'https://opensource-demo.orangehrmlive.com/web/index.php/auth/login' successfully

15-04-2024T11:48:49 - [MESSAGE][PASSED] - Navigate to 'https://opensource-demo.orangehrmlive.com/web/index.php/auth/login' successfully

15-04-2024T11:48:50 - [TEST_STEP][PASSED] - delay(3): Delayed 3 second(s)

15-04-2024T11:48:53 - [MESSAGE][PASSED] - Delayed 3 second(s)

15-04-2024T11:48:53 - [TEST_STEP][PASSED] - takeScreenshotAsCheckpoint("Before Login"): Taking screenshot successfully

15-04-2024T11:50:10 - [MESSAGE][INFO] - 0 hidden object(s)

15-04-2024T11:50:10 - [MESSAGE][PASSED] - Taking screenshot successfully
[[ATTACHMENT|keyes\keyes-Before Login.png]]

15-04-2024T11:50:10 - [TEST_STEP][PASSED] - setText(findTestObject("field_username"), valid_username): Text 'Admin' is set on object 'Object Repository/field_username'

15-04-2024T11:50:13 - [MESSAGE][PASSED] - Text 'Admin' is set on object 'Object Repository/field_username'

15-04-2024T11:50:13 - [TEST_STEP][PASSED] - setText(findTestObject("field_password"), valid_password): Text 'admin123' is set on object 'Object Repository/field_password'

15-04-2024T11:50:16 - [MESSAGE][PASSED] - Text 'admin123' is set on object 'Object Repository/field_password'

15-04-2024T11:50:16 - [TEST_STEP][PASSED] - click(findTestObject("btn_login")): Object: 'Object Repository/btn_login' is clicked on

15-04-2024T11:50:19 - [MESSAGE][PASSED] - Object: 'Object Repository/btn_login' is clicked on

15-04-2024T11:50:19 - [TEST_STEP][PASSED] - delay(5): Delayed 5 second(s)

15-04-2024T11:50:24 - [MESSAGE][PASSED] - Delayed 5 second(s)

15-04-2024T11:50:24 - [TEST_STEP][PASSED] - takeScreenshotAsCheckpoint("After Login"): Taking screenshot successfully

15-04-2024T11:50:25 - [MESSAGE][INFO] - 0 hidden object(s)

15-04-2024T11:50:25 - [MESSAGE][PASSED] - Taking screenshot successfully
[[ATTACHMENT|keyes\keyes-After Login.png]]

15-04-2024T11:50:25 - [MESSAGE][PASSED] - Call Test Case 'Test Cases/Login/Login_Success' successfully

15-04-2024T11:50:25 - [TEST_STEP][PASSED] - delay(3): Delayed 3 second(s)

15-04-2024T11:50:28 - [MESSAGE][PASSED] - Delayed 3 second(s)

15-04-2024T11:50:28 - [TEST_STEP][PASSED] - click(findTestObject("F_Menu_Admin/menu_admin")): Object: 'Object Repository/F_Menu_Admin/menu_admin' is clicked on

15-04-2024T11:50:34 - [MESSAGE][PASSED] - Object: 'Object Repository/F_Menu_Admin/menu_admin' is clicked on

15-04-2024T11:50:34 - [TEST_STEP][PASSED] - click(findTestObject("F_Menu_Admin/F_Job/tab_job")): Object: 'Object Repository/F_Menu_Admin/F_Job/tab_job' is clicked on

15-04-2024T11:50:36 - [MESSAGE][PASSED] - Object: 'Object Repository/F_Menu_Admin/F_Job/tab_job' is clicked on

15-04-2024T11:50:36 - [TEST_STEP][PASSED] - click(findTestObject("F_Menu_Admin/F_Job/select_jobCategories")): Object: 'Object Repository/F_Menu_Admin/F_Job/select_jobCategories' is clicked on

15-04-2024T11:50:39 - [MESSAGE][PASSED] - Object: 'Object Repository/F_Menu_Admin/F_Job/select_jobCategories' is clicked on

15-04-2024T11:50:39 - [TEST_STEP][PASSED] - verifyElementText(findTestObject("F_Menu_Admin/title_menu"), "Job Categories"): Actual text and expected text of test object 'Object Repository/F_Menu_Admin/title_menu' are matched.

15-04-2024T11:50:41 - [MESSAGE][PASSED] - Actual text and expected text of test object 'Object Repository/F_Menu_Admin/title_menu' are matched.

15-04-2024T11:50:41 - [TEST_STEP][PASSED] - delay(3): Delayed 3 second(s)

15-04-2024T11:50:44 - [MESSAGE][PASSED] - Delayed 3 second(s)]]></system-out>
         <system-err><![CDATA[]]></system-err>
      </testcase>
      <system-out><![CDATA[15-04-2024T11:48:36 - [TEST_SUITE][PASSED] - TS_Job_JobCategories: Test Cases/Menu_Admin/Navigate_Job_JobCategories]]></system-out>
      <system-err><![CDATA[]]></system-err>
   </testsuite>
</testsuites>
