<?xml version="1.0" encoding="UTF-8"?>
<testsuites name="TS_Job_WorkShifts" time="91.776" tests="1" failures="0" errors="0">
   <testsuite name="TS_Job_WorkShifts" tests="1" failures="0" errors="0" time="91.776" skipped="0" timestamp="15-04-2024T15:27:06" hostname="1556 - LAPTOP-PT885S91" id="Test Suites/TS_MenuAdmin/F_Job/TS_Job_WorkShifts">
      <properties>
         <property name="deviceName" value=""/>
         <property name="devicePlatform" value=""/>
         <property name="logFolder" value="C:\\Users\\1556\\git\\My-First-Web-UI-Project\\Reports\\20240415_152552\\TS_MenuAdmin\\F_Job\\TS_Job_WorkShifts\\20240415_152603"/>
         <property name="logFiles" value="C:\\Users\\1556\\git\\My-First-Web-UI-Project\\Reports\\20240415_152552\\TS_MenuAdmin\\F_Job\\TS_Job_WorkShifts\\20240415_152603\\execution0.log"/>
         <property name="attachments" value="keyes\keyes-Before Login.png, keyes\keyes-After Login.png"/>
         <property name="hostName" value="1556 - LAPTOP-PT885S91"/>
         <property name="os" value="Windows 11 64bit"/>
         <property name="katalonVersion" value="9.3.2.212"/>
         <property name="browser" value="Chrome 123.0.0.0"/>
         <property name="hostAddress" value="192.168.10.35"/>
         <property name="sessionId" value="0715b7b2899b20ad968c3d73cb3086d2"/>
         <property name="seleniumVersion" value="3.141.59"/>
         <property name="proxyInformation" value="ProxyInformation { proxyOption=NO_PROXY, proxyServerType=HTTP, username=, password=********, proxyServerAddress=, proxyServerPort=0, executionList=&quot;&quot;, isApplyToDesiredCapabilities=true }"/>
         <property name="platform" value="Windows 11"/>
      </properties>
      <testcase name="Test Cases/Menu_Admin/Navigate_Job_WorkShifts" time="91.005" classname="Test Cases/Menu_Admin/Navigate_Job_WorkShifts" status="PASSED">
         <system-out><![CDATA[15-04-2024T15:27:07 - [TEST_CASE][PASSED] - Test Cases/Menu_Admin/Navigate_Job_WorkShifts: Test Cases/Menu_Admin/Navigate_Job_WorkShifts

15-04-2024T15:27:08 - [TEST_STEP][PASSED] - callTestCase(findTestCase("Login/Login_Success"), [:], STOP_ON_FAILURE): Call Test Case 'Test Cases/Login/Login_Success' successfully

15-04-2024T15:27:09 - [TEST_CASE][PASSED] - Test Cases/Login/Login_Success: Test Cases/Login/Login_Success

15-04-2024T15:27:09 - [TEST_STEP][PASSED] - openBrowser(""): Browser is opened with url: ''

15-04-2024T15:27:10 - [MESSAGE][INFO] - Starting 'Chrome' driver

15-04-2024T15:27:10 - [MESSAGE][INFO] - User set preference: ['args', '[--start-maximized]']

15-04-2024T15:27:10 - [MESSAGE][INFO] - Action delay is set to 1,000 milliseconds

15-04-2024T15:27:15 - [MESSAGE][PASSED] - Browser is opened with url: ''

15-04-2024T15:27:15 - [TEST_STEP][PASSED] - navigateToUrl(url_login): Navigate to 'https://opensource-demo.orangehrmlive.com/web/index.php/auth/login' successfully

15-04-2024T15:27:19 - [MESSAGE][PASSED] - Navigate to 'https://opensource-demo.orangehrmlive.com/web/index.php/auth/login' successfully

15-04-2024T15:27:19 - [TEST_STEP][PASSED] - delay(3): Delayed 3 second(s)

15-04-2024T15:27:22 - [MESSAGE][PASSED] - Delayed 3 second(s)

15-04-2024T15:27:22 - [TEST_STEP][PASSED] - takeScreenshotAsCheckpoint("Before Login"): Taking screenshot successfully

15-04-2024T15:28:08 - [MESSAGE][INFO] - 0 hidden object(s)

15-04-2024T15:28:08 - [MESSAGE][PASSED] - Taking screenshot successfully
[[ATTACHMENT|keyes\keyes-Before Login.png]]

15-04-2024T15:28:08 - [TEST_STEP][PASSED] - setText(findTestObject("field_username"), valid_username): Text 'Admin' is set on object 'Object Repository/field_username'

15-04-2024T15:28:11 - [MESSAGE][PASSED] - Text 'Admin' is set on object 'Object Repository/field_username'

15-04-2024T15:28:11 - [TEST_STEP][PASSED] - setText(findTestObject("field_password"), valid_password): Text 'admin123' is set on object 'Object Repository/field_password'

15-04-2024T15:28:14 - [MESSAGE][PASSED] - Text 'admin123' is set on object 'Object Repository/field_password'

15-04-2024T15:28:14 - [TEST_STEP][PASSED] - click(findTestObject("btn_login")): Object: 'Object Repository/btn_login' is clicked on

15-04-2024T15:28:17 - [MESSAGE][PASSED] - Object: 'Object Repository/btn_login' is clicked on

15-04-2024T15:28:17 - [TEST_STEP][PASSED] - delay(5): Delayed 5 second(s)

15-04-2024T15:28:22 - [MESSAGE][PASSED] - Delayed 5 second(s)

15-04-2024T15:28:22 - [TEST_STEP][PASSED] - takeScreenshotAsCheckpoint("After Login"): Taking screenshot successfully

15-04-2024T15:28:23 - [MESSAGE][INFO] - 0 hidden object(s)

15-04-2024T15:28:23 - [MESSAGE][PASSED] - Taking screenshot successfully
[[ATTACHMENT|keyes\keyes-After Login.png]]

15-04-2024T15:28:23 - [MESSAGE][PASSED] - Call Test Case 'Test Cases/Login/Login_Success' successfully

15-04-2024T15:28:23 - [TEST_STEP][PASSED] - delay(3): Delayed 3 second(s)

15-04-2024T15:28:26 - [MESSAGE][PASSED] - Delayed 3 second(s)

15-04-2024T15:28:26 - [TEST_STEP][PASSED] - click(findTestObject("F_Menu_Admin/menu_admin")): Object: 'Object Repository/F_Menu_Admin/menu_admin' is clicked on

15-04-2024T15:28:28 - [MESSAGE][PASSED] - Object: 'Object Repository/F_Menu_Admin/menu_admin' is clicked on

15-04-2024T15:28:28 - [TEST_STEP][PASSED] - click(findTestObject("F_Menu_Admin/F_Job/tab_job")): Object: 'Object Repository/F_Menu_Admin/F_Job/tab_job' is clicked on

15-04-2024T15:28:31 - [MESSAGE][PASSED] - Object: 'Object Repository/F_Menu_Admin/F_Job/tab_job' is clicked on

15-04-2024T15:28:31 - [TEST_STEP][PASSED] - click(findTestObject("F_Menu_Admin/F_Job/select_workShifts")): Object: 'Object Repository/F_Menu_Admin/F_Job/select_workShifts' is clicked on

15-04-2024T15:28:33 - [MESSAGE][PASSED] - Object: 'Object Repository/F_Menu_Admin/F_Job/select_workShifts' is clicked on

15-04-2024T15:28:33 - [TEST_STEP][PASSED] - verifyElementText(findTestObject("F_Menu_Admin/title_menu"), "Work Shifts"): Actual text and expected text of test object 'Object Repository/F_Menu_Admin/title_menu' are matched.

15-04-2024T15:28:35 - [MESSAGE][PASSED] - Actual text and expected text of test object 'Object Repository/F_Menu_Admin/title_menu' are matched.

15-04-2024T15:28:35 - [TEST_STEP][PASSED] - delay(3): Delayed 3 second(s)

15-04-2024T15:28:38 - [MESSAGE][PASSED] - Delayed 3 second(s)]]></system-out>
         <system-err><![CDATA[]]></system-err>
      </testcase>
      <system-out><![CDATA[15-04-2024T15:27:06 - [TEST_SUITE][PASSED] - TS_Job_WorkShifts: Test Cases/Menu_Admin/Navigate_Job_WorkShifts]]></system-out>
      <system-err><![CDATA[]]></system-err>
   </testsuite>
</testsuites>
