<?xml version="1.0" encoding="UTF-8"?>
<testsuites name="TS_MenuPIMs" time="511.171" tests="4" failures="0" errors="0">
   <testsuite name="TS_MenuPIMs" tests="4" failures="0" errors="0" time="511.171" skipped="0" timestamp="15-04-2024T17:17:39" hostname="1556 - LAPTOP-PT885S91" id="Test Suites/TS_MenuPIM/TS_MenuPIMs">
      <properties>
         <property name="deviceName"/>
         <property name="devicePlatform" value="WINDOWS"/>
         <property name="logFolder" value="C:\\Users\\1556\\git\\My-First-Web-UI-Project\\Reports\\20240415_171726\\TS_MenuPIM\\TS_MenuPIMs\\20240415_171726"/>
         <property name="logFiles" value="C:\\Users\\1556\\git\\My-First-Web-UI-Project\\Reports\\20240415_171726\\TS_MenuPIM\\TS_MenuPIMs\\20240415_171726\\execution0.log"/>
         <property name="attachments" value="keyes\keyes-Before Login.png, keyes\keyes-After Login.png, keyes\keyes-Before Login.png, keyes\keyes-After Login.png, keyes\keyes-Before Login.png, keyes\keyes-After Login.png, keyes\keyes-Before Login.png, keyes\keyes-After Login.png"/>
         <property name="hostName" value="1556 - LAPTOP-PT885S91"/>
         <property name="remoteDriverUrl" value="testcloud.katalon.com/hub"/>
         <property name="desiredCapabilities" value="{&#xa;  &quot;timeouts&quot;: {&#xa;    &quot;implicit&quot;: 0,&#xa;    &quot;pageLoad&quot;: 300000,&#xa;    &quot;script&quot;: 30000&#xa;  },&#xa;  &quot;platform&quot;: &quot;WINDOWS&quot;,&#xa;  &quot;goog:chromeOptions&quot;: {&#xa;    &quot;debuggerAddress&quot;: &quot;localhost:9225&quot;&#xa;  },&#xa;  &quot;requestId&quot;: &quot;64a9b664-14ad-4075-b89f-417147751454&quot;,&#xa;  &quot;webauthn:extension:credBlob&quot;: true,&#xa;  &quot;acceptInsecureCerts&quot;: false,&#xa;  &quot;browserVersion&quot;: &quot;122.0.0.0&quot;,&#xa;  &quot;fedcm:accounts&quot;: true,&#xa;  &quot;browserName&quot;: &quot;chrome&quot;,&#xa;  &quot;javascriptEnabled&quot;: true,&#xa;  &quot;katalon:option&quot;: {&#xa;    &quot;unlimitedExecutionMinutes&quot;: true,&#xa;    &quot;apiKey&quot;: &quot;96ca78a0-4fe6-4098-95c7-9a1b1bed4aa8&quot;,&#xa;    &quot;tunnelMetadataId&quot;: &quot;089e9986-4e53-4d94-90e3-bc3ef7aaa670&quot;,&#xa;    &quot;userId&quot;: 1475388,&#xa;    &quot;organizationId&quot;: &quot;1440491&quot;,&#xa;    &quot;class&quot;: &quot;com.katalon.testcloud.grid.common.tunnel.domain.UserOptionCapability&quot;,&#xa;    &quot;runFromTestCloud&quot;: true,&#xa;    &quot;tenant&quot;: &quot;TestOps&quot;,&#xa;    &quot;usingTunnel&quot;: true,&#xa;    &quot;group&quot;: &quot;142c6039-2835-4bb7-9870-8c7c96a7cd28&quot;&#xa;  },&#xa;  &quot;platformName&quot;: &quot;WINDOWS&quot;,&#xa;  &quot;setWindowRect&quot;: true,&#xa;  &quot;webauthn:extension:largeBlob&quot;: true,&#xa;  &quot;networkConnectionEnabled&quot;: false,&#xa;  &quot;chrome&quot;: {&#xa;    &quot;chromedriverVersion&quot;: &quot;122.0.6261.6 (294fa47bfa42226d7b32fdf1f0e56223ee875cf6-refs/branch-heads/6261@{#16})&quot;,&#xa;    &quot;userDataDir&quot;: &quot;C:\\Program Files (x86)\\scoped_dir2532_259923742&quot;&#xa;  },&#xa;  &quot;pageLoadStrategy&quot;: &quot;normal&quot;,&#xa;  &quot;unhandledPromptBehavior&quot;: &quot;dismiss and notify&quot;,&#xa;  &quot;strictFileInteractability&quot;: false,&#xa;  &quot;***:loadExtension&quot;: [&#xa;    &quot;https://prod-magicleap-user-files-us-east-1-v1.s3.amazonaws.com/extensions/orgId-691279/SmartWait.zip&quot;&#xa;  ],&#xa;  &quot;version&quot;: &quot;122&quot;,&#xa;  &quot;se:cdp&quot;: &quot;ws://172.48.94.113:4444/session/60e6352e8ea8f7ad8eb518a27d09464c/se/cdp&quot;,&#xa;  &quot;proxy&quot;: {&#xa;    &quot;proxyType&quot;: &quot;UNSPECIFIED&quot;,&#xa;    &quot;autodetect&quot;: false&#xa;  },&#xa;  &quot;webauthn:extension:minPinLength&quot;: true,&#xa;  &quot;webauthn:extension:prf&quot;: true,&#xa;  &quot;webauthn:virtualAuthenticators&quot;: true&#xa;}"/>
         <property name="os" value="Windows 11 64bit"/>
         <property name="remoteOS" value="Windows"/>
         <property name="katalonVersion" value="9.3.2.212"/>
         <property name="browser" value="Chrome 122.0.0.0"/>
         <property name="hostAddress" value="192.168.10.35"/>
         <property name="sessionId" value="60e6352e8ea8f7ad8eb518a27d09464c"/>
         <property name="seleniumVersion" value="3.141.59"/>
         <property name="proxyInformation" value="ProxyInformation { proxyOption=NO_PROXY, proxyServerType=HTTP, username=, password=********, proxyServerAddress=, proxyServerPort=0, executionList=&quot;&quot;, isApplyToDesiredCapabilities=true }"/>
         <property name="platform" value="Windows 11"/>
      </properties>
      <testcase name="Test Cases/Menu_PIM/Navigate_PIM_AddEmployee" time="130.334" classname="Test Cases/Menu_PIM/Navigate_PIM_AddEmployee" status="PASSED">
         <system-out><![CDATA[15-04-2024T17:17:40 - [TEST_CASE][PASSED] - Test Cases/Menu_PIM/Navigate_PIM_AddEmployee: Test Cases/Menu_PIM/Navigate_PIM_AddEmployee

15-04-2024T17:17:40 - [TEST_STEP][PASSED] - callTestCase(findTestCase("Login/Login_Success"), [:], STOP_ON_FAILURE): Call Test Case 'Test Cases/Login/Login_Success' successfully

15-04-2024T17:17:40 - [TEST_CASE][PASSED] - Test Cases/Login/Login_Success: Test Cases/Login/Login_Success

15-04-2024T17:17:41 - [TEST_STEP][PASSED] - openBrowser(""): Browser is opened with url: ''

15-04-2024T17:17:41 - [MESSAGE][INFO] - User set preference: ['os', 'windows']

15-04-2024T17:17:41 - [MESSAGE][INFO] - User set preference: ['browserName', 'chrome']

15-04-2024T17:17:41 - [MESSAGE][INFO] - User set preference: ['browserVersion', '122']

15-04-2024T17:17:41 - [MESSAGE][INFO] - User set preference: ['katalon:option', '{organizationId=1440491, tunnelId=089e9986-4e53-4d94-90e3-bc3ef7aaa670, usingTunnel=true}']

15-04-2024T17:17:41 - [MESSAGE][INFO] - Connecting to remote web server 'testcloud.katalon.com/hub' with type 'Selenium'

15-04-2024T17:17:42 - [MESSAGE][INFO] - Action delay is set to 1,000 milliseconds

15-04-2024T17:18:24 - [MESSAGE][PASSED] - Browser is opened with url: ''

15-04-2024T17:18:24 - [TEST_STEP][PASSED] - navigateToUrl(url_login): Navigate to 'https://opensource-demo.orangehrmlive.com/web/index.php/auth/login' successfully

15-04-2024T17:18:40 - [MESSAGE][PASSED] - Navigate to 'https://opensource-demo.orangehrmlive.com/web/index.php/auth/login' successfully

15-04-2024T17:18:40 - [TEST_STEP][PASSED] - delay(3): Delayed 3 second(s)

15-04-2024T17:18:43 - [MESSAGE][PASSED] - Delayed 3 second(s)

15-04-2024T17:18:43 - [TEST_STEP][PASSED] - takeScreenshotAsCheckpoint("Before Login"): Taking screenshot successfully

15-04-2024T17:18:50 - [MESSAGE][INFO] - 0 hidden object(s)

15-04-2024T17:18:50 - [MESSAGE][PASSED] - Taking screenshot successfully
[[ATTACHMENT|keyes\keyes-Before Login.png]]

15-04-2024T17:18:50 - [TEST_STEP][PASSED] - setText(findTestObject("field_username"), valid_username): Text 'Admin' is set on object 'Object Repository/field_username'

15-04-2024T17:19:01 - [MESSAGE][PASSED] - Text 'Admin' is set on object 'Object Repository/field_username'

15-04-2024T17:19:01 - [TEST_STEP][PASSED] - setText(findTestObject("field_password"), valid_password): Text 'admin123' is set on object 'Object Repository/field_password'

15-04-2024T17:19:10 - [MESSAGE][PASSED] - Text 'admin123' is set on object 'Object Repository/field_password'

15-04-2024T17:19:10 - [TEST_STEP][PASSED] - click(findTestObject("btn_login")): Object: 'Object Repository/btn_login' is clicked on

15-04-2024T17:19:17 - [MESSAGE][PASSED] - Object: 'Object Repository/btn_login' is clicked on

15-04-2024T17:19:17 - [TEST_STEP][PASSED] - delay(5): Delayed 5 second(s)

15-04-2024T17:19:22 - [MESSAGE][PASSED] - Delayed 5 second(s)

15-04-2024T17:19:22 - [TEST_STEP][PASSED] - takeScreenshotAsCheckpoint("After Login"): Taking screenshot successfully

15-04-2024T17:19:28 - [MESSAGE][INFO] - 0 hidden object(s)

15-04-2024T17:19:28 - [MESSAGE][PASSED] - Taking screenshot successfully
[[ATTACHMENT|keyes\keyes-After Login.png]]

15-04-2024T17:19:28 - [MESSAGE][PASSED] - Call Test Case 'Test Cases/Login/Login_Success' successfully

15-04-2024T17:19:28 - [TEST_STEP][PASSED] - delay(3): Delayed 3 second(s)

15-04-2024T17:19:31 - [MESSAGE][PASSED] - Delayed 3 second(s)

15-04-2024T17:19:31 - [TEST_STEP][PASSED] - click(findTestObject("F_Menu_PIM/menu_pim")): Object: 'Object Repository/F_Menu_PIM/menu_pim' is clicked on

15-04-2024T17:19:37 - [MESSAGE][PASSED] - Object: 'Object Repository/F_Menu_PIM/menu_pim' is clicked on

15-04-2024T17:19:37 - [TEST_STEP][PASSED] - click(findTestObject("F_Menu_PIM/tab_addEmployee")): Object: 'Object Repository/F_Menu_PIM/tab_addEmployee' is clicked on

15-04-2024T17:19:43 - [MESSAGE][PASSED] - Object: 'Object Repository/F_Menu_PIM/tab_addEmployee' is clicked on

15-04-2024T17:19:43 - [TEST_STEP][PASSED] - verifyElementText(findTestObject("F_Menu_Admin/title_menu"), "Add Employee"): Actual text and expected text of test object 'Object Repository/F_Menu_Admin/title_menu' are matched.

15-04-2024T17:19:47 - [MESSAGE][PASSED] - Actual text and expected text of test object 'Object Repository/F_Menu_Admin/title_menu' are matched.

15-04-2024T17:19:47 - [TEST_STEP][PASSED] - delay(3): Delayed 3 second(s)

15-04-2024T17:19:50 - [MESSAGE][PASSED] - Delayed 3 second(s)]]></system-out>
         <system-err><![CDATA[]]></system-err>
      </testcase>
      <testcase name="Test Cases/Menu_PIM/Navigate_PIM_EmployeeList" time="127.13" classname="Test Cases/Menu_PIM/Navigate_PIM_EmployeeList" status="PASSED">
         <system-out><![CDATA[15-04-2024T17:19:50 - [TEST_CASE][PASSED] - Test Cases/Menu_PIM/Navigate_PIM_EmployeeList: Test Cases/Menu_PIM/Navigate_PIM_EmployeeList

15-04-2024T17:19:50 - [TEST_STEP][PASSED] - callTestCase(findTestCase("Login/Login_Success"), [:], STOP_ON_FAILURE): Call Test Case 'Test Cases/Login/Login_Success' successfully

15-04-2024T17:19:50 - [TEST_CASE][PASSED] - Test Cases/Login/Login_Success: Test Cases/Login/Login_Success

15-04-2024T17:19:50 - [TEST_STEP][PASSED] - openBrowser(""): Browser is opened with url: ''

15-04-2024T17:19:50 - [MESSAGE][WARNING] - A browser is already opened. Closing browser and opening a new one

15-04-2024T17:19:52 - [MESSAGE][INFO] - User set preference: ['os', 'windows']

15-04-2024T17:19:52 - [MESSAGE][INFO] - User set preference: ['browserName', 'chrome']

15-04-2024T17:19:52 - [MESSAGE][INFO] - User set preference: ['browserVersion', '122']

15-04-2024T17:19:52 - [MESSAGE][INFO] - User set preference: ['katalon:option', '{organizationId=1440491, tunnelId=089e9986-4e53-4d94-90e3-bc3ef7aaa670, usingTunnel=true}']

15-04-2024T17:19:52 - [MESSAGE][INFO] - Connecting to remote web server 'testcloud.katalon.com/hub' with type 'Selenium'

15-04-2024T17:19:52 - [MESSAGE][INFO] - Action delay is set to 1,000 milliseconds

15-04-2024T17:20:33 - [MESSAGE][PASSED] - Browser is opened with url: ''

15-04-2024T17:20:33 - [TEST_STEP][PASSED] - navigateToUrl(url_login): Navigate to 'https://opensource-demo.orangehrmlive.com/web/index.php/auth/login' successfully

15-04-2024T17:20:50 - [MESSAGE][PASSED] - Navigate to 'https://opensource-demo.orangehrmlive.com/web/index.php/auth/login' successfully

15-04-2024T17:20:50 - [TEST_STEP][PASSED] - delay(3): Delayed 3 second(s)

15-04-2024T17:20:53 - [MESSAGE][PASSED] - Delayed 3 second(s)

15-04-2024T17:20:53 - [TEST_STEP][PASSED] - takeScreenshotAsCheckpoint("Before Login"): Taking screenshot successfully

15-04-2024T17:20:59 - [MESSAGE][INFO] - 0 hidden object(s)

15-04-2024T17:20:59 - [MESSAGE][PASSED] - Taking screenshot successfully
[[ATTACHMENT|keyes\keyes-Before Login.png]]

15-04-2024T17:20:59 - [TEST_STEP][PASSED] - setText(findTestObject("field_username"), valid_username): Text 'Admin' is set on object 'Object Repository/field_username'

15-04-2024T17:21:09 - [MESSAGE][PASSED] - Text 'Admin' is set on object 'Object Repository/field_username'

15-04-2024T17:21:09 - [TEST_STEP][PASSED] - setText(findTestObject("field_password"), valid_password): Text 'admin123' is set on object 'Object Repository/field_password'

15-04-2024T17:21:18 - [MESSAGE][PASSED] - Text 'admin123' is set on object 'Object Repository/field_password'

15-04-2024T17:21:18 - [TEST_STEP][PASSED] - click(findTestObject("btn_login")): Object: 'Object Repository/btn_login' is clicked on

15-04-2024T17:21:24 - [MESSAGE][PASSED] - Object: 'Object Repository/btn_login' is clicked on

15-04-2024T17:21:24 - [TEST_STEP][PASSED] - delay(5): Delayed 5 second(s)

15-04-2024T17:21:30 - [MESSAGE][PASSED] - Delayed 5 second(s)

15-04-2024T17:21:30 - [TEST_STEP][PASSED] - takeScreenshotAsCheckpoint("After Login"): Taking screenshot successfully

15-04-2024T17:21:35 - [MESSAGE][INFO] - 0 hidden object(s)

15-04-2024T17:21:35 - [MESSAGE][PASSED] - Taking screenshot successfully
[[ATTACHMENT|keyes\keyes-After Login.png]]

15-04-2024T17:21:35 - [MESSAGE][PASSED] - Call Test Case 'Test Cases/Login/Login_Success' successfully

15-04-2024T17:21:35 - [TEST_STEP][PASSED] - delay(3): Delayed 3 second(s)

15-04-2024T17:21:38 - [MESSAGE][PASSED] - Delayed 3 second(s)

15-04-2024T17:21:38 - [TEST_STEP][PASSED] - click(findTestObject("F_Menu_PIM/menu_pim")): Object: 'Object Repository/F_Menu_PIM/menu_pim' is clicked on

15-04-2024T17:21:44 - [MESSAGE][PASSED] - Object: 'Object Repository/F_Menu_PIM/menu_pim' is clicked on

15-04-2024T17:21:44 - [TEST_STEP][PASSED] - click(findTestObject("F_Menu_PIM/tab_employeeList")): Object: 'Object Repository/F_Menu_PIM/tab_employeeList' is clicked on

15-04-2024T17:21:50 - [MESSAGE][PASSED] - Object: 'Object Repository/F_Menu_PIM/tab_employeeList' is clicked on

15-04-2024T17:21:50 - [TEST_STEP][PASSED] - verifyElementText(findTestObject("F_Menu_Admin/title_menuWithFilter"), "Employee Information"): Actual text and expected text of test object 'Object Repository/F_Menu_Admin/title_menuWithFilter' are matched.

15-04-2024T17:21:54 - [MESSAGE][PASSED] - Actual text and expected text of test object 'Object Repository/F_Menu_Admin/title_menuWithFilter' are matched.

15-04-2024T17:21:54 - [TEST_STEP][PASSED] - delay(3): Delayed 3 second(s)

15-04-2024T17:21:57 - [MESSAGE][PASSED] - Delayed 3 second(s)]]></system-out>
         <system-err><![CDATA[]]></system-err>
      </testcase>
      <testcase name="Test Cases/Menu_PIM/Navigate_PIM_OptionalFields" time="126.578" classname="Test Cases/Menu_PIM/Navigate_PIM_OptionalFields" status="PASSED">
         <system-out><![CDATA[15-04-2024T17:21:57 - [TEST_CASE][PASSED] - Test Cases/Menu_PIM/Navigate_PIM_OptionalFields: Test Cases/Menu_PIM/Navigate_PIM_OptionalFields

15-04-2024T17:21:57 - [TEST_STEP][PASSED] - callTestCase(findTestCase("Login/Login_Success"), [:], STOP_ON_FAILURE): Call Test Case 'Test Cases/Login/Login_Success' successfully

15-04-2024T17:21:57 - [TEST_CASE][PASSED] - Test Cases/Login/Login_Success: Test Cases/Login/Login_Success

15-04-2024T17:21:57 - [TEST_STEP][PASSED] - openBrowser(""): Browser is opened with url: ''

15-04-2024T17:21:57 - [MESSAGE][WARNING] - A browser is already opened. Closing browser and opening a new one

15-04-2024T17:21:59 - [MESSAGE][INFO] - User set preference: ['os', 'windows']

15-04-2024T17:21:59 - [MESSAGE][INFO] - User set preference: ['browserName', 'chrome']

15-04-2024T17:21:59 - [MESSAGE][INFO] - User set preference: ['browserVersion', '122']

15-04-2024T17:21:59 - [MESSAGE][INFO] - User set preference: ['katalon:option', '{organizationId=1440491, tunnelId=089e9986-4e53-4d94-90e3-bc3ef7aaa670, usingTunnel=true}']

15-04-2024T17:21:59 - [MESSAGE][INFO] - Connecting to remote web server 'testcloud.katalon.com/hub' with type 'Selenium'

15-04-2024T17:21:59 - [MESSAGE][INFO] - Action delay is set to 1,000 milliseconds

15-04-2024T17:22:37 - [MESSAGE][PASSED] - Browser is opened with url: ''

15-04-2024T17:22:37 - [TEST_STEP][PASSED] - navigateToUrl(url_login): Navigate to 'https://opensource-demo.orangehrmlive.com/web/index.php/auth/login' successfully

15-04-2024T17:22:54 - [MESSAGE][PASSED] - Navigate to 'https://opensource-demo.orangehrmlive.com/web/index.php/auth/login' successfully

15-04-2024T17:22:54 - [TEST_STEP][PASSED] - delay(3): Delayed 3 second(s)

15-04-2024T17:22:57 - [MESSAGE][PASSED] - Delayed 3 second(s)

15-04-2024T17:22:57 - [TEST_STEP][PASSED] - takeScreenshotAsCheckpoint("Before Login"): Taking screenshot successfully

15-04-2024T17:23:02 - [MESSAGE][INFO] - 0 hidden object(s)

15-04-2024T17:23:03 - [MESSAGE][PASSED] - Taking screenshot successfully
[[ATTACHMENT|keyes\keyes-Before Login.png]]

15-04-2024T17:23:03 - [TEST_STEP][PASSED] - setText(findTestObject("field_username"), valid_username): Text 'Admin' is set on object 'Object Repository/field_username'

15-04-2024T17:23:12 - [MESSAGE][PASSED] - Text 'Admin' is set on object 'Object Repository/field_username'

15-04-2024T17:23:12 - [TEST_STEP][PASSED] - setText(findTestObject("field_password"), valid_password): Text 'admin123' is set on object 'Object Repository/field_password'

15-04-2024T17:23:21 - [MESSAGE][PASSED] - Text 'admin123' is set on object 'Object Repository/field_password'

15-04-2024T17:23:21 - [TEST_STEP][PASSED] - click(findTestObject("btn_login")): Object: 'Object Repository/btn_login' is clicked on

15-04-2024T17:23:26 - [MESSAGE][PASSED] - Object: 'Object Repository/btn_login' is clicked on

15-04-2024T17:23:26 - [TEST_STEP][PASSED] - delay(5): Delayed 5 second(s)

15-04-2024T17:23:31 - [MESSAGE][PASSED] - Delayed 5 second(s)

15-04-2024T17:23:31 - [TEST_STEP][PASSED] - takeScreenshotAsCheckpoint("After Login"): Taking screenshot successfully

15-04-2024T17:23:37 - [MESSAGE][INFO] - 0 hidden object(s)

15-04-2024T17:23:38 - [MESSAGE][PASSED] - Taking screenshot successfully
[[ATTACHMENT|keyes\keyes-After Login.png]]

15-04-2024T17:23:38 - [MESSAGE][PASSED] - Call Test Case 'Test Cases/Login/Login_Success' successfully

15-04-2024T17:23:38 - [TEST_STEP][PASSED] - delay(3): Delayed 3 second(s)

15-04-2024T17:23:41 - [MESSAGE][PASSED] - Delayed 3 second(s)

15-04-2024T17:23:41 - [TEST_STEP][PASSED] - click(findTestObject("F_Menu_PIM/menu_pim")): Object: 'Object Repository/F_Menu_PIM/menu_pim' is clicked on

15-04-2024T17:23:47 - [MESSAGE][PASSED] - Object: 'Object Repository/F_Menu_PIM/menu_pim' is clicked on

15-04-2024T17:23:47 - [TEST_STEP][PASSED] - click(findTestObject("F_Menu_PIM/tab_configuration")): Object: 'Object Repository/F_Menu_PIM/tab_configuration' is clicked on

15-04-2024T17:23:52 - [MESSAGE][PASSED] - Object: 'Object Repository/F_Menu_PIM/tab_configuration' is clicked on

15-04-2024T17:23:52 - [TEST_STEP][PASSED] - click(findTestObject("F_Menu_PIM/select_optionalFields")): Object: 'Object Repository/F_Menu_PIM/select_optionalFields' is clicked on

15-04-2024T17:23:57 - [MESSAGE][PASSED] - Object: 'Object Repository/F_Menu_PIM/select_optionalFields' is clicked on

15-04-2024T17:23:57 - [TEST_STEP][PASSED] - verifyElementText(findTestObject("F_Menu_PIM/title_menu_pim"), "Optional Fields"): Actual text and expected text of test object 'Object Repository/F_Menu_PIM/title_menu_pim' are matched.

15-04-2024T17:24:01 - [MESSAGE][PASSED] - Actual text and expected text of test object 'Object Repository/F_Menu_PIM/title_menu_pim' are matched.

15-04-2024T17:24:01 - [TEST_STEP][PASSED] - delay(3): Delayed 3 second(s)

15-04-2024T17:24:04 - [MESSAGE][PASSED] - Delayed 3 second(s)]]></system-out>
         <system-err><![CDATA[]]></system-err>
      </testcase>
      <testcase name="Test Cases/Menu_PIM/Navigate_PIM_Report" time="126.725" classname="Test Cases/Menu_PIM/Navigate_PIM_Report" status="PASSED">
         <system-out><![CDATA[15-04-2024T17:24:04 - [TEST_CASE][PASSED] - Test Cases/Menu_PIM/Navigate_PIM_Report: Test Cases/Menu_PIM/Navigate_PIM_Report

15-04-2024T17:24:04 - [TEST_STEP][PASSED] - callTestCase(findTestCase("Login/Login_Success"), [:], STOP_ON_FAILURE): Call Test Case 'Test Cases/Login/Login_Success' successfully

15-04-2024T17:24:04 - [TEST_CASE][PASSED] - Test Cases/Login/Login_Success: Test Cases/Login/Login_Success

15-04-2024T17:24:04 - [TEST_STEP][PASSED] - openBrowser(""): Browser is opened with url: ''

15-04-2024T17:24:04 - [MESSAGE][WARNING] - A browser is already opened. Closing browser and opening a new one

15-04-2024T17:24:05 - [MESSAGE][INFO] - User set preference: ['os', 'windows']

15-04-2024T17:24:05 - [MESSAGE][INFO] - User set preference: ['browserName', 'chrome']

15-04-2024T17:24:05 - [MESSAGE][INFO] - User set preference: ['browserVersion', '122']

15-04-2024T17:24:05 - [MESSAGE][INFO] - User set preference: ['katalon:option', '{organizationId=1440491, tunnelId=089e9986-4e53-4d94-90e3-bc3ef7aaa670, usingTunnel=true}']

15-04-2024T17:24:05 - [MESSAGE][INFO] - Connecting to remote web server 'testcloud.katalon.com/hub' with type 'Selenium'

15-04-2024T17:24:05 - [MESSAGE][INFO] - Action delay is set to 1,000 milliseconds

15-04-2024T17:24:48 - [MESSAGE][PASSED] - Browser is opened with url: ''

15-04-2024T17:24:48 - [TEST_STEP][PASSED] - navigateToUrl(url_login): Navigate to 'https://opensource-demo.orangehrmlive.com/web/index.php/auth/login' successfully

15-04-2024T17:25:01 - [MESSAGE][PASSED] - Navigate to 'https://opensource-demo.orangehrmlive.com/web/index.php/auth/login' successfully

15-04-2024T17:25:01 - [TEST_STEP][PASSED] - delay(3): Delayed 3 second(s)

15-04-2024T17:25:04 - [MESSAGE][PASSED] - Delayed 3 second(s)

15-04-2024T17:25:04 - [TEST_STEP][PASSED] - takeScreenshotAsCheckpoint("Before Login"): Taking screenshot successfully

15-04-2024T17:25:10 - [MESSAGE][INFO] - 0 hidden object(s)

15-04-2024T17:25:10 - [MESSAGE][PASSED] - Taking screenshot successfully
[[ATTACHMENT|keyes\keyes-Before Login.png]]

15-04-2024T17:25:10 - [TEST_STEP][PASSED] - setText(findTestObject("field_username"), valid_username): Text 'Admin' is set on object 'Object Repository/field_username'

15-04-2024T17:25:20 - [MESSAGE][PASSED] - Text 'Admin' is set on object 'Object Repository/field_username'

15-04-2024T17:25:20 - [TEST_STEP][PASSED] - setText(findTestObject("field_password"), valid_password): Text 'admin123' is set on object 'Object Repository/field_password'

15-04-2024T17:25:30 - [MESSAGE][PASSED] - Text 'admin123' is set on object 'Object Repository/field_password'

15-04-2024T17:25:30 - [TEST_STEP][PASSED] - click(findTestObject("btn_login")): Object: 'Object Repository/btn_login' is clicked on

15-04-2024T17:25:37 - [MESSAGE][PASSED] - Object: 'Object Repository/btn_login' is clicked on

15-04-2024T17:25:37 - [TEST_STEP][PASSED] - delay(5): Delayed 5 second(s)

15-04-2024T17:25:42 - [MESSAGE][PASSED] - Delayed 5 second(s)

15-04-2024T17:25:42 - [TEST_STEP][PASSED] - takeScreenshotAsCheckpoint("After Login"): Taking screenshot successfully

15-04-2024T17:25:48 - [MESSAGE][INFO] - 0 hidden object(s)

15-04-2024T17:25:48 - [MESSAGE][PASSED] - Taking screenshot successfully
[[ATTACHMENT|keyes\keyes-After Login.png]]

15-04-2024T17:25:48 - [MESSAGE][PASSED] - Call Test Case 'Test Cases/Login/Login_Success' successfully

15-04-2024T17:25:48 - [TEST_STEP][PASSED] - delay(3): Delayed 3 second(s)

15-04-2024T17:25:51 - [MESSAGE][PASSED] - Delayed 3 second(s)

15-04-2024T17:25:51 - [TEST_STEP][PASSED] - click(findTestObject("F_Menu_PIM/menu_pim")): Object: 'Object Repository/F_Menu_PIM/menu_pim' is clicked on

15-04-2024T17:25:57 - [MESSAGE][PASSED] - Object: 'Object Repository/F_Menu_PIM/menu_pim' is clicked on

15-04-2024T17:25:57 - [TEST_STEP][PASSED] - click(findTestObject("F_Menu_PIM/tab_reports")): Object: 'Object Repository/F_Menu_PIM/tab_reports' is clicked on

15-04-2024T17:26:04 - [MESSAGE][PASSED] - Object: 'Object Repository/F_Menu_PIM/tab_reports' is clicked on

15-04-2024T17:26:04 - [TEST_STEP][PASSED] - verifyElementText(findTestObject("F_Menu_Admin/title_menuWithFilter"), "Employee Reports"): Actual text and expected text of test object 'Object Repository/F_Menu_Admin/title_menuWithFilter' are matched.

15-04-2024T17:26:07 - [MESSAGE][PASSED] - Actual text and expected text of test object 'Object Repository/F_Menu_Admin/title_menuWithFilter' are matched.

15-04-2024T17:26:07 - [TEST_STEP][PASSED] - delay(3): Delayed 3 second(s)

15-04-2024T17:26:10 - [MESSAGE][PASSED] - Delayed 3 second(s)]]></system-out>
         <system-err><![CDATA[]]></system-err>
      </testcase>
      <system-out><![CDATA[15-04-2024T17:17:39 - [TEST_SUITE][PASSED] - TS_MenuPIMs: Test Cases/Menu_PIM/Navigate_PIM_Report]]></system-out>
      <system-err><![CDATA[]]></system-err>
   </testsuite>
</testsuites>
