<?xml version="1.0" encoding="UTF-8"?>
<testsuites name="TS_MenuPIMs" time="153.485" tests="4" failures="0" errors="0">
   <testsuite name="TS_MenuPIMs" tests="4" failures="0" errors="0" time="153.485" skipped="0" timestamp="16-04-2024T08:37:53" hostname="1556 - LAPTOP-PT885S91" id="Test Suites/TS_MenuPIM/TS_MenuPIMs">
      <properties>
         <property name="deviceName" value=""/>
         <property name="devicePlatform" value=""/>
         <property name="logFolder" value="C:\\Users\\1556\\git\\My-First-Web-UI-Project\\Reports\\20240416_083745\\TS_MenuPIM\\TS_MenuPIMs\\20240416_083745"/>
         <property name="logFiles" value="C:\\Users\\1556\\git\\My-First-Web-UI-Project\\Reports\\20240416_083745\\TS_MenuPIM\\TS_MenuPIMs\\20240416_083745\\execution0.log"/>
         <property name="attachments" value="keyes\keyes-Before Login.png, keyes\keyes-After Login.png, keyes\keyes-Before Login.png, keyes\keyes-After Login.png, keyes\keyes-Before Login.png, keyes\keyes-After Login.png, keyes\keyes-Before Login.png, keyes\keyes-After Login.png"/>
         <property name="hostName" value="1556 - LAPTOP-PT885S91"/>
         <property name="os" value="Windows 11 64bit"/>
         <property name="katalonVersion" value="9.3.2.212"/>
         <property name="browser" value="Chrome 123.0.0.0"/>
         <property name="hostAddress" value="192.168.10.35"/>
         <property name="sessionId" value="135074532c9d62f0bc7daae26c2cabd6"/>
         <property name="seleniumVersion" value="3.141.59"/>
         <property name="proxyInformation" value="ProxyInformation { proxyOption=NO_PROXY, proxyServerType=HTTP, username=, password=********, proxyServerAddress=, proxyServerPort=0, executionList=&quot;&quot;, isApplyToDesiredCapabilities=true }"/>
         <property name="platform" value="Windows 11"/>
      </properties>
      <testcase name="Test Cases/Menu_PIM/Navigate_PIM_AddEmployee" time="42.683" classname="Test Cases/Menu_PIM/Navigate_PIM_AddEmployee" status="PASSED">
         <system-out><![CDATA[16-04-2024T08:37:53 - [TEST_CASE][PASSED] - Test Cases/Menu_PIM/Navigate_PIM_AddEmployee: Test Cases/Menu_PIM/Navigate_PIM_AddEmployee

16-04-2024T08:37:54 - [TEST_STEP][PASSED] - callTestCase(findTestCase("Login/Login_Success"), [:], STOP_ON_FAILURE): Call Test Case 'Test Cases/Login/Login_Success' successfully

16-04-2024T08:37:54 - [TEST_CASE][PASSED] - Test Cases/Login/Login_Success: Test Cases/Login/Login_Success

16-04-2024T08:37:54 - [TEST_STEP][PASSED] - openBrowser(""): Browser is opened with url: ''

16-04-2024T08:37:54 - [MESSAGE][INFO] - Starting 'Chrome' driver

16-04-2024T08:37:54 - [MESSAGE][INFO] - User set preference: ['args', '[--start-maximized]']

16-04-2024T08:37:55 - [MESSAGE][INFO] - Action delay is set to 1,000 milliseconds

16-04-2024T08:37:57 - [MESSAGE][PASSED] - Browser is opened with url: ''

16-04-2024T08:37:57 - [TEST_STEP][PASSED] - navigateToUrl(url_login): Navigate to 'https://opensource-demo.orangehrmlive.com/web/index.php/auth/login' successfully

16-04-2024T08:38:07 - [MESSAGE][PASSED] - Navigate to 'https://opensource-demo.orangehrmlive.com/web/index.php/auth/login' successfully

16-04-2024T08:38:07 - [TEST_STEP][PASSED] - delay(3): Delayed 3 second(s)

16-04-2024T08:38:10 - [MESSAGE][PASSED] - Delayed 3 second(s)

16-04-2024T08:38:10 - [TEST_STEP][PASSED] - takeScreenshotAsCheckpoint("Before Login"): Taking screenshot successfully

16-04-2024T08:38:11 - [MESSAGE][INFO] - 0 hidden object(s)

16-04-2024T08:38:11 - [MESSAGE][PASSED] - Taking screenshot successfully
[[ATTACHMENT|keyes\keyes-Before Login.png]]

16-04-2024T08:38:11 - [TEST_STEP][PASSED] - setText(findTestObject("field_username"), valid_username): Text 'Admin' is set on object 'Object Repository/field_username'

16-04-2024T08:38:13 - [MESSAGE][PASSED] - Text 'Admin' is set on object 'Object Repository/field_username'

16-04-2024T08:38:13 - [TEST_STEP][PASSED] - setText(findTestObject("field_password"), valid_password): Text 'admin123' is set on object 'Object Repository/field_password'

16-04-2024T08:38:16 - [MESSAGE][PASSED] - Text 'admin123' is set on object 'Object Repository/field_password'

16-04-2024T08:38:16 - [TEST_STEP][PASSED] - click(findTestObject("btn_login")): Object: 'Object Repository/btn_login' is clicked on

16-04-2024T08:38:19 - [MESSAGE][PASSED] - Object: 'Object Repository/btn_login' is clicked on

16-04-2024T08:38:19 - [TEST_STEP][PASSED] - delay(5): Delayed 5 second(s)

16-04-2024T08:38:24 - [MESSAGE][PASSED] - Delayed 5 second(s)

16-04-2024T08:38:24 - [TEST_STEP][PASSED] - takeScreenshotAsCheckpoint("After Login"): Taking screenshot successfully

16-04-2024T08:38:24 - [MESSAGE][INFO] - 0 hidden object(s)

16-04-2024T08:38:24 - [MESSAGE][PASSED] - Taking screenshot successfully
[[ATTACHMENT|keyes\keyes-After Login.png]]

16-04-2024T08:38:24 - [MESSAGE][PASSED] - Call Test Case 'Test Cases/Login/Login_Success' successfully

16-04-2024T08:38:24 - [TEST_STEP][PASSED] - delay(3): Delayed 3 second(s)

16-04-2024T08:38:27 - [MESSAGE][PASSED] - Delayed 3 second(s)

16-04-2024T08:38:27 - [TEST_STEP][PASSED] - click(findTestObject("F_Menu_PIM/menu_pim")): Object: 'Object Repository/F_Menu_PIM/menu_pim' is clicked on

16-04-2024T08:38:29 - [MESSAGE][PASSED] - Object: 'Object Repository/F_Menu_PIM/menu_pim' is clicked on

16-04-2024T08:38:29 - [TEST_STEP][PASSED] - click(findTestObject("F_Menu_PIM/tab_addEmployee")): Object: 'Object Repository/F_Menu_PIM/tab_addEmployee' is clicked on

16-04-2024T08:38:32 - [MESSAGE][PASSED] - Object: 'Object Repository/F_Menu_PIM/tab_addEmployee' is clicked on

16-04-2024T08:38:32 - [TEST_STEP][PASSED] - verifyElementText(findTestObject("F_Menu_Admin/title_menu"), "Add Employee"): Actual text and expected text of test object 'Object Repository/F_Menu_Admin/title_menu' are matched.

16-04-2024T08:38:33 - [MESSAGE][PASSED] - Actual text and expected text of test object 'Object Repository/F_Menu_Admin/title_menu' are matched.

16-04-2024T08:38:33 - [TEST_STEP][PASSED] - delay(3): Delayed 3 second(s)

16-04-2024T08:38:36 - [MESSAGE][PASSED] - Delayed 3 second(s)]]></system-out>
         <system-err><![CDATA[]]></system-err>
      </testcase>
      <testcase name="Test Cases/Menu_PIM/Navigate_PIM_EmployeeList" time="37.029" classname="Test Cases/Menu_PIM/Navigate_PIM_EmployeeList" status="PASSED">
         <system-out><![CDATA[16-04-2024T08:38:36 - [TEST_CASE][PASSED] - Test Cases/Menu_PIM/Navigate_PIM_EmployeeList: Test Cases/Menu_PIM/Navigate_PIM_EmployeeList

16-04-2024T08:38:36 - [TEST_STEP][PASSED] - callTestCase(findTestCase("Login/Login_Success"), [:], STOP_ON_FAILURE): Call Test Case 'Test Cases/Login/Login_Success' successfully

16-04-2024T08:38:36 - [TEST_CASE][PASSED] - Test Cases/Login/Login_Success: Test Cases/Login/Login_Success

16-04-2024T08:38:36 - [TEST_STEP][PASSED] - openBrowser(""): Browser is opened with url: ''

16-04-2024T08:38:36 - [MESSAGE][WARNING] - A browser is already opened. Closing browser and opening a new one

16-04-2024T08:38:36 - [MESSAGE][INFO] - Starting 'Chrome' driver

16-04-2024T08:38:36 - [MESSAGE][INFO] - User set preference: ['args', '[--start-maximized]']

16-04-2024T08:38:36 - [MESSAGE][INFO] - Action delay is set to 1,000 milliseconds

16-04-2024T08:38:38 - [MESSAGE][PASSED] - Browser is opened with url: ''

16-04-2024T08:38:38 - [TEST_STEP][PASSED] - navigateToUrl(url_login): Navigate to 'https://opensource-demo.orangehrmlive.com/web/index.php/auth/login' successfully

16-04-2024T08:38:45 - [MESSAGE][PASSED] - Navigate to 'https://opensource-demo.orangehrmlive.com/web/index.php/auth/login' successfully

16-04-2024T08:38:45 - [TEST_STEP][PASSED] - delay(3): Delayed 3 second(s)

16-04-2024T08:38:48 - [MESSAGE][PASSED] - Delayed 3 second(s)

16-04-2024T08:38:48 - [TEST_STEP][PASSED] - takeScreenshotAsCheckpoint("Before Login"): Taking screenshot successfully

16-04-2024T08:38:49 - [MESSAGE][INFO] - 0 hidden object(s)

16-04-2024T08:38:49 - [MESSAGE][PASSED] - Taking screenshot successfully
[[ATTACHMENT|keyes\keyes-Before Login.png]]

16-04-2024T08:38:49 - [TEST_STEP][PASSED] - setText(findTestObject("field_username"), valid_username): Text 'Admin' is set on object 'Object Repository/field_username'

16-04-2024T08:38:51 - [MESSAGE][PASSED] - Text 'Admin' is set on object 'Object Repository/field_username'

16-04-2024T08:38:51 - [TEST_STEP][PASSED] - setText(findTestObject("field_password"), valid_password): Text 'admin123' is set on object 'Object Repository/field_password'

16-04-2024T08:38:54 - [MESSAGE][PASSED] - Text 'admin123' is set on object 'Object Repository/field_password'

16-04-2024T08:38:54 - [TEST_STEP][PASSED] - click(findTestObject("btn_login")): Object: 'Object Repository/btn_login' is clicked on

16-04-2024T08:38:55 - [MESSAGE][PASSED] - Object: 'Object Repository/btn_login' is clicked on

16-04-2024T08:38:55 - [TEST_STEP][PASSED] - delay(5): Delayed 5 second(s)

16-04-2024T08:39:00 - [MESSAGE][PASSED] - Delayed 5 second(s)

16-04-2024T08:39:00 - [TEST_STEP][PASSED] - takeScreenshotAsCheckpoint("After Login"): Taking screenshot successfully

16-04-2024T08:39:01 - [MESSAGE][INFO] - 0 hidden object(s)

16-04-2024T08:39:01 - [MESSAGE][PASSED] - Taking screenshot successfully
[[ATTACHMENT|keyes\keyes-After Login.png]]

16-04-2024T08:39:01 - [MESSAGE][PASSED] - Call Test Case 'Test Cases/Login/Login_Success' successfully

16-04-2024T08:39:01 - [TEST_STEP][PASSED] - delay(3): Delayed 3 second(s)

16-04-2024T08:39:04 - [MESSAGE][PASSED] - Delayed 3 second(s)

16-04-2024T08:39:04 - [TEST_STEP][PASSED] - click(findTestObject("F_Menu_PIM/menu_pim")): Object: 'Object Repository/F_Menu_PIM/menu_pim' is clicked on

16-04-2024T08:39:06 - [MESSAGE][PASSED] - Object: 'Object Repository/F_Menu_PIM/menu_pim' is clicked on

16-04-2024T08:39:06 - [TEST_STEP][PASSED] - click(findTestObject("F_Menu_PIM/tab_employeeList")): Object: 'Object Repository/F_Menu_PIM/tab_employeeList' is clicked on

16-04-2024T08:39:09 - [MESSAGE][PASSED] - Object: 'Object Repository/F_Menu_PIM/tab_employeeList' is clicked on

16-04-2024T08:39:09 - [TEST_STEP][PASSED] - verifyElementText(findTestObject("F_Menu_Admin/title_menuWithFilter"), "Employee Information"): Actual text and expected text of test object 'Object Repository/F_Menu_Admin/title_menuWithFilter' are matched.

16-04-2024T08:39:10 - [MESSAGE][PASSED] - Actual text and expected text of test object 'Object Repository/F_Menu_Admin/title_menuWithFilter' are matched.

16-04-2024T08:39:10 - [TEST_STEP][PASSED] - delay(3): Delayed 3 second(s)

16-04-2024T08:39:13 - [MESSAGE][PASSED] - Delayed 3 second(s)]]></system-out>
         <system-err><![CDATA[]]></system-err>
      </testcase>
      <testcase name="Test Cases/Menu_PIM/Navigate_PIM_OptionalFields" time="37.879" classname="Test Cases/Menu_PIM/Navigate_PIM_OptionalFields" status="PASSED">
         <system-out><![CDATA[16-04-2024T08:39:13 - [TEST_CASE][PASSED] - Test Cases/Menu_PIM/Navigate_PIM_OptionalFields: Test Cases/Menu_PIM/Navigate_PIM_OptionalFields

16-04-2024T08:39:13 - [TEST_STEP][PASSED] - callTestCase(findTestCase("Login/Login_Success"), [:], STOP_ON_FAILURE): Call Test Case 'Test Cases/Login/Login_Success' successfully

16-04-2024T08:39:13 - [TEST_CASE][PASSED] - Test Cases/Login/Login_Success: Test Cases/Login/Login_Success

16-04-2024T08:39:13 - [TEST_STEP][PASSED] - openBrowser(""): Browser is opened with url: ''

16-04-2024T08:39:13 - [MESSAGE][WARNING] - A browser is already opened. Closing browser and opening a new one

16-04-2024T08:39:14 - [MESSAGE][INFO] - Starting 'Chrome' driver

16-04-2024T08:39:14 - [MESSAGE][INFO] - User set preference: ['args', '[--start-maximized]']

16-04-2024T08:39:14 - [MESSAGE][INFO] - Action delay is set to 1,000 milliseconds

16-04-2024T08:39:15 - [MESSAGE][PASSED] - Browser is opened with url: ''

16-04-2024T08:39:15 - [TEST_STEP][PASSED] - navigateToUrl(url_login): Navigate to 'https://opensource-demo.orangehrmlive.com/web/index.php/auth/login' successfully

16-04-2024T08:39:21 - [MESSAGE][PASSED] - Navigate to 'https://opensource-demo.orangehrmlive.com/web/index.php/auth/login' successfully

16-04-2024T08:39:21 - [TEST_STEP][PASSED] - delay(3): Delayed 3 second(s)

16-04-2024T08:39:24 - [MESSAGE][PASSED] - Delayed 3 second(s)

16-04-2024T08:39:24 - [TEST_STEP][PASSED] - takeScreenshotAsCheckpoint("Before Login"): Taking screenshot successfully

16-04-2024T08:39:25 - [MESSAGE][INFO] - 0 hidden object(s)

16-04-2024T08:39:25 - [MESSAGE][PASSED] - Taking screenshot successfully
[[ATTACHMENT|keyes\keyes-Before Login.png]]

16-04-2024T08:39:25 - [TEST_STEP][PASSED] - setText(findTestObject("field_username"), valid_username): Text 'Admin' is set on object 'Object Repository/field_username'

16-04-2024T08:39:28 - [MESSAGE][PASSED] - Text 'Admin' is set on object 'Object Repository/field_username'

16-04-2024T08:39:28 - [TEST_STEP][PASSED] - setText(findTestObject("field_password"), valid_password): Text 'admin123' is set on object 'Object Repository/field_password'

16-04-2024T08:39:30 - [MESSAGE][PASSED] - Text 'admin123' is set on object 'Object Repository/field_password'

16-04-2024T08:39:30 - [TEST_STEP][PASSED] - click(findTestObject("btn_login")): Object: 'Object Repository/btn_login' is clicked on

16-04-2024T08:39:32 - [MESSAGE][PASSED] - Object: 'Object Repository/btn_login' is clicked on

16-04-2024T08:39:32 - [TEST_STEP][PASSED] - delay(5): Delayed 5 second(s)

16-04-2024T08:39:37 - [MESSAGE][PASSED] - Delayed 5 second(s)

16-04-2024T08:39:37 - [TEST_STEP][PASSED] - takeScreenshotAsCheckpoint("After Login"): Taking screenshot successfully

16-04-2024T08:39:37 - [MESSAGE][INFO] - 0 hidden object(s)

16-04-2024T08:39:37 - [MESSAGE][PASSED] - Taking screenshot successfully
[[ATTACHMENT|keyes\keyes-After Login.png]]

16-04-2024T08:39:37 - [MESSAGE][PASSED] - Call Test Case 'Test Cases/Login/Login_Success' successfully

16-04-2024T08:39:37 - [TEST_STEP][PASSED] - delay(3): Delayed 3 second(s)

16-04-2024T08:39:40 - [MESSAGE][PASSED] - Delayed 3 second(s)

16-04-2024T08:39:40 - [TEST_STEP][PASSED] - click(findTestObject("F_Menu_PIM/menu_pim")): Object: 'Object Repository/F_Menu_PIM/menu_pim' is clicked on

16-04-2024T08:39:42 - [MESSAGE][PASSED] - Object: 'Object Repository/F_Menu_PIM/menu_pim' is clicked on

16-04-2024T08:39:42 - [TEST_STEP][PASSED] - click(findTestObject("F_Menu_PIM/tab_configuration")): Object: 'Object Repository/F_Menu_PIM/tab_configuration' is clicked on

16-04-2024T08:39:45 - [MESSAGE][PASSED] - Object: 'Object Repository/F_Menu_PIM/tab_configuration' is clicked on

16-04-2024T08:39:45 - [TEST_STEP][PASSED] - click(findTestObject("F_Menu_PIM/select_optionalFields")): Object: 'Object Repository/F_Menu_PIM/select_optionalFields' is clicked on

16-04-2024T08:39:47 - [MESSAGE][PASSED] - Object: 'Object Repository/F_Menu_PIM/select_optionalFields' is clicked on

16-04-2024T08:39:47 - [TEST_STEP][PASSED] - verifyElementText(findTestObject("F_Menu_PIM/title_menu_pim"), "Optional Fields"): Actual text and expected text of test object 'Object Repository/F_Menu_PIM/title_menu_pim' are matched.

16-04-2024T08:39:48 - [MESSAGE][PASSED] - Actual text and expected text of test object 'Object Repository/F_Menu_PIM/title_menu_pim' are matched.

16-04-2024T08:39:48 - [TEST_STEP][PASSED] - delay(3): Delayed 3 second(s)

16-04-2024T08:39:51 - [MESSAGE][PASSED] - Delayed 3 second(s)]]></system-out>
         <system-err><![CDATA[]]></system-err>
      </testcase>
      <testcase name="Test Cases/Menu_PIM/Navigate_PIM_Report" time="35.619" classname="Test Cases/Menu_PIM/Navigate_PIM_Report" status="PASSED">
         <system-out><![CDATA[16-04-2024T08:39:51 - [TEST_CASE][PASSED] - Test Cases/Menu_PIM/Navigate_PIM_Report: Test Cases/Menu_PIM/Navigate_PIM_Report

16-04-2024T08:39:51 - [TEST_STEP][PASSED] - callTestCase(findTestCase("Login/Login_Success"), [:], STOP_ON_FAILURE): Call Test Case 'Test Cases/Login/Login_Success' successfully

16-04-2024T08:39:51 - [TEST_CASE][PASSED] - Test Cases/Login/Login_Success: Test Cases/Login/Login_Success

16-04-2024T08:39:51 - [TEST_STEP][PASSED] - openBrowser(""): Browser is opened with url: ''

16-04-2024T08:39:51 - [MESSAGE][WARNING] - A browser is already opened. Closing browser and opening a new one

16-04-2024T08:39:51 - [MESSAGE][INFO] - Starting 'Chrome' driver

16-04-2024T08:39:51 - [MESSAGE][INFO] - User set preference: ['args', '[--start-maximized]']

16-04-2024T08:39:51 - [MESSAGE][INFO] - Action delay is set to 1,000 milliseconds

16-04-2024T08:39:52 - [MESSAGE][PASSED] - Browser is opened with url: ''

16-04-2024T08:39:52 - [TEST_STEP][PASSED] - navigateToUrl(url_login): Navigate to 'https://opensource-demo.orangehrmlive.com/web/index.php/auth/login' successfully

16-04-2024T08:39:59 - [MESSAGE][PASSED] - Navigate to 'https://opensource-demo.orangehrmlive.com/web/index.php/auth/login' successfully

16-04-2024T08:39:59 - [TEST_STEP][PASSED] - delay(3): Delayed 3 second(s)

16-04-2024T08:40:02 - [MESSAGE][PASSED] - Delayed 3 second(s)

16-04-2024T08:40:02 - [TEST_STEP][PASSED] - takeScreenshotAsCheckpoint("Before Login"): Taking screenshot successfully

16-04-2024T08:40:02 - [MESSAGE][INFO] - 0 hidden object(s)

16-04-2024T08:40:03 - [MESSAGE][PASSED] - Taking screenshot successfully
[[ATTACHMENT|keyes\keyes-Before Login.png]]

16-04-2024T08:40:03 - [TEST_STEP][PASSED] - setText(findTestObject("field_username"), valid_username): Text 'Admin' is set on object 'Object Repository/field_username'

16-04-2024T08:40:05 - [MESSAGE][PASSED] - Text 'Admin' is set on object 'Object Repository/field_username'

16-04-2024T08:40:05 - [TEST_STEP][PASSED] - setText(findTestObject("field_password"), valid_password): Text 'admin123' is set on object 'Object Repository/field_password'

16-04-2024T08:40:08 - [MESSAGE][PASSED] - Text 'admin123' is set on object 'Object Repository/field_password'

16-04-2024T08:40:08 - [TEST_STEP][PASSED] - click(findTestObject("btn_login")): Object: 'Object Repository/btn_login' is clicked on

16-04-2024T08:40:09 - [MESSAGE][PASSED] - Object: 'Object Repository/btn_login' is clicked on

16-04-2024T08:40:09 - [TEST_STEP][PASSED] - delay(5): Delayed 5 second(s)

16-04-2024T08:40:14 - [MESSAGE][PASSED] - Delayed 5 second(s)

16-04-2024T08:40:14 - [TEST_STEP][PASSED] - takeScreenshotAsCheckpoint("After Login"): Taking screenshot successfully

16-04-2024T08:40:15 - [MESSAGE][INFO] - 0 hidden object(s)

16-04-2024T08:40:15 - [MESSAGE][PASSED] - Taking screenshot successfully
[[ATTACHMENT|keyes\keyes-After Login.png]]

16-04-2024T08:40:15 - [MESSAGE][PASSED] - Call Test Case 'Test Cases/Login/Login_Success' successfully

16-04-2024T08:40:15 - [TEST_STEP][PASSED] - delay(3): Delayed 3 second(s)

16-04-2024T08:40:18 - [MESSAGE][PASSED] - Delayed 3 second(s)

16-04-2024T08:40:18 - [TEST_STEP][PASSED] - click(findTestObject("F_Menu_PIM/menu_pim")): Object: 'Object Repository/F_Menu_PIM/menu_pim' is clicked on

16-04-2024T08:40:20 - [MESSAGE][PASSED] - Object: 'Object Repository/F_Menu_PIM/menu_pim' is clicked on

16-04-2024T08:40:20 - [TEST_STEP][PASSED] - click(findTestObject("F_Menu_PIM/tab_reports")): Object: 'Object Repository/F_Menu_PIM/tab_reports' is clicked on

16-04-2024T08:40:22 - [MESSAGE][PASSED] - Object: 'Object Repository/F_Menu_PIM/tab_reports' is clicked on

16-04-2024T08:40:22 - [TEST_STEP][PASSED] - verifyElementText(findTestObject("F_Menu_Admin/title_menuWithFilter"), "Employee Reports"): Actual text and expected text of test object 'Object Repository/F_Menu_Admin/title_menuWithFilter' are matched.

16-04-2024T08:40:24 - [MESSAGE][PASSED] - Actual text and expected text of test object 'Object Repository/F_Menu_Admin/title_menuWithFilter' are matched.

16-04-2024T08:40:24 - [TEST_STEP][PASSED] - delay(3): Delayed 3 second(s)

16-04-2024T08:40:27 - [MESSAGE][PASSED] - Delayed 3 second(s)]]></system-out>
         <system-err><![CDATA[]]></system-err>
      </testcase>
      <system-out><![CDATA[16-04-2024T08:37:53 - [TEST_SUITE][PASSED] - TS_MenuPIMs: Test Cases/Menu_PIM/Navigate_PIM_Report]]></system-out>
      <system-err><![CDATA[]]></system-err>
   </testsuite>
</testsuites>
