<?xml version="1.0" encoding="UTF-8"?>
<testsuites name="TS_Reports" time="58.365" tests="1" failures="0" errors="0">
   <testsuite name="TS_Reports" tests="1" failures="0" errors="0" time="58.365" skipped="0" timestamp="16-04-2024T09:40:01" hostname="1556 - LAPTOP-PT885S91" id="Test Suites/TS_MenuPIM/F_Reports/TS_Reports">
      <properties>
         <property name="deviceName" value=""/>
         <property name="devicePlatform" value=""/>
         <property name="logFolder" value="C:\\Users\\1556\\git\\My-First-Web-UI-Project\\Reports\\20240416_093930\\TS_MenuPIM\\F_Reports\\TS_Reports\\20240416_093937"/>
         <property name="logFiles" value="C:\\Users\\1556\\git\\My-First-Web-UI-Project\\Reports\\20240416_093930\\TS_MenuPIM\\F_Reports\\TS_Reports\\20240416_093937\\execution0.log"/>
         <property name="attachments" value="keyes\keyes-Before Login.png, keyes\keyes-After Login.png"/>
         <property name="hostName" value="1556 - LAPTOP-PT885S91"/>
         <property name="os" value="Windows 11 64bit"/>
         <property name="katalonVersion" value="9.3.2.212"/>
         <property name="browser" value="Chrome 123.0.0.0"/>
         <property name="hostAddress" value="192.168.10.35"/>
         <property name="sessionId" value="a46aa88eeb50de73b74f1511f7696662"/>
         <property name="seleniumVersion" value="3.141.59"/>
         <property name="proxyInformation" value="ProxyInformation { proxyOption=NO_PROXY, proxyServerType=HTTP, username=, password=********, proxyServerAddress=, proxyServerPort=0, executionList=&quot;&quot;, isApplyToDesiredCapabilities=true }"/>
         <property name="platform" value="Windows 11"/>
      </properties>
      <testcase name="Test Cases/Menu_PIM/Navigate_Report" time="58.093" classname="Test Cases/Menu_PIM/Navigate_Report" status="PASSED">
         <system-out><![CDATA[16-04-2024T09:40:01 - [TEST_CASE][PASSED] - Test Cases/Menu_PIM/Navigate_Report: Test Cases/Menu_PIM/Navigate_Report

16-04-2024T09:40:01 - [TEST_STEP][PASSED] - callTestCase(findTestCase("Login/Login_Success"), [:], STOP_ON_FAILURE): Call Test Case 'Test Cases/Login/Login_Success' successfully

16-04-2024T09:40:02 - [TEST_CASE][PASSED] - Test Cases/Login/Login_Success: Test Cases/Login/Login_Success

16-04-2024T09:40:02 - [TEST_STEP][PASSED] - openBrowser(""): Browser is opened with url: ''

16-04-2024T09:40:03 - [MESSAGE][INFO] - Starting 'Chrome' driver

16-04-2024T09:40:03 - [MESSAGE][INFO] - User set preference: ['args', '[--start-maximized]']

16-04-2024T09:40:03 - [MESSAGE][INFO] - Action delay is set to 1,000 milliseconds

16-04-2024T09:40:06 - [MESSAGE][PASSED] - Browser is opened with url: ''

16-04-2024T09:40:06 - [TEST_STEP][PASSED] - navigateToUrl(url_login): Navigate to 'https://opensource-demo.orangehrmlive.com/web/index.php/auth/login' successfully

16-04-2024T09:40:30 - [MESSAGE][PASSED] - Navigate to 'https://opensource-demo.orangehrmlive.com/web/index.php/auth/login' successfully

16-04-2024T09:40:30 - [TEST_STEP][PASSED] - delay(3): Delayed 3 second(s)

16-04-2024T09:40:33 - [MESSAGE][PASSED] - Delayed 3 second(s)

16-04-2024T09:40:33 - [TEST_STEP][PASSED] - takeScreenshotAsCheckpoint("Before Login"): Taking screenshot successfully

16-04-2024T09:40:33 - [MESSAGE][INFO] - 0 hidden object(s)

16-04-2024T09:40:33 - [MESSAGE][PASSED] - Taking screenshot successfully
[[ATTACHMENT|keyes\keyes-Before Login.png]]

16-04-2024T09:40:33 - [TEST_STEP][PASSED] - setText(findTestObject("field_username"), valid_username): Text 'Admin' is set on object 'Object Repository/field_username'

16-04-2024T09:40:36 - [MESSAGE][PASSED] - Text 'Admin' is set on object 'Object Repository/field_username'

16-04-2024T09:40:36 - [TEST_STEP][PASSED] - setText(findTestObject("field_password"), valid_password): Text 'admin123' is set on object 'Object Repository/field_password'

16-04-2024T09:40:39 - [MESSAGE][PASSED] - Text 'admin123' is set on object 'Object Repository/field_password'

16-04-2024T09:40:39 - [TEST_STEP][PASSED] - click(findTestObject("btn_login")): Object: 'Object Repository/btn_login' is clicked on

16-04-2024T09:40:41 - [MESSAGE][PASSED] - Object: 'Object Repository/btn_login' is clicked on

16-04-2024T09:40:41 - [TEST_STEP][PASSED] - delay(5): Delayed 5 second(s)

16-04-2024T09:40:47 - [MESSAGE][PASSED] - Delayed 5 second(s)

16-04-2024T09:40:47 - [TEST_STEP][PASSED] - takeScreenshotAsCheckpoint("After Login"): Taking screenshot successfully

16-04-2024T09:40:47 - [MESSAGE][INFO] - 0 hidden object(s)

16-04-2024T09:40:47 - [MESSAGE][PASSED] - Taking screenshot successfully
[[ATTACHMENT|keyes\keyes-After Login.png]]

16-04-2024T09:40:47 - [MESSAGE][PASSED] - Call Test Case 'Test Cases/Login/Login_Success' successfully

16-04-2024T09:40:47 - [TEST_STEP][PASSED] - delay(3): Delayed 3 second(s)

16-04-2024T09:40:50 - [MESSAGE][PASSED] - Delayed 3 second(s)

16-04-2024T09:40:50 - [TEST_STEP][PASSED] - click(findTestObject("F_Menu_PIM/menu_pim")): Object: 'Object Repository/F_Menu_PIM/menu_pim' is clicked on

16-04-2024T09:40:52 - [MESSAGE][PASSED] - Object: 'Object Repository/F_Menu_PIM/menu_pim' is clicked on

16-04-2024T09:40:52 - [TEST_STEP][PASSED] - click(findTestObject("F_Menu_PIM/tab_reports")): Object: 'Object Repository/F_Menu_PIM/tab_reports' is clicked on

16-04-2024T09:40:55 - [MESSAGE][PASSED] - Object: 'Object Repository/F_Menu_PIM/tab_reports' is clicked on

16-04-2024T09:40:55 - [TEST_STEP][PASSED] - verifyElementText(findTestObject("F_Menu_Admin/title_menuWithFilter"), "Employee Reports"): Actual text and expected text of test object 'Object Repository/F_Menu_Admin/title_menuWithFilter' are matched.

16-04-2024T09:40:56 - [MESSAGE][PASSED] - Actual text and expected text of test object 'Object Repository/F_Menu_Admin/title_menuWithFilter' are matched.

16-04-2024T09:40:56 - [TEST_STEP][PASSED] - delay(3): Delayed 3 second(s)

16-04-2024T09:40:59 - [MESSAGE][PASSED] - Delayed 3 second(s)]]></system-out>
         <system-err><![CDATA[]]></system-err>
      </testcase>
      <system-out><![CDATA[16-04-2024T09:40:01 - [TEST_SUITE][PASSED] - TS_Reports: Test Cases/Menu_PIM/Navigate_Report]]></system-out>
      <system-err><![CDATA[]]></system-err>
   </testsuite>
</testsuites>
