<?xml version="1.0" encoding="UTF-8"?>
<testsuites name="TS_Qualifications_Memberships" time="73.48" tests="1" failures="0" errors="0">
   <testsuite name="TS_Qualifications_Memberships" tests="1" failures="0" errors="0" time="73.48" skipped="0" timestamp="15-04-2024T15:00:42" hostname="1556 - LAPTOP-PT885S91" id="Test Suites/TS_MenuAdmin/F_Qualifications/TS_Qualifications_Memberships">
      <properties>
         <property name="deviceName" value=""/>
         <property name="devicePlatform" value=""/>
         <property name="logFolder" value="C:\\Users\\1556\\git\\My-First-Web-UI-Project\\Reports\\20240415_145727\\TS_MenuAdmin\\F_Qualifications\\TS_Qualifications_Memberships\\20240415_145750"/>
         <property name="logFiles" value="C:\\Users\\1556\\git\\My-First-Web-UI-Project\\Reports\\20240415_145727\\TS_MenuAdmin\\F_Qualifications\\TS_Qualifications_Memberships\\20240415_145750\\execution0.log"/>
         <property name="attachments" value="keyes\keyes-Before Login.png, keyes\keyes-After Login.png"/>
         <property name="hostName" value="1556 - LAPTOP-PT885S91"/>
         <property name="os" value="Windows 11 64bit"/>
         <property name="katalonVersion" value="9.3.2.212"/>
         <property name="browser" value="Chrome 123.0.0.0"/>
         <property name="hostAddress" value="192.168.10.35"/>
         <property name="sessionId" value="5643b7ba67d4b52a6f7909e2ab03305a"/>
         <property name="seleniumVersion" value="3.141.59"/>
         <property name="proxyInformation" value="ProxyInformation { proxyOption=NO_PROXY, proxyServerType=HTTP, username=, password=********, proxyServerAddress=, proxyServerPort=0, executionList=&quot;&quot;, isApplyToDesiredCapabilities=true }"/>
         <property name="platform" value="Windows 11"/>
      </properties>
      <testcase name="Test Cases/Menu_Admin/Navigate_Qualification_Memberships" time="73.225" classname="Test Cases/Menu_Admin/Navigate_Qualification_Memberships" status="PASSED">
         <system-out><![CDATA[15-04-2024T15:00:42 - [TEST_CASE][PASSED] - Test Cases/Menu_Admin/Navigate_Qualification_Memberships: Test Cases/Menu_Admin/Navigate_Qualification_Memberships

15-04-2024T15:00:42 - [TEST_STEP][PASSED] - callTestCase(findTestCase("Login/Login_Success"), [:], STOP_ON_FAILURE): Call Test Case 'Test Cases/Login/Login_Success' successfully

15-04-2024T15:00:43 - [TEST_CASE][PASSED] - Test Cases/Login/Login_Success: Test Cases/Login/Login_Success

15-04-2024T15:00:43 - [TEST_STEP][PASSED] - openBrowser(""): Browser is opened with url: ''

15-04-2024T15:00:43 - [MESSAGE][INFO] - Starting 'Chrome' driver

15-04-2024T15:00:43 - [MESSAGE][INFO] - User set preference: ['args', '[--start-maximized]']

15-04-2024T15:00:43 - [MESSAGE][INFO] - Action delay is set to 1,000 milliseconds

15-04-2024T15:00:46 - [MESSAGE][PASSED] - Browser is opened with url: ''

15-04-2024T15:00:46 - [TEST_STEP][PASSED] - navigateToUrl(url_login): Navigate to 'https://opensource-demo.orangehrmlive.com/web/index.php/auth/login' successfully

15-04-2024T15:00:49 - [MESSAGE][PASSED] - Navigate to 'https://opensource-demo.orangehrmlive.com/web/index.php/auth/login' successfully

15-04-2024T15:00:49 - [TEST_STEP][PASSED] - delay(3): Delayed 3 second(s)

15-04-2024T15:00:52 - [MESSAGE][PASSED] - Delayed 3 second(s)

15-04-2024T15:00:52 - [TEST_STEP][PASSED] - takeScreenshotAsCheckpoint("Before Login"): Taking screenshot successfully

15-04-2024T15:01:26 - [MESSAGE][INFO] - 0 hidden object(s)

15-04-2024T15:01:27 - [MESSAGE][PASSED] - Taking screenshot successfully
[[ATTACHMENT|keyes\keyes-Before Login.png]]

15-04-2024T15:01:27 - [TEST_STEP][PASSED] - setText(findTestObject("field_username"), valid_username): Text 'Admin' is set on object 'Object Repository/field_username'

15-04-2024T15:01:29 - [MESSAGE][PASSED] - Text 'Admin' is set on object 'Object Repository/field_username'

15-04-2024T15:01:29 - [TEST_STEP][PASSED] - setText(findTestObject("field_password"), valid_password): Text 'admin123' is set on object 'Object Repository/field_password'

15-04-2024T15:01:32 - [MESSAGE][PASSED] - Text 'admin123' is set on object 'Object Repository/field_password'

15-04-2024T15:01:32 - [TEST_STEP][PASSED] - click(findTestObject("btn_login")): Object: 'Object Repository/btn_login' is clicked on

15-04-2024T15:01:35 - [MESSAGE][PASSED] - Object: 'Object Repository/btn_login' is clicked on

15-04-2024T15:01:35 - [TEST_STEP][PASSED] - delay(5): Delayed 5 second(s)

15-04-2024T15:01:40 - [MESSAGE][PASSED] - Delayed 5 second(s)

15-04-2024T15:01:40 - [TEST_STEP][PASSED] - takeScreenshotAsCheckpoint("After Login"): Taking screenshot successfully

15-04-2024T15:01:40 - [MESSAGE][INFO] - 0 hidden object(s)

15-04-2024T15:01:40 - [MESSAGE][PASSED] - Taking screenshot successfully
[[ATTACHMENT|keyes\keyes-After Login.png]]

15-04-2024T15:01:40 - [MESSAGE][PASSED] - Call Test Case 'Test Cases/Login/Login_Success' successfully

15-04-2024T15:01:40 - [TEST_STEP][PASSED] - delay(3): Delayed 3 second(s)

15-04-2024T15:01:43 - [MESSAGE][PASSED] - Delayed 3 second(s)

15-04-2024T15:01:43 - [TEST_STEP][PASSED] - click(findTestObject("F_Menu_Admin/menu_admin")): Object: 'Object Repository/F_Menu_Admin/menu_admin' is clicked on

15-04-2024T15:01:46 - [MESSAGE][PASSED] - Object: 'Object Repository/F_Menu_Admin/menu_admin' is clicked on

15-04-2024T15:01:46 - [TEST_STEP][PASSED] - click(findTestObject("F_Menu_Admin/F_Qualifications/tab_qualifications")): Object: 'Object Repository/F_Menu_Admin/F_Qualifications/tab_qualifications' is clicked on

15-04-2024T15:01:49 - [MESSAGE][PASSED] - Object: 'Object Repository/F_Menu_Admin/F_Qualifications/tab_qualifications' is clicked on

15-04-2024T15:01:49 - [TEST_STEP][PASSED] - click(findTestObject("F_Menu_Admin/F_Qualifications/select_memberships")): Object: 'Object Repository/F_Menu_Admin/F_Qualifications/select_memberships' is clicked on

15-04-2024T15:01:51 - [MESSAGE][PASSED] - Object: 'Object Repository/F_Menu_Admin/F_Qualifications/select_memberships' is clicked on

15-04-2024T15:01:51 - [TEST_STEP][PASSED] - verifyElementText(findTestObject("F_Menu_Admin/title_menu"), "Memberships"): Actual text and expected text of test object 'Object Repository/F_Menu_Admin/title_menu' are matched.

15-04-2024T15:01:52 - [MESSAGE][PASSED] - Actual text and expected text of test object 'Object Repository/F_Menu_Admin/title_menu' are matched.

15-04-2024T15:01:52 - [TEST_STEP][PASSED] - delay(3): Delayed 3 second(s)

15-04-2024T15:01:55 - [MESSAGE][PASSED] - Delayed 3 second(s)]]></system-out>
         <system-err><![CDATA[]]></system-err>
      </testcase>
      <system-out><![CDATA[15-04-2024T15:00:42 - [TEST_SUITE][PASSED] - TS_Qualifications_Memberships: Test Cases/Menu_Admin/Navigate_Qualification_Memberships]]></system-out>
      <system-err><![CDATA[]]></system-err>
   </testsuite>
</testsuites>
