<?xml version="1.0" encoding="UTF-8"?>
<testsuites name="TS_Nationalities" time="43.696" tests="1" failures="0" errors="0">
   <testsuite name="TS_Nationalities" tests="1" failures="0" errors="0" time="43.696" skipped="0" timestamp="05-04-2024T11:14:17" hostname="1556 - LAPTOP-PT885S91" id="Test Suites/TS_MenuAdmin/F_Nationalities/TS_Nationalities">
      <properties>
         <property name="deviceName" value=""/>
         <property name="devicePlatform" value=""/>
         <property name="logFolder" value="C:\\Users\\1556\\Katalon Studio\\My First Web UI Project\\Reports\\20240405_111409\\TS_MenuAdmin\\F_Nationalities\\TS_Nationalities\\20240405_111410"/>
         <property name="logFiles" value="C:\\Users\\1556\\Katalon Studio\\My First Web UI Project\\Reports\\20240405_111409\\TS_MenuAdmin\\F_Nationalities\\TS_Nationalities\\20240405_111410\\execution0.log"/>
         <property name="attachments" value="keyes\keyes-Before Login.png, keyes\keyes-After Login.png"/>
         <property name="hostName" value="1556 - LAPTOP-PT885S91"/>
         <property name="os" value="Windows 11 64bit"/>
         <property name="katalonVersion" value="9.3.2.212"/>
         <property name="browser" value="Chrome 123.0.0.0"/>
         <property name="hostAddress" value="192.168.10.31"/>
         <property name="sessionId" value="88a7fa4e8b8c1fddade24288811cc5d0"/>
         <property name="seleniumVersion" value="3.141.59"/>
         <property name="proxyInformation" value="ProxyInformation { proxyOption=NO_PROXY, proxyServerType=HTTP, username=, password=********, proxyServerAddress=, proxyServerPort=0, executionList=&quot;&quot;, isApplyToDesiredCapabilities=true }"/>
         <property name="platform" value="Windows 11"/>
      </properties>
      <testcase name="Test Cases/Menu_Admin/Navigate_Nationalities" time="43.504" classname="Test Cases/Menu_Admin/Navigate_Nationalities" status="PASSED">
         <system-out><![CDATA[05-04-2024T11:14:18 - [TEST_CASE][PASSED] - Test Cases/Menu_Admin/Navigate_Nationalities: Test Cases/Menu_Admin/Navigate_Nationalities

05-04-2024T11:14:18 - [TEST_STEP][PASSED] - callTestCase(findTestCase("Login/Login_Success"), [:], STOP_ON_FAILURE): Call Test Case 'Test Cases/Login/Login_Success' successfully

05-04-2024T11:14:18 - [TEST_CASE][PASSED] - Test Cases/Login/Login_Success: Test Cases/Login/Login_Success

05-04-2024T11:14:18 - [TEST_STEP][PASSED] - openBrowser(""): Browser is opened with url: ''

05-04-2024T11:14:18 - [MESSAGE][INFO] - Starting 'Chrome' driver

05-04-2024T11:14:18 - [MESSAGE][INFO] - User set preference: ['args', '[--start-maximized]']

05-04-2024T11:14:18 - [MESSAGE][INFO] - Action delay is set to 1,000 milliseconds

05-04-2024T11:14:20 - [MESSAGE][PASSED] - Browser is opened with url: ''

05-04-2024T11:14:20 - [TEST_STEP][PASSED] - navigateToUrl(url_login): Navigate to 'https://opensource-demo.orangehrmlive.com/web/index.php/auth/login' successfully

05-04-2024T11:14:31 - [MESSAGE][PASSED] - Navigate to 'https://opensource-demo.orangehrmlive.com/web/index.php/auth/login' successfully

05-04-2024T11:14:31 - [TEST_STEP][PASSED] - delay(3): Delayed 3 second(s)

05-04-2024T11:14:34 - [MESSAGE][PASSED] - Delayed 3 second(s)

05-04-2024T11:14:34 - [TEST_STEP][PASSED] - takeScreenshotAsCheckpoint("Before Login"): Taking screenshot successfully

05-04-2024T11:14:35 - [MESSAGE][INFO] - 0 hidden object(s)

05-04-2024T11:14:35 - [MESSAGE][PASSED] - Taking screenshot successfully
[[ATTACHMENT|keyes\keyes-Before Login.png]]

05-04-2024T11:14:35 - [TEST_STEP][PASSED] - setText(findTestObject("field_username"), valid_username): Text 'Admin' is set on object 'Object Repository/field_username'

05-04-2024T11:14:38 - [MESSAGE][PASSED] - Text 'Admin' is set on object 'Object Repository/field_username'

05-04-2024T11:14:38 - [TEST_STEP][PASSED] - setText(findTestObject("field_password"), valid_password): Text 'admin123' is set on object 'Object Repository/field_password'

05-04-2024T11:14:41 - [MESSAGE][PASSED] - Text 'admin123' is set on object 'Object Repository/field_password'

05-04-2024T11:14:41 - [TEST_STEP][PASSED] - click(findTestObject("btn_login")): Object: 'Object Repository/btn_login' is clicked on

05-04-2024T11:14:43 - [MESSAGE][PASSED] - Object: 'Object Repository/btn_login' is clicked on

05-04-2024T11:14:43 - [TEST_STEP][PASSED] - delay(5): Delayed 5 second(s)

05-04-2024T11:14:48 - [MESSAGE][PASSED] - Delayed 5 second(s)

05-04-2024T11:14:48 - [TEST_STEP][PASSED] - takeScreenshotAsCheckpoint("After Login"): Taking screenshot successfully

05-04-2024T11:14:49 - [MESSAGE][INFO] - 0 hidden object(s)

05-04-2024T11:14:49 - [MESSAGE][PASSED] - Taking screenshot successfully
[[ATTACHMENT|keyes\keyes-After Login.png]]

05-04-2024T11:14:49 - [MESSAGE][PASSED] - Call Test Case 'Test Cases/Login/Login_Success' successfully

05-04-2024T11:14:49 - [TEST_STEP][PASSED] - delay(3): Delayed 3 second(s)

05-04-2024T11:14:52 - [MESSAGE][PASSED] - Delayed 3 second(s)

05-04-2024T11:14:52 - [TEST_STEP][PASSED] - click(findTestObject("F_Menu_Admin/menu_admin")): Object: 'Object Repository/F_Menu_Admin/menu_admin' is clicked on

05-04-2024T11:14:54 - [MESSAGE][PASSED] - Object: 'Object Repository/F_Menu_Admin/menu_admin' is clicked on

05-04-2024T11:14:54 - [TEST_STEP][PASSED] - click(findTestObject("F_Menu_Admin/F_Nationalities/tab_nationalities")): Object: 'Object Repository/F_Menu_Admin/F_Nationalities/tab_nationalities' is clicked on

05-04-2024T11:14:57 - [MESSAGE][PASSED] - Object: 'Object Repository/F_Menu_Admin/F_Nationalities/tab_nationalities' is clicked on

05-04-2024T11:14:57 - [TEST_STEP][PASSED] - verifyElementText(findTestObject("F_Menu_Admin/title_menu"), "Nationalities"): Actual text and expected text of test object 'Object Repository/F_Menu_Admin/title_menu' are matched.

05-04-2024T11:14:58 - [MESSAGE][PASSED] - Actual text and expected text of test object 'Object Repository/F_Menu_Admin/title_menu' are matched.

05-04-2024T11:14:58 - [TEST_STEP][PASSED] - delay(3): Delayed 3 second(s)

05-04-2024T11:15:01 - [MESSAGE][PASSED] - Delayed 3 second(s)]]></system-out>
         <system-err><![CDATA[]]></system-err>
      </testcase>
      <system-out><![CDATA[05-04-2024T11:14:17 - [TEST_SUITE][PASSED] - TS_Nationalities: Test Cases/Menu_Admin/Navigate_Nationalities]]></system-out>
      <system-err><![CDATA[]]></system-err>
   </testsuite>
</testsuites>
